03:31:11.013 [main                     ] DEBUG Logger               - Configured Logger
03:31:11.032 [main                     ] DEBUG GameApplication      - Logging settings
Title: Untitled
Version: 0.0
Width: 900
Height: 700
Fullscreen: false
Intro: false
Profiling: false
Single step:false
App Mode: DEVELOPER
Menu Key: ESCAPE
Stage Style: DECORATED
Scene Factory: class com.almasb.fxgl.app.scene.SceneFactory

03:31:11.439 [JavaFX Application Thread] DEBUG FXGLApplication      - Initializing FXGL
03:31:11.442 [JavaFX Application Thread] INFO  Engine               - FXGL-17.1 (24.03.2022 17.34) on WINDOWS (J:19.0.2 FX:19-ea)
03:31:11.442 [JavaFX Application Thread] DEBUG Engine               - JRE Vendor Name: Oracle Corporation
03:31:11.442 [JavaFX Application Thread] DEBUG Engine               - Running on OS: Windows 11 version 10.0
03:31:11.442 [JavaFX Application Thread] DEBUG Engine               - Architecture: amd64
03:31:11.442 [JavaFX Application Thread] INFO  Engine               - Source code and latest versions at: https://github.com/AlmasB/FXGL
03:31:11.443 [JavaFX Application Thread] INFO  Engine               -       Ask questions and discuss at: https://github.com/AlmasB/FXGL/discussions
03:31:11.443 [JavaFX Application Thread] INFO  Engine               -              Join the FXGL chat at: https://gitter.im/AlmasB/FXGL
03:31:11.524 [JavaFX Application Thread] DEBUG PrimaryStageWindow   - Creating a JavaFX scene
03:31:11.557 [JavaFX Application Thread] DEBUG PrimaryStageWindow   - Target settings size: 900.0 x 700.0
03:31:11.557 [JavaFX Application Thread] DEBUG PrimaryStageWindow   - Scaled scene size:    900.0 x 700.0
03:31:11.557 [JavaFX Application Thread] DEBUG PrimaryStageWindow   - Scaled ratio: (1.0, 1.0)
03:31:11.558 [JavaFX Application Thread] DEBUG PrimaryStageWindow   - Set initial scene to FXGLStartupScene
03:31:11.564 [JavaFX Application Thread] DEBUG PrimaryStageWindow   - Opening main window
03:31:11.642 [JavaFX Application Thread] DEBUG PrimaryStageWindow   - Window border size: (14.4000244140625, 37.5999755859375)
03:31:11.642 [JavaFX Application Thread] DEBUG PrimaryStageWindow   - Scaled size: 900.0 x 700.0
03:31:11.642 [JavaFX Application Thread] DEBUG PrimaryStageWindow   - Scaled ratio: (1.0, 1.0)
03:31:11.642 [JavaFX Application Thread] DEBUG PrimaryStageWindow   - Scene size: 900.0 x 700.0
03:31:11.643 [JavaFX Application Thread] DEBUG PrimaryStageWindow   - Stage size: 914.4000244140625 x 737.5999755859375
03:31:11.648 [FXGL Background Thread 1 ] DEBUG Engine               - Initializing environment variables
03:31:11.693 [FXGL Background Thread 1 ] DEBUG FXGLAssetLoaderServi - User app class for loading assets: class com.example.tutorial.BasicGameApp
03:31:11.693 [FXGL Background Thread 1 ] DEBUG GameApplicationServi - Applying CSS: fxgl_dark.css
03:31:11.694 [FXGL Background Thread 1 ] DEBUG FXGLAssetLoaderServi - Loading from file system: jar:file:/C:/Users/Alexey/.m2/repository/com/github/almasb/fxgl/17.1/fxgl-17.1.jar!/fxglassets/ui/css/fxgl_dark.css
03:31:11.726 [FXGL Background Thread 1 ] DEBUG GameApplicationServi - Initializing application scenes
03:31:11.773 [FXGL Background Thread 1 ] DEBUG GameWorld            - Game world initialized
03:31:11.822 [FXGL Background Thread 1 ] DEBUG PhysicsWorld         - Physics world initialized: appHeight=700, physics.ppm=50,0
03:31:11.822 [FXGL Background Thread 1 ] DEBUG PhysicsWorld         - Using strategy: BRUTE_FORCE
03:31:11.826 [FXGL Background Thread 1 ] DEBUG GameScene            - Game scene initialized: 900x700
03:31:11.827 [FXGL Background Thread 1 ] DEBUG GameApplicationServi - Application scenes initialized
03:31:11.849 [FXGL Background Thread 1 ] DEBUG SystemBundleService  - Loading FXGL system data
03:31:11.853 [FXGL Background Thread 1 ] DEBUG FileSystemAccess     - Reading from: C:\Users\Alexey\Documents\FPS DAM\Entornos\Project\Testing_with_FXGL\system\fxgl.bundle
03:31:11.862 [FXGL Background Thread 1 ] DEBUG SystemBundleService  - Bundle FXGL: {}
03:31:11.862 [FXGL Background Thread 1 ] DEBUG UpdaterService       - Checking for updates
03:31:11.866 [FXGL Background Thread 4 ] DEBUG FXGLApplication      - Loading fonts
03:31:11.867 [FXGL Background Thread 4 ] DEBUG FXGLAssetLoaderServi - Loading from file system: jar:file:/C:/Users/Alexey/.m2/repository/com/github/almasb/fxgl/17.1/fxgl-17.1.jar!/fxglassets/ui/fonts/VarelaRound-Regular.ttf
03:31:11.867 [FXGL Background Thread 1 ] DEBUG FXGLApplication      - Loading default localization
03:31:11.868 [FXGL Background Thread 1 ] DEBUG FXGLAssetLoaderServi - Loading from file system: jar:file:/C:/Users/Alexey/.m2/repository/com/github/almasb/fxgl/17.1/fxgl-17.1.jar!/fxglassets/languages/english.lang
03:31:11.894 [FXGL Background Thread 1 ] INFO  FXGLApplication      - FXGL initialization took: 0,246 sec
03:31:11.899 [JavaFX Application Thread] DEBUG Input                - Registered new binding: press space - LMB
03:31:11.904 [JavaFX Application Thread] DEBUG Input                - Registered new binding: press esc - Esc
03:31:11.904 [JavaFX Application Thread] DEBUG FXGLAssetLoaderServi - Loading from file system: jar:file:/C:/Users/Alexey/.m2/repository/com/github/almasb/fxgl/17.1/fxgl-17.1.jar!/fxglassets/textures/fxgl_icon.png
03:31:11.920 [FXGL Background Thread 4 ] DEBUG FXGLAssetLoaderServi - Loading from file system: jar:file:/C:/Users/Alexey/.m2/repository/com/github/almasb/fxgl/17.1/fxgl-17.1.jar!/fxglassets/ui/fonts/Abel-Regular.ttf
03:31:11.923 [FXGL Background Thread 4 ] DEBUG FXGLAssetLoaderServi - Loading from file system: jar:file:/C:/Users/Alexey/.m2/repository/com/github/almasb/fxgl/17.1/fxgl-17.1.jar!/fxglassets/ui/fonts/TerminalLandMono-Regular.otf
03:31:11.925 [FXGL Background Thread 4 ] DEBUG FXGLAssetLoaderServi - Loading from file system: jar:file:/C:/Users/Alexey/.m2/repository/com/github/almasb/fxgl/17.1/fxgl-17.1.jar!/fxglassets/ui/fonts/Courier-Prime.ttf
03:31:11.950 [JavaFX Application Thread] DEBUG FXGLAssetLoaderServi - Loading from file system: jar:file:/C:/Users/Alexey/.m2/repository/com/github/almasb/fxgl/17.1/fxgl-17.1.jar!/fxglassets/textures/fxgl_default_cursor.png
03:31:11.951 [JavaFX Application Thread] DEBUG Input                - Registered new binding: Screenshot - CTRL+8
03:31:11.952 [JavaFX Application Thread] DEBUG Input                - Registered new binding: System info dump - CTRL+9
03:31:11.952 [JavaFX Application Thread] DEBUG Input                - Registered new binding: Restart - CTRL+R
03:31:11.954 [JavaFX Application Thread] DEBUG Input                - Registered new binding: Toggle Debug Camera - CTRL+7
03:31:11.959 [JavaFX Application Thread] DEBUG LoopRunner           - Starting loop
03:31:11.959 [JavaFX Application Thread] DEBUG LoopRunner           - Initializing ScheduledExecutorLoop with fps: 60
03:31:11.962 [JavaFX Application Thread] DEBUG GameApplicationServi - Starting new game
03:31:11.963 [JavaFX Application Thread] DEBUG Input                - Clearing active input actions
03:31:11.973 [JavaFX Application Thread] DEBUG GameApplicationServi - Removing overlay from FXGLStartupScene and adding to FXGLLoadingScene
03:31:11.973 [JavaFX Application Thread] DEBUG PrimaryStageWindow   - FXGLStartupScene -> FXGLLoadingScene
03:31:11.973 [JavaFX Application Thread] DEBUG GameApplicationServi - Clearing previous game
03:31:11.973 [JavaFX Application Thread] DEBUG GameScene            - Clearing game scene
03:31:11.973 [JavaFX Application Thread] DEBUG GameWorld            - Clearing game world
03:31:11.973 [JavaFX Application Thread] DEBUG PhysicsWorld         - Clearing physics world
03:31:11.975 [JavaFX Application Thread] DEBUG FXGLApplication      - Registering font factories with UI factory
03:31:11.975 [FXGL Background Thread 4 ] DEBUG FXGLApplication      - Initializing game
03:31:11.979 [FXGL Background Thread 4 ] DEBUG FXGLAssetLoaderServi - Loading from file system: file:/C:/Users/Alexey/Documents/FPS%20DAM/Entornos/Project/Testing_with_FXGL/target/classes/assets/textures/mainScene/background.png
03:31:11.997 [FXGL Background Thread 4 ] DEBUG FXGLAssetLoaderServi - Loading from file system: file:/C:/Users/Alexey/Documents/FPS%20DAM/Entornos/Project/Testing_with_FXGL/target/classes/assets/textures/sheet.png
03:31:12.000 [FXGL Background Thread 4 ] INFO  FXGLApplication      - Game initialization took: 0,025 sec
03:31:12.027 [JavaFX Application Thread] DEBUG Input                - Clearing active input actions
03:31:12.035 [JavaFX Application Thread] DEBUG GameApplicationServi - Removing overlay from FXGLLoadingScene and adding to GameScene
03:31:12.035 [JavaFX Application Thread] DEBUG PrimaryStageWindow   - FXGLLoadingScene -> GameScene
03:31:12.209 [FXGL Background Thread 2 ] INFO  UpdaterService       - Your current version:  17.1
03:31:12.209 [FXGL Background Thread 2 ] INFO  UpdaterService       - Latest stable version: 17.3
03:31:13.100 [JavaFX Application Thread] DEBUG FXGLAssetLoaderServi - Loading from file system: file:/C:/Users/Alexey/Documents/FPS%20DAM/Entornos/Project/Testing_with_FXGL/target/classes/assets/textures/mainScene/axe.png
03:31:13.103 [JavaFX Application Thread] DEBUG FXGLAssetLoaderServi - Loading from file system: file:/C:/Users/Alexey/Documents/FPS%20DAM/Entornos/Project/Testing_with_FXGL/target/classes/assets/textures/mainScene/walkingCat.png
03:31:13.110 [JavaFX Application Thread] DEBUG FXGLAssetLoaderServi - Loading from file system: file:/C:/Users/Alexey/Documents/FPS%20DAM/Entornos/Project/Testing_with_FXGL/target/classes/assets/textures/mainScene/energySet.png
03:31:13.112 [JavaFX Application Thread] DEBUG FXGLAssetLoaderServi - Loading from file system: file:/C:/Users/Alexey/Documents/FPS%20DAM/Entornos/Project/Testing_with_FXGL/target/classes/assets/textures/mainScene/hunger.png
03:31:14.866 [FXGL Background Thread 3 ] DEBUG Engine               - Logging environment variables
03:31:14.867 [FXGL Background Thread 3 ] DEBUG Engine               - achievements: []
03:31:14.867 [FXGL Background Thread 3 ] DEBUG Engine               - actualHeight: 700.0
03:31:14.867 [FXGL Background Thread 3 ] DEBUG Engine               - actualHeightProperty: ReadOnlyDoubleProperty [value: 700.0]
03:31:14.867 [FXGL Background Thread 3 ] DEBUG Engine               - actualWidth: 900.0
03:31:14.867 [FXGL Background Thread 3 ] DEBUG Engine               - actualWidthProperty: ReadOnlyDoubleProperty [value: 900.0]
03:31:14.867 [FXGL Background Thread 3 ] DEBUG Engine               - appIcon: fxgl_icon.png
03:31:14.867 [FXGL Background Thread 3 ] DEBUG Engine               - applicationMode: DEVELOPER
03:31:14.867 [FXGL Background Thread 3 ] DEBUG Engine               - cSSList: [fxgl_dark.css]
03:31:14.867 [FXGL Background Thread 3 ] DEBUG Engine               - collisionDetectionStrategy: BRUTE_FORCE
03:31:14.867 [FXGL Background Thread 3 ] DEBUG Engine               - configClass: Optional.empty
03:31:14.868 [FXGL Background Thread 3 ] DEBUG Engine               - credits: []
03:31:14.870 [FXGL Background Thread 3 ] DEBUG Engine               - defaultCursor: CursorInfo(imageName=fxgl_default_cursor.png, hotspotX=7.0, hotspotY=6.0)
03:31:14.870 [FXGL Background Thread 3 ] DEBUG Engine               - devBBoxColorProperty: ObjectProperty [value: 0xff0000ff]
03:31:14.870 [FXGL Background Thread 3 ] DEBUG Engine               - devEnableDebugCameraProperty: BooleanProperty [value: false]
03:31:14.870 [FXGL Background Thread 3 ] DEBUG Engine               - devSensorColorProperty: ObjectProperty [value: 0xffff00ff]
03:31:14.870 [FXGL Background Thread 3 ] DEBUG Engine               - devShowBBoxProperty: BooleanProperty [value: false]
03:31:14.870 [FXGL Background Thread 3 ] DEBUG Engine               - devShowPositionProperty: BooleanProperty [value: false]
03:31:14.870 [FXGL Background Thread 3 ] DEBUG Engine               - enabledMenuItems: []
03:31:14.870 [FXGL Background Thread 3 ] DEBUG Engine               - engineServices: [class com.almasb.fxgl.app.services.FXGLAssetLoaderService, class com.almasb.fxgl.app.FXGLApplication$GameApplicationService, class com.almasb.fxgl.app.services.FXGLDialogService, class com.almasb.fxgl.app.services.IOTaskExecutorService, class com.almasb.fxgl.io.FileSystemService, class com.almasb.fxgl.localization.LocalizationService, class com.almasb.fxgl.app.services.SystemBundleService, class com.almasb.fxgl.profile.SaveLoadService, class com.almasb.fxgl.ui.FXGLUIFactoryServiceProvider, class com.almasb.fxgl.ui.FXGLDialogFactoryServiceProvider, class com.almasb.fxgl.audio.AudioPlayer, class com.almasb.fxgl.notification.impl.NotificationServiceProvider, class com.almasb.fxgl.achievement.AchievementService, class com.almasb.fxgl.cutscene.CutsceneService, class com.almasb.fxgl.minigames.MiniGameService, class com.almasb.fxgl.net.NetService, class com.almasb.fxgl.app.services.UpdaterService, class com.almasb.fxgl.dev.DevService]
03:31:14.870 [FXGL Background Thread 3 ] DEBUG Engine               - fontGame: Abel-Regular.ttf
03:31:14.870 [FXGL Background Thread 3 ] DEBUG Engine               - fontMono: TerminalLandMono-Regular.otf
03:31:14.870 [FXGL Background Thread 3 ] DEBUG Engine               - fontText: Courier-Prime.ttf
03:31:14.870 [FXGL Background Thread 3 ] DEBUG Engine               - fontUI: VarelaRound-Regular.ttf
03:31:14.870 [FXGL Background Thread 3 ] DEBUG Engine               - fullScreen: BooleanProperty [value: false]
03:31:14.870 [FXGL Background Thread 3 ] DEBUG Engine               - gameDifficulty: MEDIUM
03:31:14.870 [FXGL Background Thread 3 ] DEBUG Engine               - gameDifficultyProperty: ObjectProperty [value: MEDIUM]
03:31:14.870 [FXGL Background Thread 3 ] DEBUG Engine               - globalMusicVolume: 0.5
03:31:14.870 [FXGL Background Thread 3 ] DEBUG Engine               - globalMusicVolumeProperty: DoubleProperty [value: 0.5]
03:31:14.870 [FXGL Background Thread 3 ] DEBUG Engine               - globalSoundVolume: 0.5
03:31:14.870 [FXGL Background Thread 3 ] DEBUG Engine               - globalSoundVolumeProperty: DoubleProperty [value: 0.5]
03:31:14.870 [FXGL Background Thread 3 ] DEBUG Engine               - height: 700
03:31:14.870 [FXGL Background Thread 3 ] DEBUG Engine               - is3D: false
03:31:14.871 [FXGL Background Thread 3 ] DEBUG Engine               - isAndroid: false
03:31:14.871 [FXGL Background Thread 3 ] DEBUG Engine               - isBrowser: false
03:31:14.871 [FXGL Background Thread 3 ] DEBUG Engine               - isClickFeedbackEnabled: false
03:31:14.871 [FXGL Background Thread 3 ] DEBUG Engine               - isCloseConfirmation: false
03:31:14.871 [FXGL Background Thread 3 ] DEBUG Engine               - isDesktop: true
03:31:14.871 [FXGL Background Thread 3 ] DEBUG Engine               - isDeveloperMenuEnabled: false
03:31:14.871 [FXGL Background Thread 3 ] DEBUG Engine               - isEmbedded: false
03:31:14.871 [FXGL Background Thread 3 ] DEBUG Engine               - isEntityPreloadEnabled: true
03:31:14.871 [FXGL Background Thread 3 ] DEBUG Engine               - isExperimentalTiledLargeMap: false
03:31:14.871 [FXGL Background Thread 3 ] DEBUG Engine               - isFileSystemWriteAllowed: true
03:31:14.871 [FXGL Background Thread 3 ] DEBUG Engine               - isFullScreenAllowed: false
03:31:14.871 [FXGL Background Thread 3 ] DEBUG Engine               - isFullScreenFromStart: false
03:31:14.871 [FXGL Background Thread 3 ] DEBUG Engine               - isGameMenuEnabled: false
03:31:14.871 [FXGL Background Thread 3 ] DEBUG Engine               - isIOS: false
03:31:14.871 [FXGL Background Thread 3 ] DEBUG Engine               - isIntroEnabled: false
03:31:14.871 [FXGL Background Thread 3 ] DEBUG Engine               - isLinux: false
03:31:14.871 [FXGL Background Thread 3 ] DEBUG Engine               - isMac: false
03:31:14.871 [FXGL Background Thread 3 ] DEBUG Engine               - isMainMenuEnabled: false
03:31:14.871 [FXGL Background Thread 3 ] DEBUG Engine               - isManualResizeEnabled: false
03:31:14.871 [FXGL Background Thread 3 ] DEBUG Engine               - isMobile: false
03:31:14.871 [FXGL Background Thread 3 ] DEBUG Engine               - isNative: false
03:31:14.871 [FXGL Background Thread 3 ] DEBUG Engine               - isPauseMusicWhenMinimized: true
03:31:14.871 [FXGL Background Thread 3 ] DEBUG Engine               - isPreserveResizeRatio: false
03:31:14.871 [FXGL Background Thread 3 ] DEBUG Engine               - isProfilingEnabled: false
03:31:14.872 [FXGL Background Thread 3 ] DEBUG Engine               - isScaleAffectedOnResize: true
03:31:14.872 [FXGL Background Thread 3 ] DEBUG Engine               - isSingleStep: false
03:31:14.872 [FXGL Background Thread 3 ] DEBUG Engine               - isUserProfileEnabled: false
03:31:14.872 [FXGL Background Thread 3 ] DEBUG Engine               - isWindows: true
03:31:14.872 [FXGL Background Thread 3 ] DEBUG Engine               - language: ObjectProperty [value: ENGLISH]
03:31:14.872 [FXGL Background Thread 3 ] DEBUG Engine               - menuKey: ESCAPE
03:31:14.872 [FXGL Background Thread 3 ] DEBUG Engine               - mouseSensitivity: 0.2
03:31:14.872 [FXGL Background Thread 3 ] DEBUG Engine               - notificationViewClass: class com.almasb.fxgl.notification.view.XboxNotificationView
03:31:14.872 [FXGL Background Thread 3 ] DEBUG Engine               - pixelsPerMeter: 50.0
03:31:14.872 [FXGL Background Thread 3 ] DEBUG Engine               - platform: WINDOWS
03:31:14.872 [FXGL Background Thread 3 ] DEBUG Engine               - prefHeightProperty: ReadOnlyDoubleProperty [value: 700.0]
03:31:14.872 [FXGL Background Thread 3 ] DEBUG Engine               - prefWidthProperty: ReadOnlyDoubleProperty [value: 900.0]
03:31:14.872 [FXGL Background Thread 3 ] DEBUG Engine               - profileDir: profiles/
03:31:14.872 [FXGL Background Thread 3 ] DEBUG Engine               - profileName: StringProperty [value: DEFAULT]
03:31:14.872 [FXGL Background Thread 3 ] DEBUG Engine               - randomSeed: -1
03:31:14.873 [FXGL Background Thread 3 ] DEBUG Engine               - runtimeInfo: RuntimeInfo(platform=WINDOWS, version=17.1, build=24.03.2022 17.34)
03:31:14.873 [FXGL Background Thread 3 ] DEBUG Engine               - saveFileExt: sav
03:31:14.873 [FXGL Background Thread 3 ] DEBUG Engine               - scaledHeightProp$fxgl: DoubleProperty [bound, value: 700.0]
03:31:14.873 [FXGL Background Thread 3 ] DEBUG Engine               - scaledWidthProp$fxgl: DoubleProperty [bound, value: 900.0]
03:31:14.873 [FXGL Background Thread 3 ] DEBUG Engine               - sceneFactory: com.almasb.fxgl.app.scene.SceneFactory@383d2a96
03:31:14.873 [FXGL Background Thread 3 ] DEBUG Engine               - secondsIn24h: 60
03:31:14.873 [FXGL Background Thread 3 ] DEBUG Engine               - soundMenuBack: menu/back.wav
03:31:14.873 [FXGL Background Thread 3 ] DEBUG Engine               - soundMenuPress: menu/press.wav
03:31:14.873 [FXGL Background Thread 3 ] DEBUG Engine               - soundMenuSelect: menu/select.wav
03:31:14.873 [FXGL Background Thread 3 ] DEBUG Engine               - soundNotification: core/notification.wav
03:31:14.873 [FXGL Background Thread 3 ] DEBUG Engine               - stageStyle: DECORATED
03:31:14.873 [FXGL Background Thread 3 ] DEBUG Engine               - supportedLanguages: [ENGLISH, FRENCH, GERMAN, HUNGARIAN, RUSSIAN]
03:31:14.873 [FXGL Background Thread 3 ] DEBUG Engine               - ticksPerSecond: 60
03:31:14.873 [FXGL Background Thread 3 ] DEBUG Engine               - title: Untitled
03:31:14.873 [FXGL Background Thread 3 ] DEBUG Engine               - urlGithub: https://github.com/AlmasB/FXGL
03:31:14.874 [FXGL Background Thread 3 ] DEBUG Engine               - urlLeaderboard: http://fxgl-top.herokuapp.com/
03:31:14.874 [FXGL Background Thread 3 ] DEBUG Engine               - urlPOM: https://raw.githubusercontent.com/AlmasB/FXGL/release/README.md
03:31:14.874 [FXGL Background Thread 3 ] DEBUG Engine               - userAppClass: class com.example.tutorial.BasicGameApp
03:31:14.874 [FXGL Background Thread 3 ] DEBUG Engine               - version: 0.0
03:31:14.874 [FXGL Background Thread 3 ] DEBUG Engine               - versionCheckDays: 7
03:31:14.874 [FXGL Background Thread 3 ] DEBUG Engine               - width: 900
03:31:14.874 [FXGL Background Thread 3 ] DEBUG Engine               - Logging services
03:31:14.874 [FXGL Background Thread 3 ] DEBUG Engine               - class com.almasb.fxgl.app.services.FXGLAssetLoaderService
03:31:14.874 [FXGL Background Thread 3 ] DEBUG Engine               - class com.almasb.fxgl.app.FXGLApplication$GameApplicationService
03:31:14.874 [FXGL Background Thread 3 ] DEBUG Engine               - class com.almasb.fxgl.app.services.FXGLDialogService
03:31:14.874 [FXGL Background Thread 3 ] DEBUG Engine               - class com.almasb.fxgl.app.services.IOTaskExecutorService
03:31:14.874 [FXGL Background Thread 3 ] DEBUG Engine               - class com.almasb.fxgl.io.FileSystemService
03:31:14.874 [FXGL Background Thread 3 ] DEBUG Engine               - class com.almasb.fxgl.localization.LocalizationService
03:31:14.874 [FXGL Background Thread 3 ] DEBUG Engine               - class com.almasb.fxgl.app.services.SystemBundleService
03:31:14.874 [FXGL Background Thread 3 ] DEBUG Engine               - class com.almasb.fxgl.profile.SaveLoadService
03:31:14.874 [FXGL Background Thread 3 ] DEBUG Engine               - class com.almasb.fxgl.ui.FXGLUIFactoryServiceProvider
03:31:14.874 [FXGL Background Thread 3 ] DEBUG Engine               - class com.almasb.fxgl.ui.FXGLDialogFactoryServiceProvider
03:31:14.874 [FXGL Background Thread 3 ] DEBUG Engine               - class com.almasb.fxgl.audio.AudioPlayer
03:31:14.874 [FXGL Background Thread 3 ] DEBUG Engine               - class com.almasb.fxgl.notification.impl.NotificationServiceProvider
03:31:14.874 [FXGL Background Thread 3 ] DEBUG Engine               - class com.almasb.fxgl.achievement.AchievementService
03:31:14.874 [FXGL Background Thread 3 ] DEBUG Engine               - class com.almasb.fxgl.cutscene.CutsceneService
03:31:14.874 [FXGL Background Thread 3 ] DEBUG Engine               - class com.almasb.fxgl.minigames.MiniGameService
03:31:14.874 [FXGL Background Thread 3 ] DEBUG Engine               - class com.almasb.fxgl.net.NetService
03:31:14.874 [FXGL Background Thread 3 ] DEBUG Engine               - class com.almasb.fxgl.app.services.UpdaterService
03:31:14.874 [FXGL Background Thread 3 ] DEBUG Engine               - class com.almasb.fxgl.dev.DevService
03:31:16.797 [JavaFX Application Thread] DEBUG LoopRunner           - Stopping loop
03:31:16.798 [JavaFX Application Thread] FATAL FXGLApplication      - Uncaught Exception:
java.lang.NullPointerException: Cannot invoke "javafx.scene.text.Text.setVisible(boolean)" because "this.days" is null
	at com.example.tutorial.MainScene.MainScene.setMainSceneInvisible(MainScene.java:245)
	at com.example.tutorial.MainScene.MainScene.mainSceneUpdate(MainScene.java:127)
	at com.example.tutorial.MainScene.MainScene.update(MainScene.java:82)
	at com.example.tutorial.BasicGameApp.onUpdate(BasicGameApp.java:79)
	at com.almasb.fxgl.app.FXGLApplication$GameApplicationService.onGameUpdate(FXGLApplication.kt:421)
	at com.almasb.fxgl.app.Engine.onGameUpdate(Engine.kt:138)
	at com.almasb.fxgl.app.FXGLApplication.postServicesInit$lambda-7(FXGLApplication.kt:182)
	at com.almasb.fxgl.scene.Scene.update(Scene.kt:113)
	at com.almasb.fxgl.app.MainWindow$update$1.invoke(MainWindow.kt:115)
	at com.almasb.fxgl.app.MainWindow$update$1.invoke(MainWindow.kt:115)
	at com.almasb.fxgl.core.fsm.StateMachine.runOnActiveStates(StateMachine.kt:69)
	at com.almasb.fxgl.app.MainWindow.update(MainWindow.kt:115)
	at com.almasb.fxgl.app.FXGLApplication$GameApplicationService.onUpdate(FXGLApplication.kt:426)
	at com.almasb.fxgl.app.Engine.loop(Engine.kt:134)
	at com.almasb.fxgl.app.Engine.access$loop(Engine.kt:24)
	at com.almasb.fxgl.app.Engine$loop$1.invoke(Engine.kt:28)
	at com.almasb.fxgl.app.Engine$loop$1.invoke(Engine.kt:28)
	at com.almasb.fxgl.app.LoopRunner.frame(LoopRunner.kt:103)
	at com.almasb.fxgl.app.LoopRunner.access$frame(LoopRunner.kt:23)
	at com.almasb.fxgl.app.LoopRunner$impl$2$2.onTick(LoopRunner.kt:64)
	at com.almasb.fxgl.app.ScheduledExecutorLoop.start$lambda-1$lambda-0(LoopRunner.kt:170)
	at com.sun.javafx.application.PlatformImpl.lambda$runLater$10(PlatformImpl.java:457)
	at java.base/java.security.AccessController.doPrivileged(AccessController.java:399)
	at com.sun.javafx.application.PlatformImpl.lambda$runLater$11(PlatformImpl.java:456)
	at com.sun.glass.ui.InvokeLaterDispatcher$Future.run(InvokeLaterDispatcher.java:96)
	at com.sun.glass.ui.win.WinApplication._runLoop(Native Method)
	at com.sun.glass.ui.win.WinApplication.lambda$runLoop$3(WinApplication.java:184)
	at java.base/java.lang.Thread.run(Thread.java:1589)

03:31:16.800 [JavaFX Application Thread] FATAL FXGLApplication      - Application will now exit
03:31:16.814 [JavaFX Application Thread] DEBUG PrimaryStageWindow   - Push state: ErrorSubScene
03:31:16.816 [JavaFX Application Thread] DEBUG Input                - Clearing active input actions
03:31:16.819 [JavaFX Application Thread] DEBUG GameApplicationServi - Removing overlay from GameScene and adding to ErrorSubScene
03:31:16.819 [JavaFX Application Thread] DEBUG PrimaryStageWindow   - GameScene -> ErrorSubScene
03:31:19.420 [JavaFX Application Thread] DEBUG FXGLApplication      - Exiting FXGL
03:31:19.420 [JavaFX Application Thread] DEBUG Async                - Shutting down background threads
03:31:19.421 [JavaFX Application Thread] DEBUG PrimaryStageWindow   - Closing main window
03:31:19.434 [JavaFX Application Thread] DEBUG Logger               - Closing Logger
