20:27:57.912 [main                     ] DEBUG Logger               - Configured Logger
20:27:57.933 [main                     ] DEBUG GameApplication      - Logging settings
Title: Untitled
Version: 0.0
Width: 900
Height: 700
Fullscreen: false
Intro: false
Profiling: false
Single step:false
App Mode: DEVELOPER
Menu Key: ESCAPE
Stage Style: DECORATED
Scene Factory: class com.almasb.fxgl.app.scene.SceneFactory

20:27:58.548 [JavaFX Application Thread] DEBUG FXGLApplication      - Initializing FXGL
20:27:58.551 [JavaFX Application Thread] INFO  Engine               - FXGL-17.1 (24.03.2022 17.34) on WINDOWS (J:19.0.1 FX:19-ea)
20:27:58.551 [JavaFX Application Thread] DEBUG Engine               - JRE Vendor Name: Oracle Corporation
20:27:58.551 [JavaFX Application Thread] DEBUG Engine               - Running on OS: Windows 11 version 10.0
20:27:58.551 [JavaFX Application Thread] DEBUG Engine               - Architecture: amd64
20:27:58.551 [JavaFX Application Thread] INFO  Engine               - Source code and latest versions at: https://github.com/AlmasB/FXGL
20:27:58.551 [JavaFX Application Thread] INFO  Engine               -       Ask questions and discuss at: https://github.com/AlmasB/FXGL/discussions
20:27:58.552 [JavaFX Application Thread] INFO  Engine               -              Join the FXGL chat at: https://gitter.im/AlmasB/FXGL
20:27:58.628 [JavaFX Application Thread] DEBUG PrimaryStageWindow   - Creating a JavaFX scene
20:27:58.668 [JavaFX Application Thread] DEBUG PrimaryStageWindow   - Target settings size: 900.0 x 700.0
20:27:58.668 [JavaFX Application Thread] DEBUG PrimaryStageWindow   - Scaled scene size:    900.0 x 700.0
20:27:58.670 [JavaFX Application Thread] DEBUG PrimaryStageWindow   - Scaled ratio: (1.0, 1.0)
20:27:58.670 [JavaFX Application Thread] DEBUG PrimaryStageWindow   - Set initial scene to FXGLStartupScene
20:27:58.675 [JavaFX Application Thread] DEBUG PrimaryStageWindow   - Opening main window
20:27:58.742 [JavaFX Application Thread] DEBUG PrimaryStageWindow   - Window border size: (14.4000244140625, 37.5999755859375)
20:27:58.742 [JavaFX Application Thread] DEBUG PrimaryStageWindow   - Scaled size: 900.0 x 700.0
20:27:58.743 [JavaFX Application Thread] DEBUG PrimaryStageWindow   - Scaled ratio: (1.0, 1.0)
20:27:58.743 [JavaFX Application Thread] DEBUG PrimaryStageWindow   - Scene size: 900.0 x 700.0
20:27:58.743 [JavaFX Application Thread] DEBUG PrimaryStageWindow   - Stage size: 914.4000244140625 x 737.5999755859375
20:27:58.749 [FXGL Background Thread 1 ] DEBUG Engine               - Initializing environment variables
20:27:58.800 [FXGL Background Thread 1 ] DEBUG FXGLAssetLoaderServi - User app class for loading assets: class com.example.tutorial.BasicGameApp
20:27:58.800 [FXGL Background Thread 1 ] DEBUG GameApplicationServi - Applying CSS: fxgl_dark.css
20:27:58.801 [FXGL Background Thread 1 ] DEBUG FXGLAssetLoaderServi - Loading from file system: jar:file:/C:/Users/Alexey/.m2/repository/com/github/almasb/fxgl/17.1/fxgl-17.1.jar!/fxglassets/ui/css/fxgl_dark.css
20:27:58.833 [FXGL Background Thread 1 ] DEBUG GameApplicationServi - Initializing application scenes
20:27:58.875 [FXGL Background Thread 1 ] DEBUG GameWorld            - Game world initialized
20:27:58.932 [FXGL Background Thread 1 ] DEBUG PhysicsWorld         - Physics world initialized: appHeight=700, physics.ppm=50,0
20:27:58.932 [FXGL Background Thread 1 ] DEBUG PhysicsWorld         - Using strategy: BRUTE_FORCE
20:27:58.936 [FXGL Background Thread 1 ] DEBUG GameScene            - Game scene initialized: 900x700
20:27:58.952 [FXGL Background Thread 1 ] DEBUG FXGL.DefaultMenu     - createMenuBodyGameMenu()
20:27:58.964 [FXGL Background Thread 1 ] DEBUG FXGL.DefaultMenu     - createOptionsMenu()
20:27:58.972 [FXGL Background Thread 1 ] DEBUG FXGLAssetLoaderServi - Loading from file system: jar:file:/C:/Users/Alexey/.m2/repository/com/github/almasb/fxgl/17.1/fxgl-17.1.jar!/fxglassets/textures/particles/smoke.png
20:27:59.070 [FXGL Background Thread 1 ] DEBUG FXGLAssetLoaderServi - Loading from file system: jar:file:/C:/Users/Alexey/.m2/repository/com/github/almasb/fxgl/17.1/fxgl-17.1.jar!/fxglassets/textures/particles/trace_horizontal.png
20:27:59.093 [FXGL Background Thread 1 ] DEBUG GameApplicationServi - Application scenes initialized
20:27:59.109 [FXGL Background Thread 1 ] DEBUG SystemBundleService  - Loading FXGL system data
20:27:59.112 [FXGL Background Thread 1 ] DEBUG FileSystemAccess     - Reading from: C:\Users\Alexey\IdeaProjects\Testing_with_FXGL\system\fxgl.bundle
20:27:59.119 [FXGL Background Thread 1 ] DEBUG SystemBundleService  - Bundle FXGL: {}
20:27:59.120 [FXGL Background Thread 1 ] DEBUG UpdaterService       - Checking for updates
20:27:59.123 [FXGL Background Thread 4 ] DEBUG FXGLApplication      - Loading fonts
20:27:59.123 [FXGL Background Thread 4 ] DEBUG FXGLAssetLoaderServi - Loading from file system: jar:file:/C:/Users/Alexey/.m2/repository/com/github/almasb/fxgl/17.1/fxgl-17.1.jar!/fxglassets/ui/fonts/VarelaRound-Regular.ttf
20:27:59.123 [FXGL Background Thread 1 ] DEBUG FXGLApplication      - Loading default localization
20:27:59.124 [FXGL Background Thread 1 ] DEBUG FXGLAssetLoaderServi - Loading from file system: jar:file:/C:/Users/Alexey/.m2/repository/com/github/almasb/fxgl/17.1/fxgl-17.1.jar!/fxglassets/languages/english.lang
20:27:59.175 [FXGL Background Thread 1 ] INFO  FXGLApplication      - FXGL initialization took: 0,426 sec
20:27:59.176 [JavaFX Application Thread] DEBUG FXGLAssetLoaderServi - Loading from file system: jar:file:/C:/Users/Alexey/.m2/repository/com/github/almasb/fxgl/17.1/fxgl-17.1.jar!/fxglassets/textures/fxgl_icon.png
20:27:59.176 [FXGL Background Thread 4 ] DEBUG FXGLAssetLoaderServi - Loading from file system: jar:file:/C:/Users/Alexey/.m2/repository/com/github/almasb/fxgl/17.1/fxgl-17.1.jar!/fxglassets/ui/fonts/Abel-Regular.ttf
20:27:59.178 [FXGL Background Thread 4 ] DEBUG FXGLAssetLoaderServi - Loading from file system: jar:file:/C:/Users/Alexey/.m2/repository/com/github/almasb/fxgl/17.1/fxgl-17.1.jar!/fxglassets/ui/fonts/TerminalLandMono-Regular.otf
20:27:59.180 [FXGL Background Thread 4 ] DEBUG FXGLAssetLoaderServi - Loading from file system: jar:file:/C:/Users/Alexey/.m2/repository/com/github/almasb/fxgl/17.1/fxgl-17.1.jar!/fxglassets/ui/fonts/Courier-Prime.ttf
20:27:59.193 [JavaFX Application Thread] DEBUG FXGLAssetLoaderServi - Loading from file system: jar:file:/C:/Users/Alexey/.m2/repository/com/github/almasb/fxgl/17.1/fxgl-17.1.jar!/fxglassets/textures/fxgl_default_cursor.png
20:27:59.208 [JavaFX Application Thread] DEBUG Input                - Registered new binding: Screenshot - CTRL+8
20:27:59.209 [JavaFX Application Thread] DEBUG Input                - Registered new binding: System info dump - CTRL+9
20:27:59.209 [JavaFX Application Thread] DEBUG Input                - Registered new binding: Restart - CTRL+R
20:27:59.211 [JavaFX Application Thread] DEBUG Input                - Registered new binding: Toggle Debug Camera - CTRL+7
20:27:59.214 [JavaFX Application Thread] DEBUG LoopRunner           - Starting loop
20:27:59.215 [JavaFX Application Thread] DEBUG LoopRunner           - Initializing ScheduledExecutorLoop with fps: 30
20:27:59.217 [JavaFX Application Thread] DEBUG GameApplicationServi - Starting new game
20:27:59.218 [JavaFX Application Thread] DEBUG Input                - Clearing active input actions
20:27:59.227 [JavaFX Application Thread] DEBUG GameApplicationServi - Removing overlay from FXGLStartupScene and adding to FXGLLoadingScene
20:27:59.228 [JavaFX Application Thread] DEBUG PrimaryStageWindow   - FXGLStartupScene -> FXGLLoadingScene
20:27:59.228 [JavaFX Application Thread] DEBUG GameApplicationServi - Clearing previous game
20:27:59.228 [JavaFX Application Thread] DEBUG GameScene            - Clearing game scene
20:27:59.228 [JavaFX Application Thread] DEBUG GameWorld            - Clearing game world
20:27:59.228 [JavaFX Application Thread] DEBUG PhysicsWorld         - Clearing physics world
20:27:59.230 [JavaFX Application Thread] DEBUG FXGLApplication      - Registering font factories with UI factory
20:27:59.230 [FXGL Background Thread 4 ] DEBUG FXGLApplication      - Initializing game
20:27:59.236 [FXGL Background Thread 4 ] DEBUG FXGLAssetLoaderServi - Loading from file system: file:/C:/Users/Alexey/IdeaProjects/Testing_with_FXGL/target/classes/assets/textures/fondo.png
20:27:59.258 [FXGL Background Thread 4 ] DEBUG FXGLAssetLoaderServi - Loading from file system: file:/C:/Users/Alexey/IdeaProjects/Testing_with_FXGL/target/classes/assets/textures/mainChar.png
20:27:59.265 [FXGL Background Thread 4 ] INFO  FXGLApplication      - Game initialization took: 0,035 sec
20:27:59.274 [JavaFX Application Thread] DEBUG Input                - Clearing active input actions
20:27:59.289 [JavaFX Application Thread] DEBUG GameApplicationServi - Removing overlay from FXGLLoadingScene and adding to GameScene
20:27:59.289 [JavaFX Application Thread] DEBUG PrimaryStageWindow   - FXGLLoadingScene -> GameScene
20:27:59.873 [FXGL Background Thread 2 ] INFO  UpdaterService       - Your current version:  17.1
20:27:59.874 [FXGL Background Thread 2 ] INFO  UpdaterService       - Latest stable version: 17.2
20:28:01.257 [JavaFX Application Thread] DEBUG FXGLApplication      - Exiting FXGL
20:28:01.259 [JavaFX Application Thread] DEBUG LoopRunner           - Stopping loop
20:28:01.259 [JavaFX Application Thread] DEBUG SystemBundleService  - Saving FXGL system data
20:28:01.261 [JavaFX Application Thread] DEBUG FileSystemAccess     - Writing to: C:\Users\Alexey\IdeaProjects\Testing_with_FXGL\system\fxgl.bundle
20:28:01.264 [JavaFX Application Thread] DEBUG Async                - Shutting down background threads
20:28:01.264 [JavaFX Application Thread] DEBUG PrimaryStageWindow   - Closing main window
20:28:01.276 [JavaFX Application Thread] DEBUG Logger               - Closing Logger
