14:27:05.188 [main                     ] DEBUG Logger               - Configured Logger
14:27:05.205 [main                     ] DEBUG GameApplication      - Logging settings
Title: Untitled
Version: 0.0
Width: 900
Height: 700
Fullscreen: false
Intro: false
Profiling: false
Single step:false
App Mode: DEVELOPER
Menu Key: ESCAPE
Stage Style: DECORATED
Scene Factory: class com.almasb.fxgl.app.scene.SceneFactory

14:27:05.612 [JavaFX Application Thread] DEBUG FXGLApplication      - Initializing FXGL
14:27:05.614 [JavaFX Application Thread] INFO  Engine               - FXGL-17.1 (24.03.2022 17.34) on WINDOWS (J:19.0.1 FX:19-ea)
14:27:05.614 [JavaFX Application Thread] DEBUG Engine               - JRE Vendor Name: Oracle Corporation
14:27:05.615 [JavaFX Application Thread] DEBUG Engine               - Running on OS: Windows 11 version 10.0
14:27:05.615 [JavaFX Application Thread] DEBUG Engine               - Architecture: amd64
14:27:05.615 [JavaFX Application Thread] INFO  Engine               - Source code and latest versions at: https://github.com/AlmasB/FXGL
14:27:05.615 [JavaFX Application Thread] INFO  Engine               -       Ask questions and discuss at: https://github.com/AlmasB/FXGL/discussions
14:27:05.615 [JavaFX Application Thread] INFO  Engine               -              Join the FXGL chat at: https://gitter.im/AlmasB/FXGL
14:27:05.686 [JavaFX Application Thread] DEBUG PrimaryStageWindow   - Creating a JavaFX scene
14:27:05.719 [JavaFX Application Thread] DEBUG PrimaryStageWindow   - Target settings size: 900.0 x 700.0
14:27:05.719 [JavaFX Application Thread] DEBUG PrimaryStageWindow   - Scaled scene size:    900.0 x 700.0
14:27:05.719 [JavaFX Application Thread] DEBUG PrimaryStageWindow   - Scaled ratio: (1.0, 1.0)
14:27:05.720 [JavaFX Application Thread] DEBUG PrimaryStageWindow   - Set initial scene to FXGLStartupScene
14:27:05.725 [JavaFX Application Thread] DEBUG PrimaryStageWindow   - Opening main window
14:27:05.796 [JavaFX Application Thread] DEBUG PrimaryStageWindow   - Window border size: (14.4000244140625, 37.5999755859375)
14:27:05.796 [JavaFX Application Thread] DEBUG PrimaryStageWindow   - Scaled size: 900.0 x 700.0
14:27:05.796 [JavaFX Application Thread] DEBUG PrimaryStageWindow   - Scaled ratio: (1.0, 1.0)
14:27:05.797 [JavaFX Application Thread] DEBUG PrimaryStageWindow   - Scene size: 900.0 x 700.0
14:27:05.797 [JavaFX Application Thread] DEBUG PrimaryStageWindow   - Stage size: 914.4000244140625 x 737.5999755859375
14:27:05.802 [FXGL Background Thread 1 ] DEBUG Engine               - Initializing environment variables
14:27:05.847 [FXGL Background Thread 1 ] DEBUG FXGLAssetLoaderServi - User app class for loading assets: class com.example.tutorial.BasicGameApp
14:27:05.847 [FXGL Background Thread 1 ] DEBUG GameApplicationServi - Applying CSS: fxgl_dark.css
14:27:05.848 [FXGL Background Thread 1 ] DEBUG FXGLAssetLoaderServi - Loading from file system: jar:file:/C:/Users/Alexey/.m2/repository/com/github/almasb/fxgl/17.1/fxgl-17.1.jar!/fxglassets/ui/css/fxgl_dark.css
14:27:05.876 [FXGL Background Thread 1 ] DEBUG GameApplicationServi - Initializing application scenes
14:27:05.922 [FXGL Background Thread 1 ] DEBUG GameWorld            - Game world initialized
14:27:05.971 [FXGL Background Thread 1 ] DEBUG PhysicsWorld         - Physics world initialized: appHeight=700, physics.ppm=50,0
14:27:05.971 [FXGL Background Thread 1 ] DEBUG PhysicsWorld         - Using strategy: BRUTE_FORCE
14:27:05.974 [FXGL Background Thread 1 ] DEBUG GameScene            - Game scene initialized: 900x700
14:27:05.983 [FXGL Background Thread 1 ] DEBUG FXGL.DefaultMenu     - createMenuBodyGameMenu()
14:27:05.995 [FXGL Background Thread 1 ] DEBUG FXGL.DefaultMenu     - createOptionsMenu()
14:27:06.003 [FXGL Background Thread 1 ] DEBUG FXGLAssetLoaderServi - Loading from file system: jar:file:/C:/Users/Alexey/.m2/repository/com/github/almasb/fxgl/17.1/fxgl-17.1.jar!/fxglassets/textures/particles/smoke.png
14:27:06.100 [FXGL Background Thread 1 ] DEBUG FXGLAssetLoaderServi - Loading from file system: jar:file:/C:/Users/Alexey/.m2/repository/com/github/almasb/fxgl/17.1/fxgl-17.1.jar!/fxglassets/textures/particles/trace_horizontal.png
14:27:06.120 [FXGL Background Thread 1 ] DEBUG GameApplicationServi - Application scenes initialized
14:27:06.132 [FXGL Background Thread 1 ] DEBUG SystemBundleService  - Loading FXGL system data
14:27:06.135 [FXGL Background Thread 1 ] DEBUG FileSystemAccess     - Reading from: C:\Users\Alexey\IdeaProjects\Testing_with_FXGL\system\fxgl.bundle
14:27:06.141 [FXGL Background Thread 1 ] DEBUG SystemBundleService  - Bundle FXGL: {}
14:27:06.141 [FXGL Background Thread 1 ] DEBUG UpdaterService       - Checking for updates
14:27:06.144 [FXGL Background Thread 4 ] DEBUG FXGLApplication      - Loading fonts
14:27:06.145 [FXGL Background Thread 4 ] DEBUG FXGLAssetLoaderServi - Loading from file system: jar:file:/C:/Users/Alexey/.m2/repository/com/github/almasb/fxgl/17.1/fxgl-17.1.jar!/fxglassets/ui/fonts/VarelaRound-Regular.ttf
14:27:06.145 [FXGL Background Thread 1 ] DEBUG FXGLApplication      - Loading default localization
14:27:06.146 [FXGL Background Thread 1 ] DEBUG FXGLAssetLoaderServi - Loading from file system: jar:file:/C:/Users/Alexey/.m2/repository/com/github/almasb/fxgl/17.1/fxgl-17.1.jar!/fxglassets/languages/english.lang
14:27:06.189 [FXGL Background Thread 1 ] INFO  FXGLApplication      - FXGL initialization took: 0,387 sec
14:27:06.190 [JavaFX Application Thread] DEBUG FXGLAssetLoaderServi - Loading from file system: jar:file:/C:/Users/Alexey/.m2/repository/com/github/almasb/fxgl/17.1/fxgl-17.1.jar!/fxglassets/textures/fxgl_icon.png
14:27:06.198 [FXGL Background Thread 4 ] DEBUG FXGLAssetLoaderServi - Loading from file system: jar:file:/C:/Users/Alexey/.m2/repository/com/github/almasb/fxgl/17.1/fxgl-17.1.jar!/fxglassets/ui/fonts/Abel-Regular.ttf
14:27:06.200 [FXGL Background Thread 4 ] DEBUG FXGLAssetLoaderServi - Loading from file system: jar:file:/C:/Users/Alexey/.m2/repository/com/github/almasb/fxgl/17.1/fxgl-17.1.jar!/fxglassets/ui/fonts/TerminalLandMono-Regular.otf
14:27:06.202 [FXGL Background Thread 4 ] DEBUG FXGLAssetLoaderServi - Loading from file system: jar:file:/C:/Users/Alexey/.m2/repository/com/github/almasb/fxgl/17.1/fxgl-17.1.jar!/fxglassets/ui/fonts/Courier-Prime.ttf
14:27:06.207 [JavaFX Application Thread] DEBUG FXGLAssetLoaderServi - Loading from file system: jar:file:/C:/Users/Alexey/.m2/repository/com/github/almasb/fxgl/17.1/fxgl-17.1.jar!/fxglassets/textures/fxgl_default_cursor.png
14:27:06.222 [JavaFX Application Thread] DEBUG Input                - Registered new binding: Screenshot - CTRL+8
14:27:06.222 [JavaFX Application Thread] DEBUG Input                - Registered new binding: System info dump - CTRL+9
14:27:06.224 [JavaFX Application Thread] DEBUG Input                - Registered new binding: Restart - CTRL+R
14:27:06.225 [JavaFX Application Thread] DEBUG Input                - Registered new binding: Toggle Debug Camera - CTRL+7
14:27:06.228 [JavaFX Application Thread] DEBUG LoopRunner           - Starting loop
14:27:06.228 [JavaFX Application Thread] DEBUG LoopRunner           - Initializing ScheduledExecutorLoop with fps: 30
14:27:06.229 [JavaFX Application Thread] DEBUG GameApplicationServi - Starting new game
14:27:06.230 [JavaFX Application Thread] DEBUG Input                - Clearing active input actions
14:27:06.240 [JavaFX Application Thread] DEBUG GameApplicationServi - Removing overlay from FXGLStartupScene and adding to FXGLLoadingScene
14:27:06.240 [JavaFX Application Thread] DEBUG PrimaryStageWindow   - FXGLStartupScene -> FXGLLoadingScene
14:27:06.240 [JavaFX Application Thread] DEBUG GameApplicationServi - Clearing previous game
14:27:06.240 [JavaFX Application Thread] DEBUG GameScene            - Clearing game scene
14:27:06.240 [JavaFX Application Thread] DEBUG GameWorld            - Clearing game world
14:27:06.240 [JavaFX Application Thread] DEBUG PhysicsWorld         - Clearing physics world
14:27:06.242 [FXGL Background Thread 4 ] DEBUG FXGLApplication      - Initializing game
14:27:06.244 [JavaFX Application Thread] DEBUG FXGLApplication      - Registering font factories with UI factory
14:27:06.252 [FXGL Background Thread 4 ] DEBUG FXGLAssetLoaderServi - Loading from file system: file:/C:/Users/Alexey/IdeaProjects/Testing_with_FXGL/target/classes/assets/textures/fondo.png
14:27:06.274 [FXGL Background Thread 4 ] DEBUG FXGLAssetLoaderServi - Loading from file system: file:/C:/Users/Alexey/IdeaProjects/Testing_with_FXGL/target/classes/assets/textures/mainChar.png
14:27:06.281 [FXGL Background Thread 4 ] INFO  FXGLApplication      - Game initialization took: 0,039 sec
14:27:06.299 [JavaFX Application Thread] DEBUG Input                - Clearing active input actions
14:27:06.304 [JavaFX Application Thread] DEBUG GameApplicationServi - Removing overlay from FXGLLoadingScene and adding to GameScene
14:27:06.305 [JavaFX Application Thread] DEBUG PrimaryStageWindow   - FXGLLoadingScene -> GameScene
14:27:06.733 [FXGL Background Thread 2 ] INFO  UpdaterService       - Your current version:  17.1
14:27:06.734 [FXGL Background Thread 2 ] INFO  UpdaterService       - Latest stable version: 17.2
14:27:07.887 [JavaFX Application Thread] DEBUG FXGLApplication      - Exiting FXGL
14:27:07.888 [JavaFX Application Thread] DEBUG LoopRunner           - Stopping loop
14:27:07.888 [JavaFX Application Thread] DEBUG SystemBundleService  - Saving FXGL system data
14:27:07.890 [JavaFX Application Thread] DEBUG FileSystemAccess     - Writing to: C:\Users\Alexey\IdeaProjects\Testing_with_FXGL\system\fxgl.bundle
14:27:07.892 [JavaFX Application Thread] DEBUG Async                - Shutting down background threads
14:27:07.892 [JavaFX Application Thread] DEBUG PrimaryStageWindow   - Closing main window
14:27:07.902 [JavaFX Application Thread] DEBUG Logger               - Closing Logger
