18:39:18.901 [main                     ] DEBUG Logger               - Configured Logger
18:39:18.919 [main                     ] DEBUG GameApplication      - Logging settings
Title: Untitled
Version: 0.0
Width: 900
Height: 700
Fullscreen: false
Intro: false
Profiling: false
Single step:false
App Mode: DEVELOPER
Menu Key: ESCAPE
Stage Style: DECORATED
Scene Factory: class com.almasb.fxgl.app.scene.SceneFactory

18:39:19.337 [JavaFX Application Thread] DEBUG FXGLApplication      - Initializing FXGL
18:39:19.340 [JavaFX Application Thread] INFO  Engine               - FXGL-17.1 (24.03.2022 17.34) on WINDOWS (J:19.0.1 FX:19-ea)
18:39:19.340 [JavaFX Application Thread] DEBUG Engine               - JRE Vendor Name: Oracle Corporation
18:39:19.340 [JavaFX Application Thread] DEBUG Engine               - Running on OS: Windows 11 version 10.0
18:39:19.341 [JavaFX Application Thread] DEBUG Engine               - Architecture: amd64
18:39:19.341 [JavaFX Application Thread] INFO  Engine               - Source code and latest versions at: https://github.com/AlmasB/FXGL
18:39:19.341 [JavaFX Application Thread] INFO  Engine               -       Ask questions and discuss at: https://github.com/AlmasB/FXGL/discussions
18:39:19.341 [JavaFX Application Thread] INFO  Engine               -              Join the FXGL chat at: https://gitter.im/AlmasB/FXGL
18:39:19.411 [JavaFX Application Thread] DEBUG PrimaryStageWindow   - Creating a JavaFX scene
18:39:19.440 [JavaFX Application Thread] DEBUG PrimaryStageWindow   - Target settings size: 900.0 x 700.0
18:39:19.440 [JavaFX Application Thread] DEBUG PrimaryStageWindow   - Scaled scene size:    900.0 x 700.0
18:39:19.440 [JavaFX Application Thread] DEBUG PrimaryStageWindow   - Scaled ratio: (1.0, 1.0)
18:39:19.441 [JavaFX Application Thread] DEBUG PrimaryStageWindow   - Set initial scene to FXGLStartupScene
18:39:19.446 [JavaFX Application Thread] DEBUG PrimaryStageWindow   - Opening main window
18:39:19.513 [JavaFX Application Thread] DEBUG PrimaryStageWindow   - Window border size: (14.4000244140625, 37.5999755859375)
18:39:19.513 [JavaFX Application Thread] DEBUG PrimaryStageWindow   - Scaled size: 900.0 x 700.0
18:39:19.513 [JavaFX Application Thread] DEBUG PrimaryStageWindow   - Scaled ratio: (1.0, 1.0)
18:39:19.513 [JavaFX Application Thread] DEBUG PrimaryStageWindow   - Scene size: 900.0 x 700.0
18:39:19.514 [JavaFX Application Thread] DEBUG PrimaryStageWindow   - Stage size: 914.4000244140625 x 737.5999755859375
18:39:19.518 [FXGL Background Thread 1 ] DEBUG Engine               - Initializing environment variables
18:39:19.561 [FXGL Background Thread 1 ] DEBUG FXGLAssetLoaderServi - User app class for loading assets: class com.example.tutorial.BasicGameApp
18:39:19.562 [FXGL Background Thread 1 ] DEBUG GameApplicationServi - Applying CSS: fxgl_dark.css
18:39:19.562 [FXGL Background Thread 1 ] DEBUG FXGLAssetLoaderServi - Loading from file system: jar:file:/C:/Users/Alexey/.m2/repository/com/github/almasb/fxgl/17.1/fxgl-17.1.jar!/fxglassets/ui/css/fxgl_dark.css
18:39:19.591 [FXGL Background Thread 1 ] DEBUG GameApplicationServi - Initializing application scenes
18:39:19.631 [FXGL Background Thread 1 ] DEBUG GameWorld            - Game world initialized
18:39:19.672 [FXGL Background Thread 1 ] DEBUG PhysicsWorld         - Physics world initialized: appHeight=700, physics.ppm=50,0
18:39:19.672 [FXGL Background Thread 1 ] DEBUG PhysicsWorld         - Using strategy: BRUTE_FORCE
18:39:19.676 [FXGL Background Thread 1 ] DEBUG GameScene            - Game scene initialized: 900x700
18:39:19.688 [FXGL Background Thread 1 ] DEBUG FXGL.DefaultMenu     - createMenuBodyGameMenu()
18:39:19.699 [FXGL Background Thread 1 ] DEBUG FXGL.DefaultMenu     - createOptionsMenu()
18:39:19.708 [FXGL Background Thread 1 ] DEBUG FXGLAssetLoaderServi - Loading from file system: jar:file:/C:/Users/Alexey/.m2/repository/com/github/almasb/fxgl/17.1/fxgl-17.1.jar!/fxglassets/textures/particles/smoke.png
18:39:19.811 [FXGL Background Thread 1 ] DEBUG FXGLAssetLoaderServi - Loading from file system: jar:file:/C:/Users/Alexey/.m2/repository/com/github/almasb/fxgl/17.1/fxgl-17.1.jar!/fxglassets/textures/particles/trace_horizontal.png
18:39:19.829 [FXGL Background Thread 1 ] DEBUG GameApplicationServi - Application scenes initialized
18:39:19.838 [FXGL Background Thread 1 ] DEBUG SystemBundleService  - Loading FXGL system data
18:39:19.842 [FXGL Background Thread 1 ] DEBUG FileSystemAccess     - Reading from: C:\Users\Alexey\IdeaProjects\Testing with FXGL\system\fxgl.bundle
18:39:19.848 [FXGL Background Thread 1 ] DEBUG SystemBundleService  - Bundle FXGL: {}
18:39:19.848 [FXGL Background Thread 1 ] DEBUG UpdaterService       - Checking for updates
18:39:19.851 [FXGL Background Thread 4 ] DEBUG FXGLApplication      - Loading fonts
18:39:19.852 [FXGL Background Thread 1 ] DEBUG FXGLApplication      - Loading default localization
18:39:19.852 [FXGL Background Thread 4 ] DEBUG FXGLAssetLoaderServi - Loading from file system: jar:file:/C:/Users/Alexey/.m2/repository/com/github/almasb/fxgl/17.1/fxgl-17.1.jar!/fxglassets/ui/fonts/VarelaRound-Regular.ttf
18:39:19.853 [FXGL Background Thread 1 ] DEBUG FXGLAssetLoaderServi - Loading from file system: jar:file:/C:/Users/Alexey/.m2/repository/com/github/almasb/fxgl/17.1/fxgl-17.1.jar!/fxglassets/languages/english.lang
18:39:19.892 [FXGL Background Thread 1 ] INFO  FXGLApplication      - FXGL initialization took: 0,374 sec
18:39:19.901 [JavaFX Application Thread] DEBUG Input                - Registered new binding: Stop - LMB
18:39:19.902 [JavaFX Application Thread] DEBUG FXGLAssetLoaderServi - Loading from file system: jar:file:/C:/Users/Alexey/.m2/repository/com/github/almasb/fxgl/17.1/fxgl-17.1.jar!/fxglassets/textures/fxgl_icon.png
18:39:19.903 [FXGL Background Thread 4 ] DEBUG FXGLAssetLoaderServi - Loading from file system: jar:file:/C:/Users/Alexey/.m2/repository/com/github/almasb/fxgl/17.1/fxgl-17.1.jar!/fxglassets/ui/fonts/Abel-Regular.ttf
18:39:19.905 [FXGL Background Thread 4 ] DEBUG FXGLAssetLoaderServi - Loading from file system: jar:file:/C:/Users/Alexey/.m2/repository/com/github/almasb/fxgl/17.1/fxgl-17.1.jar!/fxglassets/ui/fonts/TerminalLandMono-Regular.otf
18:39:19.908 [FXGL Background Thread 4 ] DEBUG FXGLAssetLoaderServi - Loading from file system: jar:file:/C:/Users/Alexey/.m2/repository/com/github/almasb/fxgl/17.1/fxgl-17.1.jar!/fxglassets/ui/fonts/Courier-Prime.ttf
18:39:19.918 [JavaFX Application Thread] DEBUG FXGLAssetLoaderServi - Loading from file system: jar:file:/C:/Users/Alexey/.m2/repository/com/github/almasb/fxgl/17.1/fxgl-17.1.jar!/fxglassets/textures/fxgl_default_cursor.png
18:39:19.929 [JavaFX Application Thread] DEBUG Input                - Registered new binding: Screenshot - CTRL+8
18:39:19.929 [JavaFX Application Thread] DEBUG Input                - Registered new binding: System info dump - CTRL+9
18:39:19.930 [JavaFX Application Thread] DEBUG Input                - Registered new binding: Restart - CTRL+R
18:39:19.931 [JavaFX Application Thread] DEBUG Input                - Registered new binding: Toggle Debug Camera - CTRL+7
18:39:19.934 [JavaFX Application Thread] DEBUG LoopRunner           - Starting loop
18:39:19.934 [JavaFX Application Thread] DEBUG LoopRunner           - Initializing JavaFX AnimationTimerLoop
18:39:19.936 [JavaFX Application Thread] DEBUG GameApplicationServi - Starting new game
18:39:19.936 [JavaFX Application Thread] DEBUG Input                - Clearing active input actions
18:39:19.948 [JavaFX Application Thread] DEBUG GameApplicationServi - Removing overlay from FXGLStartupScene and adding to FXGLLoadingScene
18:39:19.948 [JavaFX Application Thread] DEBUG PrimaryStageWindow   - FXGLStartupScene -> FXGLLoadingScene
18:39:19.948 [JavaFX Application Thread] DEBUG GameApplicationServi - Clearing previous game
18:39:19.948 [JavaFX Application Thread] DEBUG GameScene            - Clearing game scene
18:39:19.948 [JavaFX Application Thread] DEBUG GameWorld            - Clearing game world
18:39:19.948 [JavaFX Application Thread] DEBUG PhysicsWorld         - Clearing physics world
18:39:19.950 [JavaFX Application Thread] DEBUG FXGLApplication      - Registering font factories with UI factory
18:39:19.950 [FXGL Background Thread 4 ] DEBUG FXGLApplication      - Initializing game
18:39:19.956 [FXGL Background Thread 4 ] DEBUG Input                - Registered new binding: Hello - MMB
18:39:19.964 [FXGL Background Thread 4 ] DEBUG FXGLAssetLoaderServi - Loading from file system: file:/C:/Users/Alexey/IdeaProjects/Testing%20with%20FXGL/target/classes/assets/textures/fondo.png
18:39:19.989 [FXGL Background Thread 4 ] DEBUG FXGLAssetLoaderServi - Loading from file system: file:/C:/Users/Alexey/IdeaProjects/Testing%20with%20FXGL/target/classes/assets/textures/mainChar.png
18:39:20.011 [JavaFX Application Thread] DEBUG LoopRunner           - Stopping loop
18:39:20.013 [JavaFX Application Thread] FATAL FXGLApplication      - Uncaught Exception:
java.lang.RuntimeException: Initialization failed
	at com.almasb.fxgl.app.FXGLApplication$InitAppTask.failed(FXGLApplication.kt:343)
	at javafx.concurrent.Task.setState(Task.java:710)
	at javafx.concurrent.Task$TaskCallable.lambda$call$2(Task.java:1456)
	at com.sun.javafx.application.PlatformImpl.lambda$runLater$10(PlatformImpl.java:457)
	at java.base/java.security.AccessController.doPrivileged(AccessController.java:399)
	at com.sun.javafx.application.PlatformImpl.lambda$runLater$11(PlatformImpl.java:456)
	at com.sun.glass.ui.InvokeLaterDispatcher$Future.run(InvokeLaterDispatcher.java:96)
	at com.sun.glass.ui.win.WinApplication._runLoop(Native Method)
	at com.sun.glass.ui.win.WinApplication.lambda$runLoop$3(WinApplication.java:184)
	at java.base/java.lang.Thread.run(Thread.java:1589)
Caused by: java.lang.IllegalArgumentException: Action already exists: Hello
	at com.almasb.fxgl.input.Input.addBinding(Input.kt:450)
	at com.almasb.fxgl.input.Input.addAction(Input.kt:433)
	at com.almasb.fxgl.input.Input.addAction$default(Input.kt:432)
	at com.almasb.fxgl.input.Input.addAction(Input.kt)
	at com.example.tutorial.Cat.<init>(Cat.java:48)
	at com.example.tutorial.BasicGameApp.MainSceneCreation(BasicGameApp.java:65)
	at com.example.tutorial.BasicGameApp.initGame(BasicGameApp.java:34)
	at com.almasb.fxgl.app.FXGLApplication$InitAppTask.initGame(FXGLApplication.kt:339)
	at com.almasb.fxgl.app.FXGLApplication$InitAppTask.call(FXGLApplication.kt:319)
	at com.almasb.fxgl.app.FXGLApplication$InitAppTask.call(FXGLApplication.kt:311)
	at javafx.concurrent.Task$TaskCallable.call(Task.java:1426)
	at java.base/java.util.concurrent.FutureTask.run(FutureTask.java:317)
	at java.base/java.util.concurrent.Executors$RunnableAdapter.call(Executors.java:577)
	at java.base/java.util.concurrent.FutureTask.run(FutureTask.java:317)
	at java.base/java.util.concurrent.ThreadPoolExecutor.runWorker(ThreadPoolExecutor.java:1144)
	at java.base/java.util.concurrent.ThreadPoolExecutor$Worker.run(ThreadPoolExecutor.java:642)
	... 1 more

18:39:20.013 [JavaFX Application Thread] FATAL FXGLApplication      - Application will now exit
18:39:20.030 [JavaFX Application Thread] DEBUG PrimaryStageWindow   - Push state: ErrorSubScene
18:39:20.030 [JavaFX Application Thread] DEBUG Input                - Clearing active input actions
18:39:20.039 [JavaFX Application Thread] DEBUG GameApplicationServi - Removing overlay from FXGLLoadingScene and adding to ErrorSubScene
18:39:20.039 [JavaFX Application Thread] DEBUG PrimaryStageWindow   - FXGLLoadingScene -> ErrorSubScene
18:39:20.288 [FXGL Background Thread 2 ] INFO  UpdaterService       - Your current version:  17.1
18:39:20.288 [FXGL Background Thread 2 ] INFO  UpdaterService       - Latest stable version: 17.2
18:39:21.725 [JavaFX Application Thread] DEBUG FXGLApplication      - Exiting FXGL
18:39:21.726 [JavaFX Application Thread] DEBUG Async                - Shutting down background threads
18:39:21.726 [JavaFX Application Thread] DEBUG PrimaryStageWindow   - Closing main window
18:39:21.735 [JavaFX Application Thread] DEBUG Logger               - Closing Logger
