03:32:24.880 [main                     ] DEBUG Logger               - Configured Logger
03:32:24.901 [main                     ] DEBUG GameApplication      - Logging settings
Title: Untitled
Version: 0.0
Width: 900
Height: 700
Fullscreen: false
Intro: false
Profiling: false
Single step:false
App Mode: DEVELOPER
Menu Key: ESCAPE
Stage Style: DECORATED
Scene Factory: class com.almasb.fxgl.app.scene.SceneFactory

03:32:25.324 [JavaFX Application Thread] DEBUG FXGLApplication      - Initializing FXGL
03:32:25.332 [JavaFX Application Thread] INFO  Engine               - FXGL-17.1 (24.03.2022 17.34) on WINDOWS (J:19.0.2 FX:19-ea)
03:32:25.332 [JavaFX Application Thread] DEBUG Engine               - JRE Vendor Name: Oracle Corporation
03:32:25.332 [JavaFX Application Thread] DEBUG Engine               - Running on OS: Windows 11 version 10.0
03:32:25.333 [JavaFX Application Thread] DEBUG Engine               - Architecture: amd64
03:32:25.333 [JavaFX Application Thread] INFO  Engine               - Source code and latest versions at: https://github.com/AlmasB/FXGL
03:32:25.333 [JavaFX Application Thread] INFO  Engine               -       Ask questions and discuss at: https://github.com/AlmasB/FXGL/discussions
03:32:25.333 [JavaFX Application Thread] INFO  Engine               -              Join the FXGL chat at: https://gitter.im/AlmasB/FXGL
03:32:25.411 [JavaFX Application Thread] DEBUG PrimaryStageWindow   - Creating a JavaFX scene
03:32:25.444 [JavaFX Application Thread] DEBUG PrimaryStageWindow   - Target settings size: 900.0 x 700.0
03:32:25.444 [JavaFX Application Thread] DEBUG PrimaryStageWindow   - Scaled scene size:    900.0 x 700.0
03:32:25.445 [JavaFX Application Thread] DEBUG PrimaryStageWindow   - Scaled ratio: (1.0, 1.0)
03:32:25.445 [JavaFX Application Thread] DEBUG PrimaryStageWindow   - Set initial scene to FXGLStartupScene
03:32:25.451 [JavaFX Application Thread] DEBUG PrimaryStageWindow   - Opening main window
03:32:25.525 [JavaFX Application Thread] DEBUG PrimaryStageWindow   - Window border size: (14.4000244140625, 37.5999755859375)
03:32:25.525 [JavaFX Application Thread] DEBUG PrimaryStageWindow   - Scaled size: 900.0 x 700.0
03:32:25.526 [JavaFX Application Thread] DEBUG PrimaryStageWindow   - Scaled ratio: (1.0, 1.0)
03:32:25.526 [JavaFX Application Thread] DEBUG PrimaryStageWindow   - Scene size: 900.0 x 700.0
03:32:25.526 [JavaFX Application Thread] DEBUG PrimaryStageWindow   - Stage size: 914.4000244140625 x 737.5999755859375
03:32:25.532 [FXGL Background Thread 1 ] DEBUG Engine               - Initializing environment variables
03:32:25.576 [FXGL Background Thread 1 ] DEBUG FXGLAssetLoaderServi - User app class for loading assets: class com.example.tutorial.BasicGameApp
03:32:25.577 [FXGL Background Thread 1 ] DEBUG GameApplicationServi - Applying CSS: fxgl_dark.css
03:32:25.577 [FXGL Background Thread 1 ] DEBUG FXGLAssetLoaderServi - Loading from file system: jar:file:/C:/Users/Alexey/.m2/repository/com/github/almasb/fxgl/17.1/fxgl-17.1.jar!/fxglassets/ui/css/fxgl_dark.css
03:32:25.609 [FXGL Background Thread 1 ] DEBUG GameApplicationServi - Initializing application scenes
03:32:25.650 [FXGL Background Thread 1 ] DEBUG GameWorld            - Game world initialized
03:32:25.701 [FXGL Background Thread 1 ] DEBUG PhysicsWorld         - Physics world initialized: appHeight=700, physics.ppm=50,0
03:32:25.701 [FXGL Background Thread 1 ] DEBUG PhysicsWorld         - Using strategy: BRUTE_FORCE
03:32:25.705 [FXGL Background Thread 1 ] DEBUG GameScene            - Game scene initialized: 900x700
03:32:25.705 [FXGL Background Thread 1 ] DEBUG GameApplicationServi - Application scenes initialized
03:32:25.731 [FXGL Background Thread 1 ] DEBUG SystemBundleService  - Loading FXGL system data
03:32:25.735 [FXGL Background Thread 1 ] DEBUG FileSystemAccess     - Reading from: C:\Users\Alexey\Documents\FPS DAM\Entornos\Project\Testing_with_FXGL\system\fxgl.bundle
03:32:25.744 [FXGL Background Thread 1 ] DEBUG SystemBundleService  - Bundle FXGL: {}
03:32:25.744 [FXGL Background Thread 1 ] DEBUG UpdaterService       - Checking for updates
03:32:25.749 [FXGL Background Thread 4 ] DEBUG FXGLApplication      - Loading fonts
03:32:25.749 [FXGL Background Thread 4 ] DEBUG FXGLAssetLoaderServi - Loading from file system: jar:file:/C:/Users/Alexey/.m2/repository/com/github/almasb/fxgl/17.1/fxgl-17.1.jar!/fxglassets/ui/fonts/VarelaRound-Regular.ttf
03:32:25.749 [FXGL Background Thread 1 ] DEBUG FXGLApplication      - Loading default localization
03:32:25.750 [FXGL Background Thread 1 ] DEBUG FXGLAssetLoaderServi - Loading from file system: jar:file:/C:/Users/Alexey/.m2/repository/com/github/almasb/fxgl/17.1/fxgl-17.1.jar!/fxglassets/languages/english.lang
03:32:25.785 [FXGL Background Thread 1 ] INFO  FXGLApplication      - FXGL initialization took: 0,253 sec
03:32:25.793 [JavaFX Application Thread] DEBUG Input                - Registered new binding: press space - LMB
03:32:25.800 [JavaFX Application Thread] DEBUG Input                - Registered new binding: press esc - Esc
03:32:25.800 [JavaFX Application Thread] DEBUG FXGLAssetLoaderServi - Loading from file system: jar:file:/C:/Users/Alexey/.m2/repository/com/github/almasb/fxgl/17.1/fxgl-17.1.jar!/fxglassets/textures/fxgl_icon.png
03:32:25.810 [FXGL Background Thread 4 ] DEBUG FXGLAssetLoaderServi - Loading from file system: jar:file:/C:/Users/Alexey/.m2/repository/com/github/almasb/fxgl/17.1/fxgl-17.1.jar!/fxglassets/ui/fonts/Abel-Regular.ttf
03:32:25.814 [FXGL Background Thread 4 ] DEBUG FXGLAssetLoaderServi - Loading from file system: jar:file:/C:/Users/Alexey/.m2/repository/com/github/almasb/fxgl/17.1/fxgl-17.1.jar!/fxglassets/ui/fonts/TerminalLandMono-Regular.otf
03:32:25.817 [FXGL Background Thread 4 ] DEBUG FXGLAssetLoaderServi - Loading from file system: jar:file:/C:/Users/Alexey/.m2/repository/com/github/almasb/fxgl/17.1/fxgl-17.1.jar!/fxglassets/ui/fonts/Courier-Prime.ttf
03:32:25.846 [JavaFX Application Thread] DEBUG FXGLAssetLoaderServi - Loading from file system: jar:file:/C:/Users/Alexey/.m2/repository/com/github/almasb/fxgl/17.1/fxgl-17.1.jar!/fxglassets/textures/fxgl_default_cursor.png
03:32:25.849 [JavaFX Application Thread] DEBUG Input                - Registered new binding: Screenshot - CTRL+8
03:32:25.850 [JavaFX Application Thread] DEBUG Input                - Registered new binding: System info dump - CTRL+9
03:32:25.851 [JavaFX Application Thread] DEBUG Input                - Registered new binding: Restart - CTRL+R
03:32:25.853 [JavaFX Application Thread] DEBUG Input                - Registered new binding: Toggle Debug Camera - CTRL+7
03:32:25.858 [JavaFX Application Thread] DEBUG LoopRunner           - Starting loop
03:32:25.859 [JavaFX Application Thread] DEBUG LoopRunner           - Initializing ScheduledExecutorLoop with fps: 60
03:32:25.860 [JavaFX Application Thread] DEBUG GameApplicationServi - Starting new game
03:32:25.861 [JavaFX Application Thread] DEBUG Input                - Clearing active input actions
03:32:25.873 [JavaFX Application Thread] DEBUG GameApplicationServi - Removing overlay from FXGLStartupScene and adding to FXGLLoadingScene
03:32:25.873 [JavaFX Application Thread] DEBUG PrimaryStageWindow   - FXGLStartupScene -> FXGLLoadingScene
03:32:25.873 [JavaFX Application Thread] DEBUG GameApplicationServi - Clearing previous game
03:32:25.874 [JavaFX Application Thread] DEBUG GameScene            - Clearing game scene
03:32:25.874 [JavaFX Application Thread] DEBUG GameWorld            - Clearing game world
03:32:25.874 [JavaFX Application Thread] DEBUG PhysicsWorld         - Clearing physics world
03:32:25.875 [FXGL Background Thread 4 ] DEBUG FXGLApplication      - Initializing game
03:32:25.877 [JavaFX Application Thread] DEBUG FXGLApplication      - Registering font factories with UI factory
03:32:25.879 [FXGL Background Thread 4 ] DEBUG FXGLAssetLoaderServi - Loading from file system: file:/C:/Users/Alexey/Documents/FPS%20DAM/Entornos/Project/Testing_with_FXGL/target/classes/assets/textures/mainScene/background.png
03:32:25.903 [FXGL Background Thread 4 ] DEBUG FXGLAssetLoaderServi - Loading from file system: file:/C:/Users/Alexey/Documents/FPS%20DAM/Entornos/Project/Testing_with_FXGL/target/classes/assets/textures/sheet.png
03:32:25.909 [FXGL Background Thread 4 ] INFO  FXGLApplication      - Game initialization took: 0,033 sec
03:32:25.933 [JavaFX Application Thread] DEBUG Input                - Clearing active input actions
03:32:25.942 [JavaFX Application Thread] DEBUG GameApplicationServi - Removing overlay from FXGLLoadingScene and adding to GameScene
03:32:25.942 [JavaFX Application Thread] DEBUG PrimaryStageWindow   - FXGLLoadingScene -> GameScene
03:32:26.110 [FXGL Background Thread 2 ] INFO  UpdaterService       - Your current version:  17.1
03:32:26.110 [FXGL Background Thread 2 ] INFO  UpdaterService       - Latest stable version: 17.3
03:32:26.530 [JavaFX Application Thread] DEBUG FXGLAssetLoaderServi - Loading from file system: file:/C:/Users/Alexey/Documents/FPS%20DAM/Entornos/Project/Testing_with_FXGL/target/classes/assets/textures/mainScene/axe.png
03:32:26.532 [JavaFX Application Thread] DEBUG FXGLAssetLoaderServi - Loading from file system: file:/C:/Users/Alexey/Documents/FPS%20DAM/Entornos/Project/Testing_with_FXGL/target/classes/assets/textures/mainScene/walkingCat.png
03:32:26.540 [JavaFX Application Thread] DEBUG FXGLAssetLoaderServi - Loading from file system: file:/C:/Users/Alexey/Documents/FPS%20DAM/Entornos/Project/Testing_with_FXGL/target/classes/assets/textures/mainScene/energySet.png
03:32:26.542 [JavaFX Application Thread] DEBUG FXGLAssetLoaderServi - Loading from file system: file:/C:/Users/Alexey/Documents/FPS%20DAM/Entornos/Project/Testing_with_FXGL/target/classes/assets/textures/mainScene/hunger.png
03:32:28.747 [FXGL Background Thread 3 ] DEBUG Engine               - Logging environment variables
03:32:28.747 [FXGL Background Thread 3 ] DEBUG Engine               - achievements: []
03:32:28.747 [FXGL Background Thread 3 ] DEBUG Engine               - actualHeight: 700.0
03:32:28.747 [FXGL Background Thread 3 ] DEBUG Engine               - actualHeightProperty: ReadOnlyDoubleProperty [value: 700.0]
03:32:28.747 [FXGL Background Thread 3 ] DEBUG Engine               - actualWidth: 900.0
03:32:28.747 [FXGL Background Thread 3 ] DEBUG Engine               - actualWidthProperty: ReadOnlyDoubleProperty [value: 900.0]
03:32:28.747 [FXGL Background Thread 3 ] DEBUG Engine               - appIcon: fxgl_icon.png
03:32:28.747 [FXGL Background Thread 3 ] DEBUG Engine               - applicationMode: DEVELOPER
03:32:28.747 [FXGL Background Thread 3 ] DEBUG Engine               - cSSList: [fxgl_dark.css]
03:32:28.747 [FXGL Background Thread 3 ] DEBUG Engine               - collisionDetectionStrategy: BRUTE_FORCE
03:32:28.747 [FXGL Background Thread 3 ] DEBUG Engine               - configClass: Optional.empty
03:32:28.747 [FXGL Background Thread 3 ] DEBUG Engine               - credits: []
03:32:28.749 [FXGL Background Thread 3 ] DEBUG Engine               - defaultCursor: CursorInfo(imageName=fxgl_default_cursor.png, hotspotX=7.0, hotspotY=6.0)
03:32:28.749 [FXGL Background Thread 3 ] DEBUG Engine               - devBBoxColorProperty: ObjectProperty [value: 0xff0000ff]
03:32:28.749 [FXGL Background Thread 3 ] DEBUG Engine               - devEnableDebugCameraProperty: BooleanProperty [value: false]
03:32:28.749 [FXGL Background Thread 3 ] DEBUG Engine               - devSensorColorProperty: ObjectProperty [value: 0xffff00ff]
03:32:28.749 [FXGL Background Thread 3 ] DEBUG Engine               - devShowBBoxProperty: BooleanProperty [value: false]
03:32:28.749 [FXGL Background Thread 3 ] DEBUG Engine               - devShowPositionProperty: BooleanProperty [value: false]
03:32:28.749 [FXGL Background Thread 3 ] DEBUG Engine               - enabledMenuItems: []
03:32:28.749 [FXGL Background Thread 3 ] DEBUG Engine               - engineServices: [class com.almasb.fxgl.app.services.FXGLAssetLoaderService, class com.almasb.fxgl.app.FXGLApplication$GameApplicationService, class com.almasb.fxgl.app.services.FXGLDialogService, class com.almasb.fxgl.app.services.IOTaskExecutorService, class com.almasb.fxgl.io.FileSystemService, class com.almasb.fxgl.localization.LocalizationService, class com.almasb.fxgl.app.services.SystemBundleService, class com.almasb.fxgl.profile.SaveLoadService, class com.almasb.fxgl.ui.FXGLUIFactoryServiceProvider, class com.almasb.fxgl.ui.FXGLDialogFactoryServiceProvider, class com.almasb.fxgl.audio.AudioPlayer, class com.almasb.fxgl.notification.impl.NotificationServiceProvider, class com.almasb.fxgl.achievement.AchievementService, class com.almasb.fxgl.cutscene.CutsceneService, class com.almasb.fxgl.minigames.MiniGameService, class com.almasb.fxgl.net.NetService, class com.almasb.fxgl.app.services.UpdaterService, class com.almasb.fxgl.dev.DevService]
03:32:28.749 [FXGL Background Thread 3 ] DEBUG Engine               - fontGame: Abel-Regular.ttf
03:32:28.749 [FXGL Background Thread 3 ] DEBUG Engine               - fontMono: TerminalLandMono-Regular.otf
03:32:28.749 [FXGL Background Thread 3 ] DEBUG Engine               - fontText: Courier-Prime.ttf
03:32:28.749 [FXGL Background Thread 3 ] DEBUG Engine               - fontUI: VarelaRound-Regular.ttf
03:32:28.749 [FXGL Background Thread 3 ] DEBUG Engine               - fullScreen: BooleanProperty [value: false]
03:32:28.749 [FXGL Background Thread 3 ] DEBUG Engine               - gameDifficulty: MEDIUM
03:32:28.749 [FXGL Background Thread 3 ] DEBUG Engine               - gameDifficultyProperty: ObjectProperty [value: MEDIUM]
03:32:28.749 [FXGL Background Thread 3 ] DEBUG Engine               - globalMusicVolume: 0.5
03:32:28.749 [FXGL Background Thread 3 ] DEBUG Engine               - globalMusicVolumeProperty: DoubleProperty [value: 0.5]
03:32:28.749 [FXGL Background Thread 3 ] DEBUG Engine               - globalSoundVolume: 0.5
03:32:28.749 [FXGL Background Thread 3 ] DEBUG Engine               - globalSoundVolumeProperty: DoubleProperty [value: 0.5]
03:32:28.749 [FXGL Background Thread 3 ] DEBUG Engine               - height: 700
03:32:28.749 [FXGL Background Thread 3 ] DEBUG Engine               - is3D: false
03:32:28.749 [FXGL Background Thread 3 ] DEBUG Engine               - isAndroid: false
03:32:28.749 [FXGL Background Thread 3 ] DEBUG Engine               - isBrowser: false
03:32:28.749 [FXGL Background Thread 3 ] DEBUG Engine               - isClickFeedbackEnabled: false
03:32:28.750 [FXGL Background Thread 3 ] DEBUG Engine               - isCloseConfirmation: false
03:32:28.750 [FXGL Background Thread 3 ] DEBUG Engine               - isDesktop: true
03:32:28.750 [FXGL Background Thread 3 ] DEBUG Engine               - isDeveloperMenuEnabled: false
03:32:28.750 [FXGL Background Thread 3 ] DEBUG Engine               - isEmbedded: false
03:32:28.750 [FXGL Background Thread 3 ] DEBUG Engine               - isEntityPreloadEnabled: true
03:32:28.750 [FXGL Background Thread 3 ] DEBUG Engine               - isExperimentalTiledLargeMap: false
03:32:28.750 [FXGL Background Thread 3 ] DEBUG Engine               - isFileSystemWriteAllowed: true
03:32:28.750 [FXGL Background Thread 3 ] DEBUG Engine               - isFullScreenAllowed: false
03:32:28.750 [FXGL Background Thread 3 ] DEBUG Engine               - isFullScreenFromStart: false
03:32:28.750 [FXGL Background Thread 3 ] DEBUG Engine               - isGameMenuEnabled: false
03:32:28.750 [FXGL Background Thread 3 ] DEBUG Engine               - isIOS: false
03:32:28.750 [FXGL Background Thread 3 ] DEBUG Engine               - isIntroEnabled: false
03:32:28.750 [FXGL Background Thread 3 ] DEBUG Engine               - isLinux: false
03:32:28.750 [FXGL Background Thread 3 ] DEBUG Engine               - isMac: false
03:32:28.750 [FXGL Background Thread 3 ] DEBUG Engine               - isMainMenuEnabled: false
03:32:28.751 [FXGL Background Thread 3 ] DEBUG Engine               - isManualResizeEnabled: false
03:32:28.751 [FXGL Background Thread 3 ] DEBUG Engine               - isMobile: false
03:32:28.751 [FXGL Background Thread 3 ] DEBUG Engine               - isNative: false
03:32:28.751 [FXGL Background Thread 3 ] DEBUG Engine               - isPauseMusicWhenMinimized: true
03:32:28.751 [FXGL Background Thread 3 ] DEBUG Engine               - isPreserveResizeRatio: false
03:32:28.751 [FXGL Background Thread 3 ] DEBUG Engine               - isProfilingEnabled: false
03:32:28.751 [FXGL Background Thread 3 ] DEBUG Engine               - isScaleAffectedOnResize: true
03:32:28.751 [FXGL Background Thread 3 ] DEBUG Engine               - isSingleStep: false
03:32:28.751 [FXGL Background Thread 3 ] DEBUG Engine               - isUserProfileEnabled: false
03:32:28.753 [FXGL Background Thread 3 ] DEBUG Engine               - isWindows: true
03:32:28.753 [FXGL Background Thread 3 ] DEBUG Engine               - language: ObjectProperty [value: ENGLISH]
03:32:28.753 [FXGL Background Thread 3 ] DEBUG Engine               - menuKey: ESCAPE
03:32:28.753 [FXGL Background Thread 3 ] DEBUG Engine               - mouseSensitivity: 0.2
03:32:28.753 [FXGL Background Thread 3 ] DEBUG Engine               - notificationViewClass: class com.almasb.fxgl.notification.view.XboxNotificationView
03:32:28.753 [FXGL Background Thread 3 ] DEBUG Engine               - pixelsPerMeter: 50.0
03:32:28.753 [FXGL Background Thread 3 ] DEBUG Engine               - platform: WINDOWS
03:32:28.753 [FXGL Background Thread 3 ] DEBUG Engine               - prefHeightProperty: ReadOnlyDoubleProperty [value: 700.0]
03:32:28.753 [FXGL Background Thread 3 ] DEBUG Engine               - prefWidthProperty: ReadOnlyDoubleProperty [value: 900.0]
03:32:28.753 [FXGL Background Thread 3 ] DEBUG Engine               - profileDir: profiles/
03:32:28.753 [FXGL Background Thread 3 ] DEBUG Engine               - profileName: StringProperty [value: DEFAULT]
03:32:28.753 [FXGL Background Thread 3 ] DEBUG Engine               - randomSeed: -1
03:32:28.753 [FXGL Background Thread 3 ] DEBUG Engine               - runtimeInfo: RuntimeInfo(platform=WINDOWS, version=17.1, build=24.03.2022 17.34)
03:32:28.753 [FXGL Background Thread 3 ] DEBUG Engine               - saveFileExt: sav
03:32:28.753 [FXGL Background Thread 3 ] DEBUG Engine               - scaledHeightProp$fxgl: DoubleProperty [bound, value: 700.0]
03:32:28.753 [FXGL Background Thread 3 ] DEBUG Engine               - scaledWidthProp$fxgl: DoubleProperty [bound, value: 900.0]
03:32:28.753 [FXGL Background Thread 3 ] DEBUG Engine               - sceneFactory: com.almasb.fxgl.app.scene.SceneFactory@2f4a4f80
03:32:28.753 [FXGL Background Thread 3 ] DEBUG Engine               - secondsIn24h: 60
03:32:28.753 [FXGL Background Thread 3 ] DEBUG Engine               - soundMenuBack: menu/back.wav
03:32:28.753 [FXGL Background Thread 3 ] DEBUG Engine               - soundMenuPress: menu/press.wav
03:32:28.753 [FXGL Background Thread 3 ] DEBUG Engine               - soundMenuSelect: menu/select.wav
03:32:28.753 [FXGL Background Thread 3 ] DEBUG Engine               - soundNotification: core/notification.wav
03:32:28.753 [FXGL Background Thread 3 ] DEBUG Engine               - stageStyle: DECORATED
03:32:28.753 [FXGL Background Thread 3 ] DEBUG Engine               - supportedLanguages: [ENGLISH, FRENCH, GERMAN, HUNGARIAN, RUSSIAN]
03:32:28.753 [FXGL Background Thread 3 ] DEBUG Engine               - ticksPerSecond: 60
03:32:28.753 [FXGL Background Thread 3 ] DEBUG Engine               - title: Untitled
03:32:28.753 [FXGL Background Thread 3 ] DEBUG Engine               - urlGithub: https://github.com/AlmasB/FXGL
03:32:28.753 [FXGL Background Thread 3 ] DEBUG Engine               - urlLeaderboard: http://fxgl-top.herokuapp.com/
03:32:28.754 [FXGL Background Thread 3 ] DEBUG Engine               - urlPOM: https://raw.githubusercontent.com/AlmasB/FXGL/release/README.md
03:32:28.754 [FXGL Background Thread 3 ] DEBUG Engine               - userAppClass: class com.example.tutorial.BasicGameApp
03:32:28.754 [FXGL Background Thread 3 ] DEBUG Engine               - version: 0.0
03:32:28.754 [FXGL Background Thread 3 ] DEBUG Engine               - versionCheckDays: 7
03:32:28.754 [FXGL Background Thread 3 ] DEBUG Engine               - width: 900
03:32:28.754 [FXGL Background Thread 3 ] DEBUG Engine               - Logging services
03:32:28.754 [FXGL Background Thread 3 ] DEBUG Engine               - class com.almasb.fxgl.app.services.FXGLAssetLoaderService
03:32:28.754 [FXGL Background Thread 3 ] DEBUG Engine               - class com.almasb.fxgl.app.FXGLApplication$GameApplicationService
03:32:28.754 [FXGL Background Thread 3 ] DEBUG Engine               - class com.almasb.fxgl.app.services.FXGLDialogService
03:32:28.754 [FXGL Background Thread 3 ] DEBUG Engine               - class com.almasb.fxgl.app.services.IOTaskExecutorService
03:32:28.754 [FXGL Background Thread 3 ] DEBUG Engine               - class com.almasb.fxgl.io.FileSystemService
03:32:28.754 [FXGL Background Thread 3 ] DEBUG Engine               - class com.almasb.fxgl.localization.LocalizationService
03:32:28.754 [FXGL Background Thread 3 ] DEBUG Engine               - class com.almasb.fxgl.app.services.SystemBundleService
03:32:28.754 [FXGL Background Thread 3 ] DEBUG Engine               - class com.almasb.fxgl.profile.SaveLoadService
03:32:28.754 [FXGL Background Thread 3 ] DEBUG Engine               - class com.almasb.fxgl.ui.FXGLUIFactoryServiceProvider
03:32:28.754 [FXGL Background Thread 3 ] DEBUG Engine               - class com.almasb.fxgl.ui.FXGLDialogFactoryServiceProvider
03:32:28.754 [FXGL Background Thread 3 ] DEBUG Engine               - class com.almasb.fxgl.audio.AudioPlayer
03:32:28.754 [FXGL Background Thread 3 ] DEBUG Engine               - class com.almasb.fxgl.notification.impl.NotificationServiceProvider
03:32:28.754 [FXGL Background Thread 3 ] DEBUG Engine               - class com.almasb.fxgl.achievement.AchievementService
03:32:28.754 [FXGL Background Thread 3 ] DEBUG Engine               - class com.almasb.fxgl.cutscene.CutsceneService
03:32:28.754 [FXGL Background Thread 3 ] DEBUG Engine               - class com.almasb.fxgl.minigames.MiniGameService
03:32:28.754 [FXGL Background Thread 3 ] DEBUG Engine               - class com.almasb.fxgl.net.NetService
03:32:28.754 [FXGL Background Thread 3 ] DEBUG Engine               - class com.almasb.fxgl.app.services.UpdaterService
03:32:28.754 [FXGL Background Thread 3 ] DEBUG Engine               - class com.almasb.fxgl.dev.DevService
03:32:31.013 [JavaFX Application Thread] DEBUG FXGLAssetLoaderServi - Loading from file system: file:/C:/Users/Alexey/Documents/FPS%20DAM/Entornos/Project/Testing_with_FXGL/target/classes/assets/textures/miniGame/HeartA.png
03:32:31.013 [JavaFX Application Thread] DEBUG FXGLAssetLoaderServi - Loading from file system: file:/C:/Users/Alexey/Documents/FPS%20DAM/Entornos/Project/Testing_with_FXGL/target/classes/assets/textures/miniGame/HeartADead.png
03:32:31.015 [JavaFX Application Thread] DEBUG FXGLAssetLoaderServi - Loading from file system: file:/C:/Users/Alexey/Documents/FPS%20DAM/Entornos/Project/Testing_with_FXGL/target/classes/assets/textures/miniGame/woodParticle1.png
03:32:31.027 [JavaFX Application Thread] DEBUG FXGLAssetLoaderServi - Loading from file system: file:/C:/Users/Alexey/Documents/FPS%20DAM/Entornos/Project/Testing_with_FXGL/target/classes/assets/textures/miniGame/woodParticle4.png
03:32:31.594 [JavaFX Application Thread] DEBUG FXGLAssetLoaderServi - Loading from file system: file:/C:/Users/Alexey/Documents/FPS%20DAM/Entornos/Project/Testing_with_FXGL/target/classes/assets/textures/miniGame/wood.png
03:32:33.578 [JavaFX Application Thread] DEBUG FXGLAssetLoaderServi - Loading from file system: file:/C:/Users/Alexey/Documents/FPS%20DAM/Entornos/Project/Testing_with_FXGL/target/classes/assets/textures/miniGame/woodParticle2.png
03:32:33.729 [JavaFX Application Thread] DEBUG FXGLAssetLoaderServi - Loading from file system: file:/C:/Users/Alexey/Documents/FPS%20DAM/Entornos/Project/Testing_with_FXGL/target/classes/assets/textures/miniGame/woodParticle3.png
03:32:34.764 [JavaFX Application Thread] DEBUG FXGLApplication      - Exiting FXGL
03:32:34.764 [JavaFX Application Thread] DEBUG LoopRunner           - Stopping loop
03:32:34.764 [JavaFX Application Thread] DEBUG SystemBundleService  - Saving FXGL system data
03:32:34.765 [JavaFX Application Thread] DEBUG FileSystemAccess     - Writing to: C:\Users\Alexey\Documents\FPS DAM\Entornos\Project\Testing_with_FXGL\system\fxgl.bundle
03:32:34.767 [JavaFX Application Thread] DEBUG Async                - Shutting down background threads
03:32:34.767 [JavaFX Application Thread] DEBUG PrimaryStageWindow   - Closing main window
03:32:34.789 [JavaFX Application Thread] DEBUG Logger               - Closing Logger
