19:26:56.166 [main                     ] DEBUG Logger               - Configured Logger
19:26:56.185 [main                     ] DEBUG GameApplication      - Logging settings
Title: Untitled
Version: 0.0
Width: 900
Height: 700
Fullscreen: false
Intro: false
Profiling: false
Single step:false
App Mode: DEVELOPER
Menu Key: ESCAPE
Stage Style: DECORATED
Scene Factory: class com.almasb.fxgl.app.scene.SceneFactory

19:26:56.611 [JavaFX Application Thread] DEBUG FXGLApplication      - Initializing FXGL
19:26:56.618 [JavaFX Application Thread] INFO  Engine               - FXGL-17.1 (24.03.2022 17.34) on WINDOWS (J:19.0.2 FX:19-ea)
19:26:56.619 [JavaFX Application Thread] DEBUG Engine               - JRE Vendor Name: Oracle Corporation
19:26:56.619 [JavaFX Application Thread] DEBUG Engine               - Running on OS: Windows 11 version 10.0
19:26:56.619 [JavaFX Application Thread] DEBUG Engine               - Architecture: amd64
19:26:56.619 [JavaFX Application Thread] INFO  Engine               - Source code and latest versions at: https://github.com/AlmasB/FXGL
19:26:56.620 [JavaFX Application Thread] INFO  Engine               -       Ask questions and discuss at: https://github.com/AlmasB/FXGL/discussions
19:26:56.620 [JavaFX Application Thread] INFO  Engine               -              Join the FXGL chat at: https://gitter.im/AlmasB/FXGL
19:26:56.700 [JavaFX Application Thread] DEBUG PrimaryStageWindow   - Creating a JavaFX scene
19:26:56.730 [JavaFX Application Thread] DEBUG PrimaryStageWindow   - Target settings size: 900.0 x 700.0
19:26:56.731 [JavaFX Application Thread] DEBUG PrimaryStageWindow   - Scaled scene size:    900.0 x 700.0
19:26:56.731 [JavaFX Application Thread] DEBUG PrimaryStageWindow   - Scaled ratio: (1.0, 1.0)
19:26:56.732 [JavaFX Application Thread] DEBUG PrimaryStageWindow   - Set initial scene to FXGLStartupScene
19:26:56.737 [JavaFX Application Thread] DEBUG PrimaryStageWindow   - Opening main window
19:26:56.806 [JavaFX Application Thread] DEBUG PrimaryStageWindow   - Window border size: (14.4000244140625, 37.5999755859375)
19:26:56.807 [JavaFX Application Thread] DEBUG PrimaryStageWindow   - Scaled size: 900.0 x 700.0
19:26:56.807 [JavaFX Application Thread] DEBUG PrimaryStageWindow   - Scaled ratio: (1.0, 1.0)
19:26:56.807 [JavaFX Application Thread] DEBUG PrimaryStageWindow   - Scene size: 900.0 x 700.0
19:26:56.807 [JavaFX Application Thread] DEBUG PrimaryStageWindow   - Stage size: 914.4000244140625 x 737.5999755859375
19:26:56.814 [FXGL Background Thread 1 ] DEBUG Engine               - Initializing environment variables
19:26:56.858 [FXGL Background Thread 1 ] DEBUG FXGLAssetLoaderServi - User app class for loading assets: class com.example.tutorial.BasicGameApp
19:26:56.858 [FXGL Background Thread 1 ] DEBUG GameApplicationServi - Applying CSS: fxgl_dark.css
19:26:56.859 [FXGL Background Thread 1 ] DEBUG FXGLAssetLoaderServi - Loading from file system: jar:file:/C:/Users/Alexey/.m2/repository/com/github/almasb/fxgl/17.1/fxgl-17.1.jar!/fxglassets/ui/css/fxgl_dark.css
19:26:56.890 [FXGL Background Thread 1 ] DEBUG GameApplicationServi - Initializing application scenes
19:26:56.929 [FXGL Background Thread 1 ] DEBUG GameWorld            - Game world initialized
19:26:56.982 [FXGL Background Thread 1 ] DEBUG PhysicsWorld         - Physics world initialized: appHeight=700, physics.ppm=50,0
19:26:56.982 [FXGL Background Thread 1 ] DEBUG PhysicsWorld         - Using strategy: BRUTE_FORCE
19:26:56.986 [FXGL Background Thread 1 ] DEBUG GameScene            - Game scene initialized: 900x700
19:26:56.986 [FXGL Background Thread 1 ] DEBUG GameApplicationServi - Application scenes initialized
19:26:57.010 [FXGL Background Thread 1 ] DEBUG SystemBundleService  - Loading FXGL system data
19:26:57.014 [FXGL Background Thread 1 ] DEBUG FileSystemAccess     - Reading from: C:\Users\Alexey\Documents\FPS DAM\Entornos\Project\Testing_with_FXGL\system\fxgl.bundle
19:26:57.022 [FXGL Background Thread 1 ] DEBUG SystemBundleService  - Bundle FXGL: {}
19:26:57.022 [FXGL Background Thread 1 ] DEBUG UpdaterService       - Checking for updates
19:26:57.028 [FXGL Background Thread 4 ] DEBUG FXGLApplication      - Loading fonts
19:26:57.028 [FXGL Background Thread 1 ] DEBUG FXGLApplication      - Loading default localization
19:26:57.028 [FXGL Background Thread 4 ] DEBUG FXGLAssetLoaderServi - Loading from file system: jar:file:/C:/Users/Alexey/.m2/repository/com/github/almasb/fxgl/17.1/fxgl-17.1.jar!/fxglassets/ui/fonts/VarelaRound-Regular.ttf
19:26:57.029 [FXGL Background Thread 1 ] DEBUG FXGLAssetLoaderServi - Loading from file system: jar:file:/C:/Users/Alexey/.m2/repository/com/github/almasb/fxgl/17.1/fxgl-17.1.jar!/fxglassets/languages/english.lang
19:26:57.064 [FXGL Background Thread 1 ] INFO  FXGLApplication      - FXGL initialization took: 0,250 sec
19:26:57.069 [JavaFX Application Thread] DEBUG Input                - Registered new binding: press space - LMB
19:26:57.079 [JavaFX Application Thread] DEBUG Input                - Registered new binding: press esc - Esc
19:26:57.080 [JavaFX Application Thread] DEBUG FXGLAssetLoaderServi - Loading from file system: jar:file:/C:/Users/Alexey/.m2/repository/com/github/almasb/fxgl/17.1/fxgl-17.1.jar!/fxglassets/textures/fxgl_icon.png
19:26:57.087 [FXGL Background Thread 4 ] DEBUG FXGLAssetLoaderServi - Loading from file system: jar:file:/C:/Users/Alexey/.m2/repository/com/github/almasb/fxgl/17.1/fxgl-17.1.jar!/fxglassets/ui/fonts/Abel-Regular.ttf
19:26:57.090 [FXGL Background Thread 4 ] DEBUG FXGLAssetLoaderServi - Loading from file system: jar:file:/C:/Users/Alexey/.m2/repository/com/github/almasb/fxgl/17.1/fxgl-17.1.jar!/fxglassets/ui/fonts/TerminalLandMono-Regular.otf
19:26:57.092 [FXGL Background Thread 4 ] DEBUG FXGLAssetLoaderServi - Loading from file system: jar:file:/C:/Users/Alexey/.m2/repository/com/github/almasb/fxgl/17.1/fxgl-17.1.jar!/fxglassets/ui/fonts/Courier-Prime.ttf
19:26:57.127 [JavaFX Application Thread] DEBUG FXGLAssetLoaderServi - Loading from file system: jar:file:/C:/Users/Alexey/.m2/repository/com/github/almasb/fxgl/17.1/fxgl-17.1.jar!/fxglassets/textures/fxgl_default_cursor.png
19:26:57.130 [JavaFX Application Thread] DEBUG Input                - Registered new binding: Screenshot - CTRL+8
19:26:57.131 [JavaFX Application Thread] DEBUG Input                - Registered new binding: System info dump - CTRL+9
19:26:57.131 [JavaFX Application Thread] DEBUG Input                - Registered new binding: Restart - CTRL+R
19:26:57.132 [JavaFX Application Thread] DEBUG Input                - Registered new binding: Toggle Debug Camera - CTRL+7
19:26:57.134 [JavaFX Application Thread] DEBUG LoopRunner           - Starting loop
19:26:57.134 [JavaFX Application Thread] DEBUG LoopRunner           - Initializing ScheduledExecutorLoop with fps: 60
19:26:57.138 [JavaFX Application Thread] DEBUG GameApplicationServi - Starting new game
19:26:57.139 [JavaFX Application Thread] DEBUG Input                - Clearing active input actions
19:26:57.147 [JavaFX Application Thread] DEBUG GameApplicationServi - Removing overlay from FXGLStartupScene and adding to FXGLLoadingScene
19:26:57.148 [JavaFX Application Thread] DEBUG PrimaryStageWindow   - FXGLStartupScene -> FXGLLoadingScene
19:26:57.148 [JavaFX Application Thread] DEBUG GameApplicationServi - Clearing previous game
19:26:57.148 [JavaFX Application Thread] DEBUG GameScene            - Clearing game scene
19:26:57.148 [JavaFX Application Thread] DEBUG GameWorld            - Clearing game world
19:26:57.148 [JavaFX Application Thread] DEBUG PhysicsWorld         - Clearing physics world
19:26:57.150 [FXGL Background Thread 4 ] DEBUG FXGLApplication      - Initializing game
19:26:57.152 [JavaFX Application Thread] DEBUG FXGLApplication      - Registering font factories with UI factory
19:26:57.154 [FXGL Background Thread 4 ] DEBUG FXGLAssetLoaderServi - Loading from file system: file:/C:/Users/Alexey/Documents/FPS%20DAM/Entornos/Project/Testing_with_FXGL/target/classes/assets/textures/mainScene/background.png
19:26:57.177 [FXGL Background Thread 4 ] DEBUG FXGLAssetLoaderServi - Loading from file system: file:/C:/Users/Alexey/Documents/FPS%20DAM/Entornos/Project/Testing_with_FXGL/target/classes/assets/textures/sheet.png
19:26:57.181 [FXGL Background Thread 4 ] INFO  FXGLApplication      - Game initialization took: 0,031 sec
19:26:57.212 [JavaFX Application Thread] DEBUG Input                - Clearing active input actions
19:26:57.220 [JavaFX Application Thread] DEBUG GameApplicationServi - Removing overlay from FXGLLoadingScene and adding to GameScene
19:26:57.220 [JavaFX Application Thread] DEBUG PrimaryStageWindow   - FXGLLoadingScene -> GameScene
19:26:57.617 [FXGL Background Thread 2 ] INFO  UpdaterService       - Your current version:  17.1
19:26:57.618 [FXGL Background Thread 2 ] INFO  UpdaterService       - Latest stable version: 17.3
19:26:57.857 [JavaFX Application Thread] DEBUG FXGLAssetLoaderServi - Loading from file system: file:/C:/Users/Alexey/Documents/FPS%20DAM/Entornos/Project/Testing_with_FXGL/target/classes/assets/textures/mainScene/axe.png
19:26:57.860 [JavaFX Application Thread] DEBUG FXGLAssetLoaderServi - Loading from file system: file:/C:/Users/Alexey/Documents/FPS%20DAM/Entornos/Project/Testing_with_FXGL/target/classes/assets/textures/mainScene/walkingCat.png
19:26:57.868 [JavaFX Application Thread] DEBUG FXGLAssetLoaderServi - Loading from file system: file:/C:/Users/Alexey/Documents/FPS%20DAM/Entornos/Project/Testing_with_FXGL/target/classes/assets/textures/mainScene/energySet.png
19:26:57.870 [JavaFX Application Thread] DEBUG FXGLAssetLoaderServi - Loading from file system: file:/C:/Users/Alexey/Documents/FPS%20DAM/Entornos/Project/Testing_with_FXGL/target/classes/assets/textures/mainScene/hunger.png
19:26:57.885 [JavaFX Application Thread] DEBUG LoopRunner           - Stopping loop
19:26:57.888 [JavaFX Application Thread] FATAL FXGLApplication      - Uncaught Exception:
java.lang.NullPointerException: Cannot invoke "java.time.temporal.Temporal.until(java.time.temporal.Temporal, java.time.temporal.TemporalUnit)" because "temporal1Inclusive" is null
	at java.base/java.time.temporal.ChronoUnit.between(ChronoUnit.java:272)
	at com.example.tutorial.MainScene.MainScene.update(MainScene.java:89)
	at com.example.tutorial.BasicGameApp.onUpdate(BasicGameApp.java:79)
	at com.almasb.fxgl.app.FXGLApplication$GameApplicationService.onGameUpdate(FXGLApplication.kt:421)
	at com.almasb.fxgl.app.Engine.onGameUpdate(Engine.kt:138)
	at com.almasb.fxgl.app.FXGLApplication.postServicesInit$lambda-7(FXGLApplication.kt:182)
	at com.almasb.fxgl.scene.Scene.update(Scene.kt:113)
	at com.almasb.fxgl.app.MainWindow$update$1.invoke(MainWindow.kt:115)
	at com.almasb.fxgl.app.MainWindow$update$1.invoke(MainWindow.kt:115)
	at com.almasb.fxgl.core.fsm.StateMachine.runOnActiveStates(StateMachine.kt:69)
	at com.almasb.fxgl.app.MainWindow.update(MainWindow.kt:115)
	at com.almasb.fxgl.app.FXGLApplication$GameApplicationService.onUpdate(FXGLApplication.kt:426)
	at com.almasb.fxgl.app.Engine.loop(Engine.kt:134)
	at com.almasb.fxgl.app.Engine.access$loop(Engine.kt:24)
	at com.almasb.fxgl.app.Engine$loop$1.invoke(Engine.kt:28)
	at com.almasb.fxgl.app.Engine$loop$1.invoke(Engine.kt:28)
	at com.almasb.fxgl.app.LoopRunner.frame(LoopRunner.kt:103)
	at com.almasb.fxgl.app.LoopRunner.access$frame(LoopRunner.kt:23)
	at com.almasb.fxgl.app.LoopRunner$impl$2$2.onTick(LoopRunner.kt:64)
	at com.almasb.fxgl.app.ScheduledExecutorLoop.start$lambda-1$lambda-0(LoopRunner.kt:170)
	at com.sun.javafx.application.PlatformImpl.lambda$runLater$10(PlatformImpl.java:457)
	at java.base/java.security.AccessController.doPrivileged(AccessController.java:399)
	at com.sun.javafx.application.PlatformImpl.lambda$runLater$11(PlatformImpl.java:456)
	at com.sun.glass.ui.InvokeLaterDispatcher$Future.run(InvokeLaterDispatcher.java:96)
	at com.sun.glass.ui.win.WinApplication._runLoop(Native Method)
	at com.sun.glass.ui.win.WinApplication.lambda$runLoop$3(WinApplication.java:184)
	at java.base/java.lang.Thread.run(Thread.java:1589)

19:26:57.891 [JavaFX Application Thread] FATAL FXGLApplication      - Application will now exit
19:26:57.911 [JavaFX Application Thread] DEBUG PrimaryStageWindow   - Push state: ErrorSubScene
19:26:57.911 [JavaFX Application Thread] DEBUG Input                - Clearing active input actions
19:26:57.915 [JavaFX Application Thread] DEBUG GameApplicationServi - Removing overlay from GameScene and adding to ErrorSubScene
19:26:57.915 [JavaFX Application Thread] DEBUG PrimaryStageWindow   - GameScene -> ErrorSubScene
19:26:59.378 [JavaFX Application Thread] DEBUG FXGLApplication      - Exiting FXGL
19:26:59.378 [JavaFX Application Thread] DEBUG Async                - Shutting down background threads
19:26:59.378 [JavaFX Application Thread] DEBUG PrimaryStageWindow   - Closing main window
19:26:59.407 [JavaFX Application Thread] DEBUG Logger               - Closing Logger
