03:45:25.806 [main                     ] DEBUG Logger               - Configured Logger
03:45:25.826 [main                     ] DEBUG GameApplication      - Logging settings
Title: Untitled
Version: 0.0
Width: 900
Height: 700
Fullscreen: false
Intro: false
Profiling: false
Single step:false
App Mode: DEVELOPER
Menu Key: ESCAPE
Stage Style: DECORATED
Scene Factory: class com.almasb.fxgl.app.scene.SceneFactory

03:45:26.256 [JavaFX Application Thread] DEBUG FXGLApplication      - Initializing FXGL
03:45:26.261 [JavaFX Application Thread] INFO  Engine               - FXGL-17.1 (24.03.2022 17.34) on WINDOWS (J:19.0.2 FX:19-ea)
03:45:26.261 [JavaFX Application Thread] DEBUG Engine               - JRE Vendor Name: Oracle Corporation
03:45:26.262 [JavaFX Application Thread] DEBUG Engine               - Running on OS: Windows 11 version 10.0
03:45:26.262 [JavaFX Application Thread] DEBUG Engine               - Architecture: amd64
03:45:26.262 [JavaFX Application Thread] INFO  Engine               - Source code and latest versions at: https://github.com/AlmasB/FXGL
03:45:26.262 [JavaFX Application Thread] INFO  Engine               -       Ask questions and discuss at: https://github.com/AlmasB/FXGL/discussions
03:45:26.262 [JavaFX Application Thread] INFO  Engine               -              Join the FXGL chat at: https://gitter.im/AlmasB/FXGL
03:45:26.341 [JavaFX Application Thread] DEBUG PrimaryStageWindow   - Creating a JavaFX scene
03:45:26.375 [JavaFX Application Thread] DEBUG PrimaryStageWindow   - Target settings size: 900.0 x 700.0
03:45:26.375 [JavaFX Application Thread] DEBUG PrimaryStageWindow   - Scaled scene size:    900.0 x 700.0
03:45:26.375 [JavaFX Application Thread] DEBUG PrimaryStageWindow   - Scaled ratio: (1.0, 1.0)
03:45:26.376 [JavaFX Application Thread] DEBUG PrimaryStageWindow   - Set initial scene to FXGLStartupScene
03:45:26.381 [JavaFX Application Thread] DEBUG PrimaryStageWindow   - Opening main window
03:45:26.449 [JavaFX Application Thread] DEBUG PrimaryStageWindow   - Window border size: (14.4000244140625, 37.5999755859375)
03:45:26.450 [JavaFX Application Thread] DEBUG PrimaryStageWindow   - Scaled size: 900.0 x 700.0
03:45:26.450 [JavaFX Application Thread] DEBUG PrimaryStageWindow   - Scaled ratio: (1.0, 1.0)
03:45:26.450 [JavaFX Application Thread] DEBUG PrimaryStageWindow   - Scene size: 900.0 x 700.0
03:45:26.450 [JavaFX Application Thread] DEBUG PrimaryStageWindow   - Stage size: 914.4000244140625 x 737.5999755859375
03:45:26.456 [FXGL Background Thread 1 ] DEBUG Engine               - Initializing environment variables
03:45:26.503 [FXGL Background Thread 1 ] DEBUG FXGLAssetLoaderServi - User app class for loading assets: class com.example.tutorial.BasicGameApp
03:45:26.503 [FXGL Background Thread 1 ] DEBUG GameApplicationServi - Applying CSS: fxgl_dark.css
03:45:26.504 [FXGL Background Thread 1 ] DEBUG FXGLAssetLoaderServi - Loading from file system: jar:file:/C:/Users/Alexey/.m2/repository/com/github/almasb/fxgl/17.1/fxgl-17.1.jar!/fxglassets/ui/css/fxgl_dark.css
03:45:26.537 [FXGL Background Thread 1 ] DEBUG GameApplicationServi - Initializing application scenes
03:45:26.580 [FXGL Background Thread 1 ] DEBUG GameWorld            - Game world initialized
03:45:26.625 [FXGL Background Thread 1 ] DEBUG PhysicsWorld         - Physics world initialized: appHeight=700, physics.ppm=50,0
03:45:26.625 [FXGL Background Thread 1 ] DEBUG PhysicsWorld         - Using strategy: BRUTE_FORCE
03:45:26.634 [FXGL Background Thread 1 ] DEBUG GameScene            - Game scene initialized: 900x700
03:45:26.634 [FXGL Background Thread 1 ] DEBUG GameApplicationServi - Application scenes initialized
03:45:26.652 [FXGL Background Thread 1 ] DEBUG SystemBundleService  - Loading FXGL system data
03:45:26.656 [FXGL Background Thread 1 ] DEBUG FileSystemAccess     - Reading from: C:\Users\Alexey\Documents\FPS DAM\Entornos\Project\Testing_with_FXGL\system\fxgl.bundle
03:45:26.664 [FXGL Background Thread 1 ] DEBUG SystemBundleService  - Bundle FXGL: {}
03:45:26.664 [FXGL Background Thread 1 ] DEBUG UpdaterService       - Checking for updates
03:45:26.670 [FXGL Background Thread 4 ] DEBUG FXGLApplication      - Loading fonts
03:45:26.670 [FXGL Background Thread 4 ] DEBUG FXGLAssetLoaderServi - Loading from file system: jar:file:/C:/Users/Alexey/.m2/repository/com/github/almasb/fxgl/17.1/fxgl-17.1.jar!/fxglassets/ui/fonts/VarelaRound-Regular.ttf
03:45:26.671 [FXGL Background Thread 1 ] DEBUG FXGLApplication      - Loading default localization
03:45:26.671 [FXGL Background Thread 1 ] DEBUG FXGLAssetLoaderServi - Loading from file system: jar:file:/C:/Users/Alexey/.m2/repository/com/github/almasb/fxgl/17.1/fxgl-17.1.jar!/fxglassets/languages/english.lang
03:45:26.709 [FXGL Background Thread 1 ] INFO  FXGLApplication      - FXGL initialization took: 0,253 sec
03:45:26.714 [JavaFX Application Thread] DEBUG Input                - Registered new binding: press space - LMB
03:45:26.725 [JavaFX Application Thread] DEBUG Input                - Registered new binding: press esc - Esc
03:45:26.726 [JavaFX Application Thread] DEBUG FXGLAssetLoaderServi - Loading from file system: jar:file:/C:/Users/Alexey/.m2/repository/com/github/almasb/fxgl/17.1/fxgl-17.1.jar!/fxglassets/textures/fxgl_icon.png
03:45:26.733 [FXGL Background Thread 4 ] DEBUG FXGLAssetLoaderServi - Loading from file system: jar:file:/C:/Users/Alexey/.m2/repository/com/github/almasb/fxgl/17.1/fxgl-17.1.jar!/fxglassets/ui/fonts/Abel-Regular.ttf
03:45:26.735 [FXGL Background Thread 4 ] DEBUG FXGLAssetLoaderServi - Loading from file system: jar:file:/C:/Users/Alexey/.m2/repository/com/github/almasb/fxgl/17.1/fxgl-17.1.jar!/fxglassets/ui/fonts/TerminalLandMono-Regular.otf
03:45:26.738 [FXGL Background Thread 4 ] DEBUG FXGLAssetLoaderServi - Loading from file system: jar:file:/C:/Users/Alexey/.m2/repository/com/github/almasb/fxgl/17.1/fxgl-17.1.jar!/fxglassets/ui/fonts/Courier-Prime.ttf
03:45:26.767 [JavaFX Application Thread] DEBUG FXGLAssetLoaderServi - Loading from file system: jar:file:/C:/Users/Alexey/.m2/repository/com/github/almasb/fxgl/17.1/fxgl-17.1.jar!/fxglassets/textures/fxgl_default_cursor.png
03:45:26.770 [JavaFX Application Thread] DEBUG Input                - Registered new binding: Screenshot - CTRL+8
03:45:26.771 [JavaFX Application Thread] DEBUG Input                - Registered new binding: System info dump - CTRL+9
03:45:26.773 [JavaFX Application Thread] DEBUG Input                - Registered new binding: Restart - CTRL+R
03:45:26.775 [JavaFX Application Thread] DEBUG Input                - Registered new binding: Toggle Debug Camera - CTRL+7
03:45:26.780 [JavaFX Application Thread] DEBUG LoopRunner           - Starting loop
03:45:26.780 [JavaFX Application Thread] DEBUG LoopRunner           - Initializing ScheduledExecutorLoop with fps: 60
03:45:26.783 [JavaFX Application Thread] DEBUG GameApplicationServi - Starting new game
03:45:26.783 [JavaFX Application Thread] DEBUG Input                - Clearing active input actions
03:45:26.794 [JavaFX Application Thread] DEBUG GameApplicationServi - Removing overlay from FXGLStartupScene and adding to FXGLLoadingScene
03:45:26.794 [JavaFX Application Thread] DEBUG PrimaryStageWindow   - FXGLStartupScene -> FXGLLoadingScene
03:45:26.794 [JavaFX Application Thread] DEBUG GameApplicationServi - Clearing previous game
03:45:26.794 [JavaFX Application Thread] DEBUG GameScene            - Clearing game scene
03:45:26.794 [JavaFX Application Thread] DEBUG GameWorld            - Clearing game world
03:45:26.794 [JavaFX Application Thread] DEBUG PhysicsWorld         - Clearing physics world
03:45:26.796 [FXGL Background Thread 4 ] DEBUG FXGLApplication      - Initializing game
03:45:26.798 [JavaFX Application Thread] DEBUG FXGLApplication      - Registering font factories with UI factory
03:45:26.799 [FXGL Background Thread 4 ] DEBUG FXGLAssetLoaderServi - Loading from file system: file:/C:/Users/Alexey/Documents/FPS%20DAM/Entornos/Project/Testing_with_FXGL/target/classes/assets/textures/mainScene/background.png
03:45:26.824 [FXGL Background Thread 4 ] DEBUG FXGLAssetLoaderServi - Loading from file system: file:/C:/Users/Alexey/Documents/FPS%20DAM/Entornos/Project/Testing_with_FXGL/target/classes/assets/textures/sheet.png
03:45:26.828 [FXGL Background Thread 4 ] INFO  FXGLApplication      - Game initialization took: 0,032 sec
03:45:26.853 [JavaFX Application Thread] DEBUG Input                - Clearing active input actions
03:45:26.863 [JavaFX Application Thread] DEBUG GameApplicationServi - Removing overlay from FXGLLoadingScene and adding to GameScene
03:45:26.863 [JavaFX Application Thread] DEBUG PrimaryStageWindow   - FXGLLoadingScene -> GameScene
03:45:27.054 [FXGL Background Thread 2 ] INFO  UpdaterService       - Your current version:  17.1
03:45:27.054 [FXGL Background Thread 2 ] INFO  UpdaterService       - Latest stable version: 17.3
03:45:27.635 [JavaFX Application Thread] DEBUG FXGLAssetLoaderServi - Loading from file system: file:/C:/Users/Alexey/Documents/FPS%20DAM/Entornos/Project/Testing_with_FXGL/target/classes/assets/textures/mainScene/axe.png
03:45:27.637 [JavaFX Application Thread] DEBUG FXGLAssetLoaderServi - Loading from file system: file:/C:/Users/Alexey/Documents/FPS%20DAM/Entornos/Project/Testing_with_FXGL/target/classes/assets/textures/mainScene/walkingCat.png
03:45:27.645 [JavaFX Application Thread] DEBUG FXGLAssetLoaderServi - Loading from file system: file:/C:/Users/Alexey/Documents/FPS%20DAM/Entornos/Project/Testing_with_FXGL/target/classes/assets/textures/mainScene/energySet.png
03:45:27.648 [JavaFX Application Thread] DEBUG FXGLAssetLoaderServi - Loading from file system: file:/C:/Users/Alexey/Documents/FPS%20DAM/Entornos/Project/Testing_with_FXGL/target/classes/assets/textures/mainScene/hunger.png
03:45:28.405 [JavaFX Application Thread] DEBUG FXGLAssetLoaderServi - Loading from file system: file:/C:/Users/Alexey/Documents/FPS%20DAM/Entornos/Project/Testing_with_FXGL/target/classes/assets/textures/miniGame/HeartA.png
03:45:28.405 [JavaFX Application Thread] DEBUG FXGLAssetLoaderServi - Loading from file system: file:/C:/Users/Alexey/Documents/FPS%20DAM/Entornos/Project/Testing_with_FXGL/target/classes/assets/textures/miniGame/HeartADead.png
03:45:28.407 [JavaFX Application Thread] DEBUG FXGLAssetLoaderServi - Loading from file system: file:/C:/Users/Alexey/Documents/FPS%20DAM/Entornos/Project/Testing_with_FXGL/target/classes/assets/textures/miniGame/woodParticle1.png
03:45:28.419 [JavaFX Application Thread] DEBUG FXGLAssetLoaderServi - Loading from file system: file:/C:/Users/Alexey/Documents/FPS%20DAM/Entornos/Project/Testing_with_FXGL/target/classes/assets/textures/miniGame/woodParticle4.png
03:45:28.433 [JavaFX Application Thread] DEBUG FXGLAssetLoaderServi - Loading from file system: file:/C:/Users/Alexey/Documents/FPS%20DAM/Entornos/Project/Testing_with_FXGL/target/classes/assets/textures/miniGame/woodParticle3.png
03:45:28.935 [JavaFX Application Thread] DEBUG FXGLAssetLoaderServi - Loading from file system: file:/C:/Users/Alexey/Documents/FPS%20DAM/Entornos/Project/Testing_with_FXGL/target/classes/assets/textures/miniGame/woodParticle2.png
03:45:29.052 [JavaFX Application Thread] DEBUG FXGLAssetLoaderServi - Loading from file system: file:/C:/Users/Alexey/Documents/FPS%20DAM/Entornos/Project/Testing_with_FXGL/target/classes/assets/textures/miniGame/wood.png
03:45:29.668 [FXGL Background Thread 3 ] DEBUG Engine               - Logging environment variables
03:45:29.668 [FXGL Background Thread 3 ] DEBUG Engine               - achievements: []
03:45:29.668 [FXGL Background Thread 3 ] DEBUG Engine               - actualHeight: 700.0
03:45:29.668 [FXGL Background Thread 3 ] DEBUG Engine               - actualHeightProperty: ReadOnlyDoubleProperty [value: 700.0]
03:45:29.669 [FXGL Background Thread 3 ] DEBUG Engine               - actualWidth: 900.0
03:45:29.669 [FXGL Background Thread 3 ] DEBUG Engine               - actualWidthProperty: ReadOnlyDoubleProperty [value: 900.0]
03:45:29.669 [FXGL Background Thread 3 ] DEBUG Engine               - appIcon: fxgl_icon.png
03:45:29.669 [FXGL Background Thread 3 ] DEBUG Engine               - applicationMode: DEVELOPER
03:45:29.669 [FXGL Background Thread 3 ] DEBUG Engine               - cSSList: [fxgl_dark.css]
03:45:29.669 [FXGL Background Thread 3 ] DEBUG Engine               - collisionDetectionStrategy: BRUTE_FORCE
03:45:29.669 [FXGL Background Thread 3 ] DEBUG Engine               - configClass: Optional.empty
03:45:29.669 [FXGL Background Thread 3 ] DEBUG Engine               - credits: []
03:45:29.671 [FXGL Background Thread 3 ] DEBUG Engine               - defaultCursor: CursorInfo(imageName=fxgl_default_cursor.png, hotspotX=7.0, hotspotY=6.0)
03:45:29.671 [FXGL Background Thread 3 ] DEBUG Engine               - devBBoxColorProperty: ObjectProperty [value: 0xff0000ff]
03:45:29.671 [FXGL Background Thread 3 ] DEBUG Engine               - devEnableDebugCameraProperty: BooleanProperty [value: false]
03:45:29.671 [FXGL Background Thread 3 ] DEBUG Engine               - devSensorColorProperty: ObjectProperty [value: 0xffff00ff]
03:45:29.671 [FXGL Background Thread 3 ] DEBUG Engine               - devShowBBoxProperty: BooleanProperty [value: false]
03:45:29.671 [FXGL Background Thread 3 ] DEBUG Engine               - devShowPositionProperty: BooleanProperty [value: false]
03:45:29.671 [FXGL Background Thread 3 ] DEBUG Engine               - enabledMenuItems: []
03:45:29.671 [FXGL Background Thread 3 ] DEBUG Engine               - engineServices: [class com.almasb.fxgl.app.services.FXGLAssetLoaderService, class com.almasb.fxgl.app.FXGLApplication$GameApplicationService, class com.almasb.fxgl.app.services.FXGLDialogService, class com.almasb.fxgl.app.services.IOTaskExecutorService, class com.almasb.fxgl.io.FileSystemService, class com.almasb.fxgl.localization.LocalizationService, class com.almasb.fxgl.app.services.SystemBundleService, class com.almasb.fxgl.profile.SaveLoadService, class com.almasb.fxgl.ui.FXGLUIFactoryServiceProvider, class com.almasb.fxgl.ui.FXGLDialogFactoryServiceProvider, class com.almasb.fxgl.audio.AudioPlayer, class com.almasb.fxgl.notification.impl.NotificationServiceProvider, class com.almasb.fxgl.achievement.AchievementService, class com.almasb.fxgl.cutscene.CutsceneService, class com.almasb.fxgl.minigames.MiniGameService, class com.almasb.fxgl.net.NetService, class com.almasb.fxgl.app.services.UpdaterService, class com.almasb.fxgl.dev.DevService]
03:45:29.671 [FXGL Background Thread 3 ] DEBUG Engine               - fontGame: Abel-Regular.ttf
03:45:29.671 [FXGL Background Thread 3 ] DEBUG Engine               - fontMono: TerminalLandMono-Regular.otf
03:45:29.671 [FXGL Background Thread 3 ] DEBUG Engine               - fontText: Courier-Prime.ttf
03:45:29.671 [FXGL Background Thread 3 ] DEBUG Engine               - fontUI: VarelaRound-Regular.ttf
03:45:29.671 [FXGL Background Thread 3 ] DEBUG Engine               - fullScreen: BooleanProperty [value: false]
03:45:29.671 [FXGL Background Thread 3 ] DEBUG Engine               - gameDifficulty: MEDIUM
03:45:29.671 [FXGL Background Thread 3 ] DEBUG Engine               - gameDifficultyProperty: ObjectProperty [value: MEDIUM]
03:45:29.671 [FXGL Background Thread 3 ] DEBUG Engine               - globalMusicVolume: 0.5
03:45:29.671 [FXGL Background Thread 3 ] DEBUG Engine               - globalMusicVolumeProperty: DoubleProperty [value: 0.5]
03:45:29.671 [FXGL Background Thread 3 ] DEBUG Engine               - globalSoundVolume: 0.5
03:45:29.671 [FXGL Background Thread 3 ] DEBUG Engine               - globalSoundVolumeProperty: DoubleProperty [value: 0.5]
03:45:29.671 [FXGL Background Thread 3 ] DEBUG Engine               - height: 700
03:45:29.671 [FXGL Background Thread 3 ] DEBUG Engine               - is3D: false
03:45:29.671 [FXGL Background Thread 3 ] DEBUG Engine               - isAndroid: false
03:45:29.671 [FXGL Background Thread 3 ] DEBUG Engine               - isBrowser: false
03:45:29.671 [FXGL Background Thread 3 ] DEBUG Engine               - isClickFeedbackEnabled: false
03:45:29.671 [FXGL Background Thread 3 ] DEBUG Engine               - isCloseConfirmation: false
03:45:29.671 [FXGL Background Thread 3 ] DEBUG Engine               - isDesktop: true
03:45:29.671 [FXGL Background Thread 3 ] DEBUG Engine               - isDeveloperMenuEnabled: false
03:45:29.672 [FXGL Background Thread 3 ] DEBUG Engine               - isEmbedded: false
03:45:29.672 [FXGL Background Thread 3 ] DEBUG Engine               - isEntityPreloadEnabled: true
03:45:29.672 [FXGL Background Thread 3 ] DEBUG Engine               - isExperimentalTiledLargeMap: false
03:45:29.672 [FXGL Background Thread 3 ] DEBUG Engine               - isFileSystemWriteAllowed: true
03:45:29.672 [FXGL Background Thread 3 ] DEBUG Engine               - isFullScreenAllowed: false
03:45:29.672 [FXGL Background Thread 3 ] DEBUG Engine               - isFullScreenFromStart: false
03:45:29.672 [FXGL Background Thread 3 ] DEBUG Engine               - isGameMenuEnabled: false
03:45:29.672 [FXGL Background Thread 3 ] DEBUG Engine               - isIOS: false
03:45:29.672 [FXGL Background Thread 3 ] DEBUG Engine               - isIntroEnabled: false
03:45:29.672 [FXGL Background Thread 3 ] DEBUG Engine               - isLinux: false
03:45:29.672 [FXGL Background Thread 3 ] DEBUG Engine               - isMac: false
03:45:29.672 [FXGL Background Thread 3 ] DEBUG Engine               - isMainMenuEnabled: false
03:45:29.672 [FXGL Background Thread 3 ] DEBUG Engine               - isManualResizeEnabled: false
03:45:29.672 [FXGL Background Thread 3 ] DEBUG Engine               - isMobile: false
03:45:29.672 [FXGL Background Thread 3 ] DEBUG Engine               - isNative: false
03:45:29.672 [FXGL Background Thread 3 ] DEBUG Engine               - isPauseMusicWhenMinimized: true
03:45:29.672 [FXGL Background Thread 3 ] DEBUG Engine               - isPreserveResizeRatio: false
03:45:29.672 [FXGL Background Thread 3 ] DEBUG Engine               - isProfilingEnabled: false
03:45:29.672 [FXGL Background Thread 3 ] DEBUG Engine               - isScaleAffectedOnResize: true
03:45:29.672 [FXGL Background Thread 3 ] DEBUG Engine               - isSingleStep: false
03:45:29.672 [FXGL Background Thread 3 ] DEBUG Engine               - isUserProfileEnabled: false
03:45:29.672 [FXGL Background Thread 3 ] DEBUG Engine               - isWindows: true
03:45:29.672 [FXGL Background Thread 3 ] DEBUG Engine               - language: ObjectProperty [value: ENGLISH]
03:45:29.672 [FXGL Background Thread 3 ] DEBUG Engine               - menuKey: ESCAPE
03:45:29.672 [FXGL Background Thread 3 ] DEBUG Engine               - mouseSensitivity: 0.2
03:45:29.672 [FXGL Background Thread 3 ] DEBUG Engine               - notificationViewClass: class com.almasb.fxgl.notification.view.XboxNotificationView
03:45:29.672 [FXGL Background Thread 3 ] DEBUG Engine               - pixelsPerMeter: 50.0
03:45:29.672 [FXGL Background Thread 3 ] DEBUG Engine               - platform: WINDOWS
03:45:29.672 [FXGL Background Thread 3 ] DEBUG Engine               - prefHeightProperty: ReadOnlyDoubleProperty [value: 700.0]
03:45:29.672 [FXGL Background Thread 3 ] DEBUG Engine               - prefWidthProperty: ReadOnlyDoubleProperty [value: 900.0]
03:45:29.672 [FXGL Background Thread 3 ] DEBUG Engine               - profileDir: profiles/
03:45:29.672 [FXGL Background Thread 3 ] DEBUG Engine               - profileName: StringProperty [value: DEFAULT]
03:45:29.672 [FXGL Background Thread 3 ] DEBUG Engine               - randomSeed: -1
03:45:29.672 [FXGL Background Thread 3 ] DEBUG Engine               - runtimeInfo: RuntimeInfo(platform=WINDOWS, version=17.1, build=24.03.2022 17.34)
03:45:29.672 [FXGL Background Thread 3 ] DEBUG Engine               - saveFileExt: sav
03:45:29.672 [FXGL Background Thread 3 ] DEBUG Engine               - scaledHeightProp$fxgl: DoubleProperty [bound, value: 700.0]
03:45:29.672 [FXGL Background Thread 3 ] DEBUG Engine               - scaledWidthProp$fxgl: DoubleProperty [bound, value: 900.0]
03:45:29.674 [FXGL Background Thread 3 ] DEBUG Engine               - sceneFactory: com.almasb.fxgl.app.scene.SceneFactory@6e739e81
03:45:29.674 [FXGL Background Thread 3 ] DEBUG Engine               - secondsIn24h: 60
03:45:29.674 [FXGL Background Thread 3 ] DEBUG Engine               - soundMenuBack: menu/back.wav
03:45:29.674 [FXGL Background Thread 3 ] DEBUG Engine               - soundMenuPress: menu/press.wav
03:45:29.674 [FXGL Background Thread 3 ] DEBUG Engine               - soundMenuSelect: menu/select.wav
03:45:29.674 [FXGL Background Thread 3 ] DEBUG Engine               - soundNotification: core/notification.wav
03:45:29.674 [FXGL Background Thread 3 ] DEBUG Engine               - stageStyle: DECORATED
03:45:29.674 [FXGL Background Thread 3 ] DEBUG Engine               - supportedLanguages: [ENGLISH, FRENCH, GERMAN, HUNGARIAN, RUSSIAN]
03:45:29.674 [FXGL Background Thread 3 ] DEBUG Engine               - ticksPerSecond: 60
03:45:29.674 [FXGL Background Thread 3 ] DEBUG Engine               - title: Untitled
03:45:29.674 [FXGL Background Thread 3 ] DEBUG Engine               - urlGithub: https://github.com/AlmasB/FXGL
03:45:29.674 [FXGL Background Thread 3 ] DEBUG Engine               - urlLeaderboard: http://fxgl-top.herokuapp.com/
03:45:29.674 [FXGL Background Thread 3 ] DEBUG Engine               - urlPOM: https://raw.githubusercontent.com/AlmasB/FXGL/release/README.md
03:45:29.674 [FXGL Background Thread 3 ] DEBUG Engine               - userAppClass: class com.example.tutorial.BasicGameApp
03:45:29.674 [FXGL Background Thread 3 ] DEBUG Engine               - version: 0.0
03:45:29.674 [FXGL Background Thread 3 ] DEBUG Engine               - versionCheckDays: 7
03:45:29.674 [FXGL Background Thread 3 ] DEBUG Engine               - width: 900
03:45:29.674 [FXGL Background Thread 3 ] DEBUG Engine               - Logging services
03:45:29.674 [FXGL Background Thread 3 ] DEBUG Engine               - class com.almasb.fxgl.app.services.FXGLAssetLoaderService
03:45:29.674 [FXGL Background Thread 3 ] DEBUG Engine               - class com.almasb.fxgl.app.FXGLApplication$GameApplicationService
03:45:29.674 [FXGL Background Thread 3 ] DEBUG Engine               - class com.almasb.fxgl.app.services.FXGLDialogService
03:45:29.674 [FXGL Background Thread 3 ] DEBUG Engine               - class com.almasb.fxgl.app.services.IOTaskExecutorService
03:45:29.674 [FXGL Background Thread 3 ] DEBUG Engine               - class com.almasb.fxgl.io.FileSystemService
03:45:29.674 [FXGL Background Thread 3 ] DEBUG Engine               - class com.almasb.fxgl.localization.LocalizationService
03:45:29.674 [FXGL Background Thread 3 ] DEBUG Engine               - class com.almasb.fxgl.app.services.SystemBundleService
03:45:29.674 [FXGL Background Thread 3 ] DEBUG Engine               - class com.almasb.fxgl.profile.SaveLoadService
03:45:29.674 [FXGL Background Thread 3 ] DEBUG Engine               - class com.almasb.fxgl.ui.FXGLUIFactoryServiceProvider
03:45:29.674 [FXGL Background Thread 3 ] DEBUG Engine               - class com.almasb.fxgl.ui.FXGLDialogFactoryServiceProvider
03:45:29.674 [FXGL Background Thread 3 ] DEBUG Engine               - class com.almasb.fxgl.audio.AudioPlayer
03:45:29.674 [FXGL Background Thread 3 ] DEBUG Engine               - class com.almasb.fxgl.notification.impl.NotificationServiceProvider
03:45:29.674 [FXGL Background Thread 3 ] DEBUG Engine               - class com.almasb.fxgl.achievement.AchievementService
03:45:29.674 [FXGL Background Thread 3 ] DEBUG Engine               - class com.almasb.fxgl.cutscene.CutsceneService
03:45:29.674 [FXGL Background Thread 3 ] DEBUG Engine               - class com.almasb.fxgl.minigames.MiniGameService
03:45:29.674 [FXGL Background Thread 3 ] DEBUG Engine               - class com.almasb.fxgl.net.NetService
03:45:29.674 [FXGL Background Thread 3 ] DEBUG Engine               - class com.almasb.fxgl.app.services.UpdaterService
03:45:29.674 [FXGL Background Thread 3 ] DEBUG Engine               - class com.almasb.fxgl.dev.DevService
03:45:29.801 [JavaFX Application Thread] DEBUG FXGLAssetLoaderServi - Loading from file system: file:/C:/Users/Alexey/Documents/FPS%20DAM/Entornos/Project/Testing_with_FXGL/target/classes/assets/textures/miniGame/horizontalCutWood.png
03:45:33.802 [JavaFX Application Thread] DEBUG FXGLAssetLoaderServi - Loading from file system: file:/C:/Users/Alexey/Documents/FPS%20DAM/Entornos/Project/Testing_with_FXGL/target/classes/assets/textures/miniGame/diagonalCutWood.png
03:45:37.501 [JavaFX Application Thread] DEBUG FXGLAssetLoaderServi - Loading from file system: file:/C:/Users/Alexey/Documents/FPS%20DAM/Entornos/Project/Testing_with_FXGL/target/classes/assets/textures/miniGame/bomb.png
03:45:44.035 [JavaFX Application Thread] DEBUG FXGLAssetLoaderServi - Loading from file system: file:/C:/Users/Alexey/Documents/FPS%20DAM/Entornos/Project/Testing_with_FXGL/target/classes/assets/textures/miniGame/explosion.png
03:46:00.884 [JavaFX Application Thread] DEBUG FXGLAssetLoaderServi - Loading from file system: file:/C:/Users/Alexey/Documents/FPS%20DAM/Entornos/Project/Testing_with_FXGL/target/classes/assets/textures/miniGame/cutWood.png
03:46:59.067 [JavaFX Application Thread] WARN  GameWorld            - Attempted to remove entity which is not active
03:47:41.200 [JavaFX Application Thread] WARN  GameWorld            - Attempted to remove entity which is not active
03:47:41.333 [JavaFX Application Thread] WARN  GameWorld            - Attempted to remove entity which is not active
03:47:53.650 [JavaFX Application Thread] DEBUG FXGLAssetLoaderServi - Loading from file system: file:/C:/Users/Alexey/Documents/FPS%20DAM/Entornos/Project/Testing_with_FXGL/target/classes/assets/textures/mainScene/backgroundNight.png
03:48:03.132 [JavaFX Application Thread] DEBUG FXGLApplication      - Exiting FXGL
03:48:03.132 [JavaFX Application Thread] DEBUG LoopRunner           - Stopping loop
03:48:03.132 [JavaFX Application Thread] DEBUG SystemBundleService  - Saving FXGL system data
03:48:03.134 [JavaFX Application Thread] DEBUG FileSystemAccess     - Writing to: C:\Users\Alexey\Documents\FPS DAM\Entornos\Project\Testing_with_FXGL\system\fxgl.bundle
03:48:03.135 [JavaFX Application Thread] DEBUG Async                - Shutting down background threads
03:48:03.135 [JavaFX Application Thread] DEBUG PrimaryStageWindow   - Closing main window
03:48:03.161 [JavaFX Application Thread] DEBUG Logger               - Closing Logger
