19:30:12.431 [main                     ] DEBUG Logger               - Configured Logger
19:30:12.450 [main                     ] DEBUG GameApplication      - Logging settings
Title: Untitled
Version: 0.0
Width: 900
Height: 700
Fullscreen: false
Intro: false
Profiling: false
Single step:false
App Mode: DEVELOPER
Menu Key: ESCAPE
Stage Style: DECORATED
Scene Factory: class com.almasb.fxgl.app.scene.SceneFactory

19:30:12.853 [JavaFX Application Thread] DEBUG FXGLApplication      - Initializing FXGL
19:30:12.860 [JavaFX Application Thread] INFO  Engine               - FXGL-17.1 (24.03.2022 17.34) on WINDOWS (J:19.0.2 FX:19-ea)
19:30:12.861 [JavaFX Application Thread] DEBUG Engine               - JRE Vendor Name: Oracle Corporation
19:30:12.861 [JavaFX Application Thread] DEBUG Engine               - Running on OS: Windows 11 version 10.0
19:30:12.861 [JavaFX Application Thread] DEBUG Engine               - Architecture: amd64
19:30:12.861 [JavaFX Application Thread] INFO  Engine               - Source code and latest versions at: https://github.com/AlmasB/FXGL
19:30:12.862 [JavaFX Application Thread] INFO  Engine               -       Ask questions and discuss at: https://github.com/AlmasB/FXGL/discussions
19:30:12.862 [JavaFX Application Thread] INFO  Engine               -              Join the FXGL chat at: https://gitter.im/AlmasB/FXGL
19:30:12.938 [JavaFX Application Thread] DEBUG PrimaryStageWindow   - Creating a JavaFX scene
19:30:12.969 [JavaFX Application Thread] DEBUG PrimaryStageWindow   - Target settings size: 900.0 x 700.0
19:30:12.969 [JavaFX Application Thread] DEBUG PrimaryStageWindow   - Scaled scene size:    900.0 x 700.0
19:30:12.969 [JavaFX Application Thread] DEBUG PrimaryStageWindow   - Scaled ratio: (1.0, 1.0)
19:30:12.970 [JavaFX Application Thread] DEBUG PrimaryStageWindow   - Set initial scene to FXGLStartupScene
19:30:12.975 [JavaFX Application Thread] DEBUG PrimaryStageWindow   - Opening main window
19:30:13.053 [JavaFX Application Thread] DEBUG PrimaryStageWindow   - Window border size: (14.4000244140625, 37.5999755859375)
19:30:13.053 [JavaFX Application Thread] DEBUG PrimaryStageWindow   - Scaled size: 900.0 x 700.0
19:30:13.053 [JavaFX Application Thread] DEBUG PrimaryStageWindow   - Scaled ratio: (1.0, 1.0)
19:30:13.054 [JavaFX Application Thread] DEBUG PrimaryStageWindow   - Scene size: 900.0 x 700.0
19:30:13.054 [JavaFX Application Thread] DEBUG PrimaryStageWindow   - Stage size: 914.4000244140625 x 737.5999755859375
19:30:13.060 [FXGL Background Thread 1 ] DEBUG Engine               - Initializing environment variables
19:30:13.103 [FXGL Background Thread 1 ] DEBUG FXGLAssetLoaderServi - User app class for loading assets: class com.example.tutorial.BasicGameApp
19:30:13.103 [FXGL Background Thread 1 ] DEBUG GameApplicationServi - Applying CSS: fxgl_dark.css
19:30:13.103 [FXGL Background Thread 1 ] DEBUG FXGLAssetLoaderServi - Loading from file system: jar:file:/C:/Users/Alexey/.m2/repository/com/github/almasb/fxgl/17.1/fxgl-17.1.jar!/fxglassets/ui/css/fxgl_dark.css
19:30:13.137 [FXGL Background Thread 1 ] DEBUG GameApplicationServi - Initializing application scenes
19:30:13.182 [FXGL Background Thread 1 ] DEBUG GameWorld            - Game world initialized
19:30:13.228 [FXGL Background Thread 1 ] DEBUG PhysicsWorld         - Physics world initialized: appHeight=700, physics.ppm=50,0
19:30:13.228 [FXGL Background Thread 1 ] DEBUG PhysicsWorld         - Using strategy: BRUTE_FORCE
19:30:13.232 [FXGL Background Thread 1 ] DEBUG GameScene            - Game scene initialized: 900x700
19:30:13.232 [FXGL Background Thread 1 ] DEBUG GameApplicationServi - Application scenes initialized
19:30:13.254 [FXGL Background Thread 1 ] DEBUG SystemBundleService  - Loading FXGL system data
19:30:13.259 [FXGL Background Thread 1 ] DEBUG FileSystemAccess     - Reading from: C:\Users\Alexey\Documents\FPS DAM\Entornos\Project\Testing_with_FXGL\system\fxgl.bundle
19:30:13.267 [FXGL Background Thread 1 ] DEBUG SystemBundleService  - Bundle FXGL: {}
19:30:13.267 [FXGL Background Thread 1 ] DEBUG UpdaterService       - Checking for updates
19:30:13.271 [FXGL Background Thread 4 ] DEBUG FXGLApplication      - Loading fonts
19:30:13.272 [FXGL Background Thread 4 ] DEBUG FXGLAssetLoaderServi - Loading from file system: jar:file:/C:/Users/Alexey/.m2/repository/com/github/almasb/fxgl/17.1/fxgl-17.1.jar!/fxglassets/ui/fonts/VarelaRound-Regular.ttf
19:30:13.272 [FXGL Background Thread 1 ] DEBUG FXGLApplication      - Loading default localization
19:30:13.273 [FXGL Background Thread 1 ] DEBUG FXGLAssetLoaderServi - Loading from file system: jar:file:/C:/Users/Alexey/.m2/repository/com/github/almasb/fxgl/17.1/fxgl-17.1.jar!/fxglassets/languages/english.lang
19:30:13.299 [FXGL Background Thread 1 ] INFO  FXGLApplication      - FXGL initialization took: 0,239 sec
19:30:13.308 [JavaFX Application Thread] DEBUG Input                - Registered new binding: press space - LMB
19:30:13.312 [JavaFX Application Thread] DEBUG Input                - Registered new binding: press esc - Esc
19:30:13.313 [JavaFX Application Thread] DEBUG FXGLAssetLoaderServi - Loading from file system: jar:file:/C:/Users/Alexey/.m2/repository/com/github/almasb/fxgl/17.1/fxgl-17.1.jar!/fxglassets/textures/fxgl_icon.png
19:30:13.335 [FXGL Background Thread 4 ] DEBUG FXGLAssetLoaderServi - Loading from file system: jar:file:/C:/Users/Alexey/.m2/repository/com/github/almasb/fxgl/17.1/fxgl-17.1.jar!/fxglassets/ui/fonts/Abel-Regular.ttf
19:30:13.338 [FXGL Background Thread 4 ] DEBUG FXGLAssetLoaderServi - Loading from file system: jar:file:/C:/Users/Alexey/.m2/repository/com/github/almasb/fxgl/17.1/fxgl-17.1.jar!/fxglassets/ui/fonts/TerminalLandMono-Regular.otf
19:30:13.340 [FXGL Background Thread 4 ] DEBUG FXGLAssetLoaderServi - Loading from file system: jar:file:/C:/Users/Alexey/.m2/repository/com/github/almasb/fxgl/17.1/fxgl-17.1.jar!/fxglassets/ui/fonts/Courier-Prime.ttf
19:30:13.357 [JavaFX Application Thread] DEBUG FXGLAssetLoaderServi - Loading from file system: jar:file:/C:/Users/Alexey/.m2/repository/com/github/almasb/fxgl/17.1/fxgl-17.1.jar!/fxglassets/textures/fxgl_default_cursor.png
19:30:13.358 [JavaFX Application Thread] DEBUG Input                - Registered new binding: Screenshot - CTRL+8
19:30:13.359 [JavaFX Application Thread] DEBUG Input                - Registered new binding: System info dump - CTRL+9
19:30:13.359 [JavaFX Application Thread] DEBUG Input                - Registered new binding: Restart - CTRL+R
19:30:13.360 [JavaFX Application Thread] DEBUG Input                - Registered new binding: Toggle Debug Camera - CTRL+7
19:30:13.362 [JavaFX Application Thread] DEBUG LoopRunner           - Starting loop
19:30:13.362 [JavaFX Application Thread] DEBUG LoopRunner           - Initializing ScheduledExecutorLoop with fps: 60
19:30:13.364 [JavaFX Application Thread] DEBUG GameApplicationServi - Starting new game
19:30:13.364 [JavaFX Application Thread] DEBUG Input                - Clearing active input actions
19:30:13.374 [JavaFX Application Thread] DEBUG GameApplicationServi - Removing overlay from FXGLStartupScene and adding to FXGLLoadingScene
19:30:13.374 [JavaFX Application Thread] DEBUG PrimaryStageWindow   - FXGLStartupScene -> FXGLLoadingScene
19:30:13.374 [JavaFX Application Thread] DEBUG GameApplicationServi - Clearing previous game
19:30:13.374 [JavaFX Application Thread] DEBUG GameScene            - Clearing game scene
19:30:13.374 [JavaFX Application Thread] DEBUG GameWorld            - Clearing game world
19:30:13.374 [JavaFX Application Thread] DEBUG PhysicsWorld         - Clearing physics world
19:30:13.377 [JavaFX Application Thread] DEBUG FXGLApplication      - Registering font factories with UI factory
19:30:13.377 [FXGL Background Thread 4 ] DEBUG FXGLApplication      - Initializing game
19:30:13.381 [FXGL Background Thread 4 ] DEBUG FXGLAssetLoaderServi - Loading from file system: file:/C:/Users/Alexey/Documents/FPS%20DAM/Entornos/Project/Testing_with_FXGL/target/classes/assets/textures/mainScene/background.png
19:30:13.407 [FXGL Background Thread 4 ] DEBUG FXGLAssetLoaderServi - Loading from file system: file:/C:/Users/Alexey/Documents/FPS%20DAM/Entornos/Project/Testing_with_FXGL/target/classes/assets/textures/sheet.png
19:30:13.412 [FXGL Background Thread 4 ] INFO  FXGLApplication      - Game initialization took: 0,035 sec
19:30:13.435 [JavaFX Application Thread] DEBUG Input                - Clearing active input actions
19:30:13.442 [JavaFX Application Thread] DEBUG GameApplicationServi - Removing overlay from FXGLLoadingScene and adding to GameScene
19:30:13.443 [JavaFX Application Thread] DEBUG PrimaryStageWindow   - FXGLLoadingScene -> GameScene
19:30:13.640 [FXGL Background Thread 2 ] INFO  UpdaterService       - Your current version:  17.1
19:30:13.640 [FXGL Background Thread 2 ] INFO  UpdaterService       - Latest stable version: 17.3
19:30:16.271 [FXGL Background Thread 3 ] DEBUG Engine               - Logging environment variables
19:30:16.272 [FXGL Background Thread 3 ] DEBUG Engine               - achievements: []
19:30:16.272 [FXGL Background Thread 3 ] DEBUG Engine               - actualHeight: 700.0
19:30:16.273 [FXGL Background Thread 3 ] DEBUG Engine               - actualHeightProperty: ReadOnlyDoubleProperty [value: 700.0]
19:30:16.273 [FXGL Background Thread 3 ] DEBUG Engine               - actualWidth: 900.0
19:30:16.273 [FXGL Background Thread 3 ] DEBUG Engine               - actualWidthProperty: ReadOnlyDoubleProperty [value: 900.0]
19:30:16.273 [FXGL Background Thread 3 ] DEBUG Engine               - appIcon: fxgl_icon.png
19:30:16.273 [FXGL Background Thread 3 ] DEBUG Engine               - applicationMode: DEVELOPER
19:30:16.273 [FXGL Background Thread 3 ] DEBUG Engine               - cSSList: [fxgl_dark.css]
19:30:16.273 [FXGL Background Thread 3 ] DEBUG Engine               - collisionDetectionStrategy: BRUTE_FORCE
19:30:16.274 [FXGL Background Thread 3 ] DEBUG Engine               - configClass: Optional.empty
19:30:16.274 [FXGL Background Thread 3 ] DEBUG Engine               - credits: []
19:30:16.276 [FXGL Background Thread 3 ] DEBUG Engine               - defaultCursor: CursorInfo(imageName=fxgl_default_cursor.png, hotspotX=7.0, hotspotY=6.0)
19:30:16.276 [FXGL Background Thread 3 ] DEBUG Engine               - devBBoxColorProperty: ObjectProperty [value: 0xff0000ff]
19:30:16.276 [FXGL Background Thread 3 ] DEBUG Engine               - devEnableDebugCameraProperty: BooleanProperty [value: false]
19:30:16.276 [FXGL Background Thread 3 ] DEBUG Engine               - devSensorColorProperty: ObjectProperty [value: 0xffff00ff]
19:30:16.276 [FXGL Background Thread 3 ] DEBUG Engine               - devShowBBoxProperty: BooleanProperty [value: false]
19:30:16.277 [FXGL Background Thread 3 ] DEBUG Engine               - devShowPositionProperty: BooleanProperty [value: false]
19:30:16.277 [FXGL Background Thread 3 ] DEBUG Engine               - enabledMenuItems: []
19:30:16.277 [FXGL Background Thread 3 ] DEBUG Engine               - engineServices: [class com.almasb.fxgl.app.services.FXGLAssetLoaderService, class com.almasb.fxgl.app.FXGLApplication$GameApplicationService, class com.almasb.fxgl.app.services.FXGLDialogService, class com.almasb.fxgl.app.services.IOTaskExecutorService, class com.almasb.fxgl.io.FileSystemService, class com.almasb.fxgl.localization.LocalizationService, class com.almasb.fxgl.app.services.SystemBundleService, class com.almasb.fxgl.profile.SaveLoadService, class com.almasb.fxgl.ui.FXGLUIFactoryServiceProvider, class com.almasb.fxgl.ui.FXGLDialogFactoryServiceProvider, class com.almasb.fxgl.audio.AudioPlayer, class com.almasb.fxgl.notification.impl.NotificationServiceProvider, class com.almasb.fxgl.achievement.AchievementService, class com.almasb.fxgl.cutscene.CutsceneService, class com.almasb.fxgl.minigames.MiniGameService, class com.almasb.fxgl.net.NetService, class com.almasb.fxgl.app.services.UpdaterService, class com.almasb.fxgl.dev.DevService]
19:30:16.277 [FXGL Background Thread 3 ] DEBUG Engine               - fontGame: Abel-Regular.ttf
19:30:16.277 [FXGL Background Thread 3 ] DEBUG Engine               - fontMono: TerminalLandMono-Regular.otf
19:30:16.277 [FXGL Background Thread 3 ] DEBUG Engine               - fontText: Courier-Prime.ttf
19:30:16.277 [FXGL Background Thread 3 ] DEBUG Engine               - fontUI: VarelaRound-Regular.ttf
19:30:16.277 [FXGL Background Thread 3 ] DEBUG Engine               - fullScreen: BooleanProperty [value: false]
19:30:16.277 [FXGL Background Thread 3 ] DEBUG Engine               - gameDifficulty: MEDIUM
19:30:16.277 [FXGL Background Thread 3 ] DEBUG Engine               - gameDifficultyProperty: ObjectProperty [value: MEDIUM]
19:30:16.277 [FXGL Background Thread 3 ] DEBUG Engine               - globalMusicVolume: 0.5
19:30:16.277 [FXGL Background Thread 3 ] DEBUG Engine               - globalMusicVolumeProperty: DoubleProperty [value: 0.5]
19:30:16.277 [FXGL Background Thread 3 ] DEBUG Engine               - globalSoundVolume: 0.5
19:30:16.277 [FXGL Background Thread 3 ] DEBUG Engine               - globalSoundVolumeProperty: DoubleProperty [value: 0.5]
19:30:16.277 [FXGL Background Thread 3 ] DEBUG Engine               - height: 700
19:30:16.277 [FXGL Background Thread 3 ] DEBUG Engine               - is3D: false
19:30:16.277 [FXGL Background Thread 3 ] DEBUG Engine               - isAndroid: false
19:30:16.277 [FXGL Background Thread 3 ] DEBUG Engine               - isBrowser: false
19:30:16.277 [FXGL Background Thread 3 ] DEBUG Engine               - isClickFeedbackEnabled: false
19:30:16.277 [FXGL Background Thread 3 ] DEBUG Engine               - isCloseConfirmation: false
19:30:16.277 [FXGL Background Thread 3 ] DEBUG Engine               - isDesktop: true
19:30:16.277 [FXGL Background Thread 3 ] DEBUG Engine               - isDeveloperMenuEnabled: false
19:30:16.277 [FXGL Background Thread 3 ] DEBUG Engine               - isEmbedded: false
19:30:16.277 [FXGL Background Thread 3 ] DEBUG Engine               - isEntityPreloadEnabled: true
19:30:16.277 [FXGL Background Thread 3 ] DEBUG Engine               - isExperimentalTiledLargeMap: false
19:30:16.277 [FXGL Background Thread 3 ] DEBUG Engine               - isFileSystemWriteAllowed: true
19:30:16.277 [FXGL Background Thread 3 ] DEBUG Engine               - isFullScreenAllowed: false
19:30:16.277 [FXGL Background Thread 3 ] DEBUG Engine               - isFullScreenFromStart: false
19:30:16.277 [FXGL Background Thread 3 ] DEBUG Engine               - isGameMenuEnabled: false
19:30:16.277 [FXGL Background Thread 3 ] DEBUG Engine               - isIOS: false
19:30:16.277 [FXGL Background Thread 3 ] DEBUG Engine               - isIntroEnabled: false
19:30:16.277 [FXGL Background Thread 3 ] DEBUG Engine               - isLinux: false
19:30:16.277 [FXGL Background Thread 3 ] DEBUG Engine               - isMac: false
19:30:16.278 [FXGL Background Thread 3 ] DEBUG Engine               - isMainMenuEnabled: false
19:30:16.278 [FXGL Background Thread 3 ] DEBUG Engine               - isManualResizeEnabled: false
19:30:16.278 [FXGL Background Thread 3 ] DEBUG Engine               - isMobile: false
19:30:16.278 [FXGL Background Thread 3 ] DEBUG Engine               - isNative: false
19:30:16.278 [FXGL Background Thread 3 ] DEBUG Engine               - isPauseMusicWhenMinimized: true
19:30:16.278 [FXGL Background Thread 3 ] DEBUG Engine               - isPreserveResizeRatio: false
19:30:16.278 [FXGL Background Thread 3 ] DEBUG Engine               - isProfilingEnabled: false
19:30:16.278 [FXGL Background Thread 3 ] DEBUG Engine               - isScaleAffectedOnResize: true
19:30:16.278 [FXGL Background Thread 3 ] DEBUG Engine               - isSingleStep: false
19:30:16.278 [FXGL Background Thread 3 ] DEBUG Engine               - isUserProfileEnabled: false
19:30:16.278 [FXGL Background Thread 3 ] DEBUG Engine               - isWindows: true
19:30:16.278 [FXGL Background Thread 3 ] DEBUG Engine               - language: ObjectProperty [value: ENGLISH]
19:30:16.278 [FXGL Background Thread 3 ] DEBUG Engine               - menuKey: ESCAPE
19:30:16.278 [FXGL Background Thread 3 ] DEBUG Engine               - mouseSensitivity: 0.2
19:30:16.278 [FXGL Background Thread 3 ] DEBUG Engine               - notificationViewClass: class com.almasb.fxgl.notification.view.XboxNotificationView
19:30:16.279 [FXGL Background Thread 3 ] DEBUG Engine               - pixelsPerMeter: 50.0
19:30:16.279 [FXGL Background Thread 3 ] DEBUG Engine               - platform: WINDOWS
19:30:16.279 [FXGL Background Thread 3 ] DEBUG Engine               - prefHeightProperty: ReadOnlyDoubleProperty [value: 700.0]
19:30:16.279 [FXGL Background Thread 3 ] DEBUG Engine               - prefWidthProperty: ReadOnlyDoubleProperty [value: 900.0]
19:30:16.279 [FXGL Background Thread 3 ] DEBUG Engine               - profileDir: profiles/
19:30:16.279 [FXGL Background Thread 3 ] DEBUG Engine               - profileName: StringProperty [value: DEFAULT]
19:30:16.279 [FXGL Background Thread 3 ] DEBUG Engine               - randomSeed: -1
19:30:16.280 [FXGL Background Thread 3 ] DEBUG Engine               - runtimeInfo: RuntimeInfo(platform=WINDOWS, version=17.1, build=24.03.2022 17.34)
19:30:16.280 [FXGL Background Thread 3 ] DEBUG Engine               - saveFileExt: sav
19:30:16.280 [FXGL Background Thread 3 ] DEBUG Engine               - scaledHeightProp$fxgl: DoubleProperty [bound, value: 700.0]
19:30:16.280 [FXGL Background Thread 3 ] DEBUG Engine               - scaledWidthProp$fxgl: DoubleProperty [bound, value: 900.0]
19:30:16.280 [FXGL Background Thread 3 ] DEBUG Engine               - sceneFactory: com.almasb.fxgl.app.scene.SceneFactory@63291089
19:30:16.280 [FXGL Background Thread 3 ] DEBUG Engine               - secondsIn24h: 60
19:30:16.280 [FXGL Background Thread 3 ] DEBUG Engine               - soundMenuBack: menu/back.wav
19:30:16.280 [FXGL Background Thread 3 ] DEBUG Engine               - soundMenuPress: menu/press.wav
19:30:16.280 [FXGL Background Thread 3 ] DEBUG Engine               - soundMenuSelect: menu/select.wav
19:30:16.280 [FXGL Background Thread 3 ] DEBUG Engine               - soundNotification: core/notification.wav
19:30:16.280 [FXGL Background Thread 3 ] DEBUG Engine               - stageStyle: DECORATED
19:30:16.280 [FXGL Background Thread 3 ] DEBUG Engine               - supportedLanguages: [ENGLISH, FRENCH, GERMAN, HUNGARIAN, RUSSIAN]
19:30:16.280 [FXGL Background Thread 3 ] DEBUG Engine               - ticksPerSecond: 60
19:30:16.280 [FXGL Background Thread 3 ] DEBUG Engine               - title: Untitled
19:30:16.280 [FXGL Background Thread 3 ] DEBUG Engine               - urlGithub: https://github.com/AlmasB/FXGL
19:30:16.280 [FXGL Background Thread 3 ] DEBUG Engine               - urlLeaderboard: http://fxgl-top.herokuapp.com/
19:30:16.280 [FXGL Background Thread 3 ] DEBUG Engine               - urlPOM: https://raw.githubusercontent.com/AlmasB/FXGL/release/README.md
19:30:16.280 [FXGL Background Thread 3 ] DEBUG Engine               - userAppClass: class com.example.tutorial.BasicGameApp
19:30:16.280 [FXGL Background Thread 3 ] DEBUG Engine               - version: 0.0
19:30:16.280 [FXGL Background Thread 3 ] DEBUG Engine               - versionCheckDays: 7
19:30:16.280 [FXGL Background Thread 3 ] DEBUG Engine               - width: 900
19:30:16.280 [FXGL Background Thread 3 ] DEBUG Engine               - Logging services
19:30:16.280 [FXGL Background Thread 3 ] DEBUG Engine               - class com.almasb.fxgl.app.services.FXGLAssetLoaderService
19:30:16.280 [FXGL Background Thread 3 ] DEBUG Engine               - class com.almasb.fxgl.app.FXGLApplication$GameApplicationService
19:30:16.280 [FXGL Background Thread 3 ] DEBUG Engine               - class com.almasb.fxgl.app.services.FXGLDialogService
19:30:16.280 [FXGL Background Thread 3 ] DEBUG Engine               - class com.almasb.fxgl.app.services.IOTaskExecutorService
19:30:16.280 [FXGL Background Thread 3 ] DEBUG Engine               - class com.almasb.fxgl.io.FileSystemService
19:30:16.280 [FXGL Background Thread 3 ] DEBUG Engine               - class com.almasb.fxgl.localization.LocalizationService
19:30:16.280 [FXGL Background Thread 3 ] DEBUG Engine               - class com.almasb.fxgl.app.services.SystemBundleService
19:30:16.280 [FXGL Background Thread 3 ] DEBUG Engine               - class com.almasb.fxgl.profile.SaveLoadService
19:30:16.280 [FXGL Background Thread 3 ] DEBUG Engine               - class com.almasb.fxgl.ui.FXGLUIFactoryServiceProvider
19:30:16.280 [FXGL Background Thread 3 ] DEBUG Engine               - class com.almasb.fxgl.ui.FXGLDialogFactoryServiceProvider
19:30:16.280 [FXGL Background Thread 3 ] DEBUG Engine               - class com.almasb.fxgl.audio.AudioPlayer
19:30:16.280 [FXGL Background Thread 3 ] DEBUG Engine               - class com.almasb.fxgl.notification.impl.NotificationServiceProvider
19:30:16.280 [FXGL Background Thread 3 ] DEBUG Engine               - class com.almasb.fxgl.achievement.AchievementService
19:30:16.280 [FXGL Background Thread 3 ] DEBUG Engine               - class com.almasb.fxgl.cutscene.CutsceneService
19:30:16.280 [FXGL Background Thread 3 ] DEBUG Engine               - class com.almasb.fxgl.minigames.MiniGameService
19:30:16.280 [FXGL Background Thread 3 ] DEBUG Engine               - class com.almasb.fxgl.net.NetService
19:30:16.280 [FXGL Background Thread 3 ] DEBUG Engine               - class com.almasb.fxgl.app.services.UpdaterService
19:30:16.280 [FXGL Background Thread 3 ] DEBUG Engine               - class com.almasb.fxgl.dev.DevService
19:30:17.034 [JavaFX Application Thread] DEBUG FXGLAssetLoaderServi - Loading from file system: file:/C:/Users/Alexey/Documents/FPS%20DAM/Entornos/Project/Testing_with_FXGL/target/classes/assets/textures/mainScene/axe.png
19:30:17.037 [JavaFX Application Thread] DEBUG FXGLAssetLoaderServi - Loading from file system: file:/C:/Users/Alexey/Documents/FPS%20DAM/Entornos/Project/Testing_with_FXGL/target/classes/assets/textures/mainScene/walkingCat.png
19:30:17.045 [JavaFX Application Thread] DEBUG FXGLAssetLoaderServi - Loading from file system: file:/C:/Users/Alexey/Documents/FPS%20DAM/Entornos/Project/Testing_with_FXGL/target/classes/assets/textures/mainScene/energySet.png
19:30:17.047 [JavaFX Application Thread] DEBUG FXGLAssetLoaderServi - Loading from file system: file:/C:/Users/Alexey/Documents/FPS%20DAM/Entornos/Project/Testing_with_FXGL/target/classes/assets/textures/mainScene/hunger.png
19:30:22.851 [JavaFX Application Thread] DEBUG FXGLApplication      - Exiting FXGL
19:30:22.851 [JavaFX Application Thread] DEBUG LoopRunner           - Stopping loop
19:30:22.851 [JavaFX Application Thread] DEBUG SystemBundleService  - Saving FXGL system data
19:30:22.857 [JavaFX Application Thread] DEBUG FileSystemAccess     - Writing to: C:\Users\Alexey\Documents\FPS DAM\Entornos\Project\Testing_with_FXGL\system\fxgl.bundle
19:30:22.858 [JavaFX Application Thread] DEBUG Async                - Shutting down background threads
19:30:22.858 [JavaFX Application Thread] DEBUG PrimaryStageWindow   - Closing main window
19:30:22.877 [JavaFX Application Thread] DEBUG Logger               - Closing Logger
