03:42:00.802 [main                     ] DEBUG Logger               - Configured Logger
03:42:00.821 [main                     ] DEBUG GameApplication      - Logging settings
Title: Untitled
Version: 0.0
Width: 900
Height: 700
Fullscreen: false
Intro: false
Profiling: false
Single step:false
App Mode: DEVELOPER
Menu Key: ESCAPE
Stage Style: DECORATED
Scene Factory: class com.almasb.fxgl.app.scene.SceneFactory

03:42:01.230 [JavaFX Application Thread] DEBUG FXGLApplication      - Initializing FXGL
03:42:01.237 [JavaFX Application Thread] INFO  Engine               - FXGL-17.1 (24.03.2022 17.34) on WINDOWS (J:19.0.2 FX:19-ea)
03:42:01.237 [JavaFX Application Thread] DEBUG Engine               - JRE Vendor Name: Oracle Corporation
03:42:01.238 [JavaFX Application Thread] DEBUG Engine               - Running on OS: Windows 11 version 10.0
03:42:01.238 [JavaFX Application Thread] DEBUG Engine               - Architecture: amd64
03:42:01.238 [JavaFX Application Thread] INFO  Engine               - Source code and latest versions at: https://github.com/AlmasB/FXGL
03:42:01.238 [JavaFX Application Thread] INFO  Engine               -       Ask questions and discuss at: https://github.com/AlmasB/FXGL/discussions
03:42:01.238 [JavaFX Application Thread] INFO  Engine               -              Join the FXGL chat at: https://gitter.im/AlmasB/FXGL
03:42:01.316 [JavaFX Application Thread] DEBUG PrimaryStageWindow   - Creating a JavaFX scene
03:42:01.352 [JavaFX Application Thread] DEBUG PrimaryStageWindow   - Target settings size: 900.0 x 700.0
03:42:01.352 [JavaFX Application Thread] DEBUG PrimaryStageWindow   - Scaled scene size:    900.0 x 700.0
03:42:01.352 [JavaFX Application Thread] DEBUG PrimaryStageWindow   - Scaled ratio: (1.0, 1.0)
03:42:01.353 [JavaFX Application Thread] DEBUG PrimaryStageWindow   - Set initial scene to FXGLStartupScene
03:42:01.359 [JavaFX Application Thread] DEBUG PrimaryStageWindow   - Opening main window
03:42:01.432 [JavaFX Application Thread] DEBUG PrimaryStageWindow   - Window border size: (14.4000244140625, 37.5999755859375)
03:42:01.432 [JavaFX Application Thread] DEBUG PrimaryStageWindow   - Scaled size: 900.0 x 700.0
03:42:01.432 [JavaFX Application Thread] DEBUG PrimaryStageWindow   - Scaled ratio: (1.0, 1.0)
03:42:01.432 [JavaFX Application Thread] DEBUG PrimaryStageWindow   - Scene size: 900.0 x 700.0
03:42:01.433 [JavaFX Application Thread] DEBUG PrimaryStageWindow   - Stage size: 914.4000244140625 x 737.5999755859375
03:42:01.441 [FXGL Background Thread 1 ] DEBUG Engine               - Initializing environment variables
03:42:01.481 [FXGL Background Thread 1 ] DEBUG FXGLAssetLoaderServi - User app class for loading assets: class com.example.tutorial.BasicGameApp
03:42:01.481 [FXGL Background Thread 1 ] DEBUG GameApplicationServi - Applying CSS: fxgl_dark.css
03:42:01.482 [FXGL Background Thread 1 ] DEBUG FXGLAssetLoaderServi - Loading from file system: jar:file:/C:/Users/Alexey/.m2/repository/com/github/almasb/fxgl/17.1/fxgl-17.1.jar!/fxglassets/ui/css/fxgl_dark.css
03:42:01.515 [FXGL Background Thread 1 ] DEBUG GameApplicationServi - Initializing application scenes
03:42:01.560 [FXGL Background Thread 1 ] DEBUG GameWorld            - Game world initialized
03:42:01.608 [FXGL Background Thread 1 ] DEBUG PhysicsWorld         - Physics world initialized: appHeight=700, physics.ppm=50,0
03:42:01.608 [FXGL Background Thread 1 ] DEBUG PhysicsWorld         - Using strategy: BRUTE_FORCE
03:42:01.612 [FXGL Background Thread 1 ] DEBUG GameScene            - Game scene initialized: 900x700
03:42:01.612 [FXGL Background Thread 1 ] DEBUG GameApplicationServi - Application scenes initialized
03:42:01.640 [FXGL Background Thread 1 ] DEBUG SystemBundleService  - Loading FXGL system data
03:42:01.643 [FXGL Background Thread 1 ] DEBUG FileSystemAccess     - Reading from: C:\Users\Alexey\Documents\FPS DAM\Entornos\Project\Testing_with_FXGL\system\fxgl.bundle
03:42:01.652 [FXGL Background Thread 1 ] DEBUG SystemBundleService  - Bundle FXGL: {}
03:42:01.653 [FXGL Background Thread 1 ] DEBUG UpdaterService       - Checking for updates
03:42:01.656 [FXGL Background Thread 4 ] DEBUG FXGLApplication      - Loading fonts
03:42:01.657 [FXGL Background Thread 4 ] DEBUG FXGLAssetLoaderServi - Loading from file system: jar:file:/C:/Users/Alexey/.m2/repository/com/github/almasb/fxgl/17.1/fxgl-17.1.jar!/fxglassets/ui/fonts/VarelaRound-Regular.ttf
03:42:01.657 [FXGL Background Thread 1 ] DEBUG FXGLApplication      - Loading default localization
03:42:01.658 [FXGL Background Thread 1 ] DEBUG FXGLAssetLoaderServi - Loading from file system: jar:file:/C:/Users/Alexey/.m2/repository/com/github/almasb/fxgl/17.1/fxgl-17.1.jar!/fxglassets/languages/english.lang
03:42:01.694 [FXGL Background Thread 1 ] INFO  FXGLApplication      - FXGL initialization took: 0,253 sec
03:42:01.703 [JavaFX Application Thread] DEBUG Input                - Registered new binding: press space - LMB
03:42:01.714 [JavaFX Application Thread] DEBUG Input                - Registered new binding: press esc - Esc
03:42:01.714 [JavaFX Application Thread] DEBUG FXGLAssetLoaderServi - Loading from file system: jar:file:/C:/Users/Alexey/.m2/repository/com/github/almasb/fxgl/17.1/fxgl-17.1.jar!/fxglassets/textures/fxgl_icon.png
03:42:01.715 [FXGL Background Thread 4 ] DEBUG FXGLAssetLoaderServi - Loading from file system: jar:file:/C:/Users/Alexey/.m2/repository/com/github/almasb/fxgl/17.1/fxgl-17.1.jar!/fxglassets/ui/fonts/Abel-Regular.ttf
03:42:01.717 [FXGL Background Thread 4 ] DEBUG FXGLAssetLoaderServi - Loading from file system: jar:file:/C:/Users/Alexey/.m2/repository/com/github/almasb/fxgl/17.1/fxgl-17.1.jar!/fxglassets/ui/fonts/TerminalLandMono-Regular.otf
03:42:01.719 [FXGL Background Thread 4 ] DEBUG FXGLAssetLoaderServi - Loading from file system: jar:file:/C:/Users/Alexey/.m2/repository/com/github/almasb/fxgl/17.1/fxgl-17.1.jar!/fxglassets/ui/fonts/Courier-Prime.ttf
03:42:01.758 [JavaFX Application Thread] DEBUG FXGLAssetLoaderServi - Loading from file system: jar:file:/C:/Users/Alexey/.m2/repository/com/github/almasb/fxgl/17.1/fxgl-17.1.jar!/fxglassets/textures/fxgl_default_cursor.png
03:42:01.760 [JavaFX Application Thread] DEBUG Input                - Registered new binding: Screenshot - CTRL+8
03:42:01.760 [JavaFX Application Thread] DEBUG Input                - Registered new binding: System info dump - CTRL+9
03:42:01.761 [JavaFX Application Thread] DEBUG Input                - Registered new binding: Restart - CTRL+R
03:42:01.762 [JavaFX Application Thread] DEBUG Input                - Registered new binding: Toggle Debug Camera - CTRL+7
03:42:01.764 [JavaFX Application Thread] DEBUG LoopRunner           - Starting loop
03:42:01.764 [JavaFX Application Thread] DEBUG LoopRunner           - Initializing ScheduledExecutorLoop with fps: 60
03:42:01.768 [JavaFX Application Thread] DEBUG GameApplicationServi - Starting new game
03:42:01.768 [JavaFX Application Thread] DEBUG Input                - Clearing active input actions
03:42:01.778 [JavaFX Application Thread] DEBUG GameApplicationServi - Removing overlay from FXGLStartupScene and adding to FXGLLoadingScene
03:42:01.778 [JavaFX Application Thread] DEBUG PrimaryStageWindow   - FXGLStartupScene -> FXGLLoadingScene
03:42:01.778 [JavaFX Application Thread] DEBUG GameApplicationServi - Clearing previous game
03:42:01.778 [JavaFX Application Thread] DEBUG GameScene            - Clearing game scene
03:42:01.778 [JavaFX Application Thread] DEBUG GameWorld            - Clearing game world
03:42:01.778 [JavaFX Application Thread] DEBUG PhysicsWorld         - Clearing physics world
03:42:01.781 [FXGL Background Thread 4 ] DEBUG FXGLApplication      - Initializing game
03:42:01.784 [FXGL Background Thread 4 ] DEBUG FXGLAssetLoaderServi - Loading from file system: file:/C:/Users/Alexey/Documents/FPS%20DAM/Entornos/Project/Testing_with_FXGL/target/classes/assets/textures/mainScene/background.png
03:42:01.786 [JavaFX Application Thread] DEBUG FXGLApplication      - Registering font factories with UI factory
03:42:01.804 [FXGL Background Thread 4 ] DEBUG FXGLAssetLoaderServi - Loading from file system: file:/C:/Users/Alexey/Documents/FPS%20DAM/Entornos/Project/Testing_with_FXGL/target/classes/assets/textures/sheet.png
03:42:01.808 [FXGL Background Thread 4 ] INFO  FXGLApplication      - Game initialization took: 0,028 sec
03:42:01.839 [JavaFX Application Thread] DEBUG Input                - Clearing active input actions
03:42:01.846 [JavaFX Application Thread] DEBUG GameApplicationServi - Removing overlay from FXGLLoadingScene and adding to GameScene
03:42:01.846 [JavaFX Application Thread] DEBUG PrimaryStageWindow   - FXGLLoadingScene -> GameScene
03:42:02.218 [FXGL Background Thread 2 ] INFO  UpdaterService       - Your current version:  17.1
03:42:02.218 [FXGL Background Thread 2 ] INFO  UpdaterService       - Latest stable version: 17.3
03:42:02.553 [JavaFX Application Thread] DEBUG FXGLAssetLoaderServi - Loading from file system: file:/C:/Users/Alexey/Documents/FPS%20DAM/Entornos/Project/Testing_with_FXGL/target/classes/assets/textures/mainScene/axe.png
03:42:02.556 [JavaFX Application Thread] DEBUG FXGLAssetLoaderServi - Loading from file system: file:/C:/Users/Alexey/Documents/FPS%20DAM/Entornos/Project/Testing_with_FXGL/target/classes/assets/textures/mainScene/walkingCat.png
03:42:02.565 [JavaFX Application Thread] DEBUG FXGLAssetLoaderServi - Loading from file system: file:/C:/Users/Alexey/Documents/FPS%20DAM/Entornos/Project/Testing_with_FXGL/target/classes/assets/textures/mainScene/energySet.png
03:42:02.567 [JavaFX Application Thread] DEBUG FXGLAssetLoaderServi - Loading from file system: file:/C:/Users/Alexey/Documents/FPS%20DAM/Entornos/Project/Testing_with_FXGL/target/classes/assets/textures/mainScene/hunger.png
03:42:03.737 [JavaFX Application Thread] DEBUG FXGLAssetLoaderServi - Loading from file system: file:/C:/Users/Alexey/Documents/FPS%20DAM/Entornos/Project/Testing_with_FXGL/target/classes/assets/textures/miniGame/HeartA.png
03:42:03.737 [JavaFX Application Thread] DEBUG FXGLAssetLoaderServi - Loading from file system: file:/C:/Users/Alexey/Documents/FPS%20DAM/Entornos/Project/Testing_with_FXGL/target/classes/assets/textures/miniGame/HeartADead.png
03:42:03.739 [JavaFX Application Thread] DEBUG FXGLAssetLoaderServi - Loading from file system: file:/C:/Users/Alexey/Documents/FPS%20DAM/Entornos/Project/Testing_with_FXGL/target/classes/assets/textures/miniGame/woodParticle1.png
03:42:03.752 [JavaFX Application Thread] DEBUG FXGLAssetLoaderServi - Loading from file system: file:/C:/Users/Alexey/Documents/FPS%20DAM/Entornos/Project/Testing_with_FXGL/target/classes/assets/textures/miniGame/woodParticle3.png
03:42:04.170 [JavaFX Application Thread] DEBUG FXGLAssetLoaderServi - Loading from file system: file:/C:/Users/Alexey/Documents/FPS%20DAM/Entornos/Project/Testing_with_FXGL/target/classes/assets/textures/miniGame/woodParticle2.png
03:42:04.204 [JavaFX Application Thread] DEBUG FXGLAssetLoaderServi - Loading from file system: file:/C:/Users/Alexey/Documents/FPS%20DAM/Entornos/Project/Testing_with_FXGL/target/classes/assets/textures/miniGame/woodParticle4.png
03:42:04.656 [FXGL Background Thread 3 ] DEBUG Engine               - Logging environment variables
03:42:04.657 [FXGL Background Thread 3 ] DEBUG Engine               - achievements: []
03:42:04.657 [FXGL Background Thread 3 ] DEBUG Engine               - actualHeight: 700.0
03:42:04.657 [FXGL Background Thread 3 ] DEBUG Engine               - actualHeightProperty: ReadOnlyDoubleProperty [value: 700.0]
03:42:04.657 [FXGL Background Thread 3 ] DEBUG Engine               - actualWidth: 900.0
03:42:04.657 [FXGL Background Thread 3 ] DEBUG Engine               - actualWidthProperty: ReadOnlyDoubleProperty [value: 900.0]
03:42:04.657 [FXGL Background Thread 3 ] DEBUG Engine               - appIcon: fxgl_icon.png
03:42:04.657 [FXGL Background Thread 3 ] DEBUG Engine               - applicationMode: DEVELOPER
03:42:04.657 [FXGL Background Thread 3 ] DEBUG Engine               - cSSList: [fxgl_dark.css]
03:42:04.657 [FXGL Background Thread 3 ] DEBUG Engine               - collisionDetectionStrategy: BRUTE_FORCE
03:42:04.657 [FXGL Background Thread 3 ] DEBUG Engine               - configClass: Optional.empty
03:42:04.657 [FXGL Background Thread 3 ] DEBUG Engine               - credits: []
03:42:04.659 [FXGL Background Thread 3 ] DEBUG Engine               - defaultCursor: CursorInfo(imageName=fxgl_default_cursor.png, hotspotX=7.0, hotspotY=6.0)
03:42:04.659 [FXGL Background Thread 3 ] DEBUG Engine               - devBBoxColorProperty: ObjectProperty [value: 0xff0000ff]
03:42:04.659 [FXGL Background Thread 3 ] DEBUG Engine               - devEnableDebugCameraProperty: BooleanProperty [value: false]
03:42:04.659 [FXGL Background Thread 3 ] DEBUG Engine               - devSensorColorProperty: ObjectProperty [value: 0xffff00ff]
03:42:04.659 [FXGL Background Thread 3 ] DEBUG Engine               - devShowBBoxProperty: BooleanProperty [value: false]
03:42:04.659 [FXGL Background Thread 3 ] DEBUG Engine               - devShowPositionProperty: BooleanProperty [value: false]
03:42:04.659 [FXGL Background Thread 3 ] DEBUG Engine               - enabledMenuItems: []
03:42:04.659 [FXGL Background Thread 3 ] DEBUG Engine               - engineServices: [class com.almasb.fxgl.app.services.FXGLAssetLoaderService, class com.almasb.fxgl.app.FXGLApplication$GameApplicationService, class com.almasb.fxgl.app.services.FXGLDialogService, class com.almasb.fxgl.app.services.IOTaskExecutorService, class com.almasb.fxgl.io.FileSystemService, class com.almasb.fxgl.localization.LocalizationService, class com.almasb.fxgl.app.services.SystemBundleService, class com.almasb.fxgl.profile.SaveLoadService, class com.almasb.fxgl.ui.FXGLUIFactoryServiceProvider, class com.almasb.fxgl.ui.FXGLDialogFactoryServiceProvider, class com.almasb.fxgl.audio.AudioPlayer, class com.almasb.fxgl.notification.impl.NotificationServiceProvider, class com.almasb.fxgl.achievement.AchievementService, class com.almasb.fxgl.cutscene.CutsceneService, class com.almasb.fxgl.minigames.MiniGameService, class com.almasb.fxgl.net.NetService, class com.almasb.fxgl.app.services.UpdaterService, class com.almasb.fxgl.dev.DevService]
03:42:04.659 [FXGL Background Thread 3 ] DEBUG Engine               - fontGame: Abel-Regular.ttf
03:42:04.659 [FXGL Background Thread 3 ] DEBUG Engine               - fontMono: TerminalLandMono-Regular.otf
03:42:04.659 [FXGL Background Thread 3 ] DEBUG Engine               - fontText: Courier-Prime.ttf
03:42:04.659 [FXGL Background Thread 3 ] DEBUG Engine               - fontUI: VarelaRound-Regular.ttf
03:42:04.659 [FXGL Background Thread 3 ] DEBUG Engine               - fullScreen: BooleanProperty [value: false]
03:42:04.659 [FXGL Background Thread 3 ] DEBUG Engine               - gameDifficulty: MEDIUM
03:42:04.659 [FXGL Background Thread 3 ] DEBUG Engine               - gameDifficultyProperty: ObjectProperty [value: MEDIUM]
03:42:04.659 [FXGL Background Thread 3 ] DEBUG Engine               - globalMusicVolume: 0.5
03:42:04.659 [FXGL Background Thread 3 ] DEBUG Engine               - globalMusicVolumeProperty: DoubleProperty [value: 0.5]
03:42:04.659 [FXGL Background Thread 3 ] DEBUG Engine               - globalSoundVolume: 0.5
03:42:04.660 [FXGL Background Thread 3 ] DEBUG Engine               - globalSoundVolumeProperty: DoubleProperty [value: 0.5]
03:42:04.660 [FXGL Background Thread 3 ] DEBUG Engine               - height: 700
03:42:04.660 [FXGL Background Thread 3 ] DEBUG Engine               - is3D: false
03:42:04.660 [FXGL Background Thread 3 ] DEBUG Engine               - isAndroid: false
03:42:04.660 [FXGL Background Thread 3 ] DEBUG Engine               - isBrowser: false
03:42:04.660 [FXGL Background Thread 3 ] DEBUG Engine               - isClickFeedbackEnabled: false
03:42:04.660 [FXGL Background Thread 3 ] DEBUG Engine               - isCloseConfirmation: false
03:42:04.660 [FXGL Background Thread 3 ] DEBUG Engine               - isDesktop: true
03:42:04.660 [FXGL Background Thread 3 ] DEBUG Engine               - isDeveloperMenuEnabled: false
03:42:04.660 [FXGL Background Thread 3 ] DEBUG Engine               - isEmbedded: false
03:42:04.660 [FXGL Background Thread 3 ] DEBUG Engine               - isEntityPreloadEnabled: true
03:42:04.660 [FXGL Background Thread 3 ] DEBUG Engine               - isExperimentalTiledLargeMap: false
03:42:04.660 [FXGL Background Thread 3 ] DEBUG Engine               - isFileSystemWriteAllowed: true
03:42:04.660 [FXGL Background Thread 3 ] DEBUG Engine               - isFullScreenAllowed: false
03:42:04.660 [FXGL Background Thread 3 ] DEBUG Engine               - isFullScreenFromStart: false
03:42:04.660 [FXGL Background Thread 3 ] DEBUG Engine               - isGameMenuEnabled: false
03:42:04.660 [FXGL Background Thread 3 ] DEBUG Engine               - isIOS: false
03:42:04.660 [FXGL Background Thread 3 ] DEBUG Engine               - isIntroEnabled: false
03:42:04.660 [FXGL Background Thread 3 ] DEBUG Engine               - isLinux: false
03:42:04.660 [FXGL Background Thread 3 ] DEBUG Engine               - isMac: false
03:42:04.660 [FXGL Background Thread 3 ] DEBUG Engine               - isMainMenuEnabled: false
03:42:04.660 [FXGL Background Thread 3 ] DEBUG Engine               - isManualResizeEnabled: false
03:42:04.660 [FXGL Background Thread 3 ] DEBUG Engine               - isMobile: false
03:42:04.660 [FXGL Background Thread 3 ] DEBUG Engine               - isNative: false
03:42:04.660 [FXGL Background Thread 3 ] DEBUG Engine               - isPauseMusicWhenMinimized: true
03:42:04.660 [FXGL Background Thread 3 ] DEBUG Engine               - isPreserveResizeRatio: false
03:42:04.660 [FXGL Background Thread 3 ] DEBUG Engine               - isProfilingEnabled: false
03:42:04.660 [FXGL Background Thread 3 ] DEBUG Engine               - isScaleAffectedOnResize: true
03:42:04.660 [FXGL Background Thread 3 ] DEBUG Engine               - isSingleStep: false
03:42:04.660 [FXGL Background Thread 3 ] DEBUG Engine               - isUserProfileEnabled: false
03:42:04.660 [FXGL Background Thread 3 ] DEBUG Engine               - isWindows: true
03:42:04.660 [FXGL Background Thread 3 ] DEBUG Engine               - language: ObjectProperty [value: ENGLISH]
03:42:04.660 [FXGL Background Thread 3 ] DEBUG Engine               - menuKey: ESCAPE
03:42:04.660 [FXGL Background Thread 3 ] DEBUG Engine               - mouseSensitivity: 0.2
03:42:04.661 [FXGL Background Thread 3 ] DEBUG Engine               - notificationViewClass: class com.almasb.fxgl.notification.view.XboxNotificationView
03:42:04.661 [FXGL Background Thread 3 ] DEBUG Engine               - pixelsPerMeter: 50.0
03:42:04.661 [FXGL Background Thread 3 ] DEBUG Engine               - platform: WINDOWS
03:42:04.661 [FXGL Background Thread 3 ] DEBUG Engine               - prefHeightProperty: ReadOnlyDoubleProperty [value: 700.0]
03:42:04.661 [FXGL Background Thread 3 ] DEBUG Engine               - prefWidthProperty: ReadOnlyDoubleProperty [value: 900.0]
03:42:04.661 [FXGL Background Thread 3 ] DEBUG Engine               - profileDir: profiles/
03:42:04.661 [FXGL Background Thread 3 ] DEBUG Engine               - profileName: StringProperty [value: DEFAULT]
03:42:04.661 [FXGL Background Thread 3 ] DEBUG Engine               - randomSeed: -1
03:42:04.661 [FXGL Background Thread 3 ] DEBUG Engine               - runtimeInfo: RuntimeInfo(platform=WINDOWS, version=17.1, build=24.03.2022 17.34)
03:42:04.661 [FXGL Background Thread 3 ] DEBUG Engine               - saveFileExt: sav
03:42:04.661 [FXGL Background Thread 3 ] DEBUG Engine               - scaledHeightProp$fxgl: DoubleProperty [bound, value: 700.0]
03:42:04.661 [FXGL Background Thread 3 ] DEBUG Engine               - scaledWidthProp$fxgl: DoubleProperty [bound, value: 900.0]
03:42:04.661 [FXGL Background Thread 3 ] DEBUG Engine               - sceneFactory: com.almasb.fxgl.app.scene.SceneFactory@3cc8f898
03:42:04.661 [FXGL Background Thread 3 ] DEBUG Engine               - secondsIn24h: 60
03:42:04.661 [FXGL Background Thread 3 ] DEBUG Engine               - soundMenuBack: menu/back.wav
03:42:04.661 [FXGL Background Thread 3 ] DEBUG Engine               - soundMenuPress: menu/press.wav
03:42:04.661 [FXGL Background Thread 3 ] DEBUG Engine               - soundMenuSelect: menu/select.wav
03:42:04.661 [FXGL Background Thread 3 ] DEBUG Engine               - soundNotification: core/notification.wav
03:42:04.661 [FXGL Background Thread 3 ] DEBUG Engine               - stageStyle: DECORATED
03:42:04.661 [FXGL Background Thread 3 ] DEBUG Engine               - supportedLanguages: [ENGLISH, FRENCH, GERMAN, HUNGARIAN, RUSSIAN]
03:42:04.661 [FXGL Background Thread 3 ] DEBUG Engine               - ticksPerSecond: 60
03:42:04.661 [FXGL Background Thread 3 ] DEBUG Engine               - title: Untitled
03:42:04.661 [FXGL Background Thread 3 ] DEBUG Engine               - urlGithub: https://github.com/AlmasB/FXGL
03:42:04.661 [FXGL Background Thread 3 ] DEBUG Engine               - urlLeaderboard: http://fxgl-top.herokuapp.com/
03:42:04.661 [FXGL Background Thread 3 ] DEBUG Engine               - urlPOM: https://raw.githubusercontent.com/AlmasB/FXGL/release/README.md
03:42:04.661 [FXGL Background Thread 3 ] DEBUG Engine               - userAppClass: class com.example.tutorial.BasicGameApp
03:42:04.661 [FXGL Background Thread 3 ] DEBUG Engine               - version: 0.0
03:42:04.661 [FXGL Background Thread 3 ] DEBUG Engine               - versionCheckDays: 7
03:42:04.661 [FXGL Background Thread 3 ] DEBUG Engine               - width: 900
03:42:04.661 [FXGL Background Thread 3 ] DEBUG Engine               - Logging services
03:42:04.661 [FXGL Background Thread 3 ] DEBUG Engine               - class com.almasb.fxgl.app.services.FXGLAssetLoaderService
03:42:04.661 [FXGL Background Thread 3 ] DEBUG Engine               - class com.almasb.fxgl.app.FXGLApplication$GameApplicationService
03:42:04.661 [FXGL Background Thread 3 ] DEBUG Engine               - class com.almasb.fxgl.app.services.FXGLDialogService
03:42:04.661 [FXGL Background Thread 3 ] DEBUG Engine               - class com.almasb.fxgl.app.services.IOTaskExecutorService
03:42:04.661 [FXGL Background Thread 3 ] DEBUG Engine               - class com.almasb.fxgl.io.FileSystemService
03:42:04.661 [FXGL Background Thread 3 ] DEBUG Engine               - class com.almasb.fxgl.localization.LocalizationService
03:42:04.661 [FXGL Background Thread 3 ] DEBUG Engine               - class com.almasb.fxgl.app.services.SystemBundleService
03:42:04.661 [FXGL Background Thread 3 ] DEBUG Engine               - class com.almasb.fxgl.profile.SaveLoadService
03:42:04.661 [FXGL Background Thread 3 ] DEBUG Engine               - class com.almasb.fxgl.ui.FXGLUIFactoryServiceProvider
03:42:04.661 [FXGL Background Thread 3 ] DEBUG Engine               - class com.almasb.fxgl.ui.FXGLDialogFactoryServiceProvider
03:42:04.661 [FXGL Background Thread 3 ] DEBUG Engine               - class com.almasb.fxgl.audio.AudioPlayer
03:42:04.661 [FXGL Background Thread 3 ] DEBUG Engine               - class com.almasb.fxgl.notification.impl.NotificationServiceProvider
03:42:04.661 [FXGL Background Thread 3 ] DEBUG Engine               - class com.almasb.fxgl.achievement.AchievementService
03:42:04.661 [FXGL Background Thread 3 ] DEBUG Engine               - class com.almasb.fxgl.cutscene.CutsceneService
03:42:04.661 [FXGL Background Thread 3 ] DEBUG Engine               - class com.almasb.fxgl.minigames.MiniGameService
03:42:04.661 [FXGL Background Thread 3 ] DEBUG Engine               - class com.almasb.fxgl.net.NetService
03:42:04.661 [FXGL Background Thread 3 ] DEBUG Engine               - class com.almasb.fxgl.app.services.UpdaterService
03:42:04.662 [FXGL Background Thread 3 ] DEBUG Engine               - class com.almasb.fxgl.dev.DevService
03:42:05.493 [JavaFX Application Thread] DEBUG FXGLApplication      - Exiting FXGL
03:42:05.494 [JavaFX Application Thread] DEBUG LoopRunner           - Stopping loop
03:42:05.494 [JavaFX Application Thread] DEBUG SystemBundleService  - Saving FXGL system data
03:42:05.495 [JavaFX Application Thread] DEBUG FileSystemAccess     - Writing to: C:\Users\Alexey\Documents\FPS DAM\Entornos\Project\Testing_with_FXGL\system\fxgl.bundle
03:42:05.497 [JavaFX Application Thread] DEBUG Async                - Shutting down background threads
03:42:05.497 [JavaFX Application Thread] DEBUG PrimaryStageWindow   - Closing main window
03:42:05.521 [JavaFX Application Thread] DEBUG Logger               - Closing Logger
