01:10:12.483 [main                     ] DEBUG Logger               - Configured Logger
01:10:12.503 [main                     ] DEBUG GameApplication      - Logging settings
Title: Untitled
Version: 0.0
Width: 900
Height: 700
Fullscreen: false
Intro: false
Profiling: false
Single step:false
App Mode: DEVELOPER
Menu Key: ESCAPE
Stage Style: DECORATED
Scene Factory: class com.almasb.fxgl.app.scene.SceneFactory

01:10:12.895 [JavaFX Application Thread] DEBUG FXGLApplication      - Initializing FXGL
01:10:12.902 [JavaFX Application Thread] INFO  Engine               - FXGL-17.1 (24.03.2022 17.34) on WINDOWS (J:19.0.2 FX:19-ea)
01:10:12.902 [JavaFX Application Thread] DEBUG Engine               - JRE Vendor Name: Oracle Corporation
01:10:12.903 [JavaFX Application Thread] DEBUG Engine               - Running on OS: Windows 11 version 10.0
01:10:12.903 [JavaFX Application Thread] DEBUG Engine               - Architecture: amd64
01:10:12.903 [JavaFX Application Thread] INFO  Engine               - Source code and latest versions at: https://github.com/AlmasB/FXGL
01:10:12.903 [JavaFX Application Thread] INFO  Engine               -       Ask questions and discuss at: https://github.com/AlmasB/FXGL/discussions
01:10:12.904 [JavaFX Application Thread] INFO  Engine               -              Join the FXGL chat at: https://gitter.im/AlmasB/FXGL
01:10:12.980 [JavaFX Application Thread] DEBUG PrimaryStageWindow   - Creating a JavaFX scene
01:10:13.015 [JavaFX Application Thread] DEBUG PrimaryStageWindow   - Target settings size: 900.0 x 700.0
01:10:13.015 [JavaFX Application Thread] DEBUG PrimaryStageWindow   - Scaled scene size:    900.0 x 700.0
01:10:13.017 [JavaFX Application Thread] DEBUG PrimaryStageWindow   - Scaled ratio: (1.0, 1.0)
01:10:13.018 [JavaFX Application Thread] DEBUG PrimaryStageWindow   - Set initial scene to FXGLStartupScene
01:10:13.023 [JavaFX Application Thread] DEBUG PrimaryStageWindow   - Opening main window
01:10:13.120 [JavaFX Application Thread] DEBUG PrimaryStageWindow   - Window border size: (14.4000244140625, 37.5999755859375)
01:10:13.120 [JavaFX Application Thread] DEBUG PrimaryStageWindow   - Scaled size: 900.0 x 700.0
01:10:13.121 [JavaFX Application Thread] DEBUG PrimaryStageWindow   - Scaled ratio: (1.0, 1.0)
01:10:13.121 [JavaFX Application Thread] DEBUG PrimaryStageWindow   - Scene size: 900.0 x 700.0
01:10:13.121 [JavaFX Application Thread] DEBUG PrimaryStageWindow   - Stage size: 914.4000244140625 x 737.5999755859375
01:10:13.127 [FXGL Background Thread 1 ] DEBUG Engine               - Initializing environment variables
01:10:13.172 [FXGL Background Thread 1 ] DEBUG FXGLAssetLoaderServi - User app class for loading assets: class com.example.tutorial.BasicGameApp
01:10:13.172 [FXGL Background Thread 1 ] DEBUG GameApplicationServi - Applying CSS: fxgl_dark.css
01:10:13.173 [FXGL Background Thread 1 ] DEBUG FXGLAssetLoaderServi - Loading from file system: jar:file:/C:/Users/Alexey/.m2/repository/com/github/almasb/fxgl/17.1/fxgl-17.1.jar!/fxglassets/ui/css/fxgl_dark.css
01:10:13.205 [FXGL Background Thread 1 ] DEBUG GameApplicationServi - Initializing application scenes
01:10:13.246 [FXGL Background Thread 1 ] DEBUG GameWorld            - Game world initialized
01:10:13.295 [FXGL Background Thread 1 ] DEBUG PhysicsWorld         - Physics world initialized: appHeight=700, physics.ppm=50,0
01:10:13.295 [FXGL Background Thread 1 ] DEBUG PhysicsWorld         - Using strategy: BRUTE_FORCE
01:10:13.299 [FXGL Background Thread 1 ] DEBUG GameScene            - Game scene initialized: 900x700
01:10:13.299 [FXGL Background Thread 1 ] DEBUG GameApplicationServi - Application scenes initialized
01:10:13.322 [FXGL Background Thread 1 ] DEBUG SystemBundleService  - Loading FXGL system data
01:10:13.325 [FXGL Background Thread 1 ] DEBUG FileSystemAccess     - Reading from: C:\Users\Alexey\Documents\FPS DAM\Entornos\Project\Testing_with_FXGL\system\fxgl.bundle
01:10:13.333 [FXGL Background Thread 1 ] DEBUG SystemBundleService  - Bundle FXGL: {}
01:10:13.333 [FXGL Background Thread 1 ] DEBUG UpdaterService       - Checking for updates
01:10:13.337 [FXGL Background Thread 4 ] DEBUG FXGLApplication      - Loading fonts
01:10:13.337 [FXGL Background Thread 4 ] DEBUG FXGLAssetLoaderServi - Loading from file system: jar:file:/C:/Users/Alexey/.m2/repository/com/github/almasb/fxgl/17.1/fxgl-17.1.jar!/fxglassets/ui/fonts/VarelaRound-Regular.ttf
01:10:13.337 [FXGL Background Thread 1 ] DEBUG FXGLApplication      - Loading default localization
01:10:13.338 [FXGL Background Thread 1 ] DEBUG FXGLAssetLoaderServi - Loading from file system: jar:file:/C:/Users/Alexey/.m2/repository/com/github/almasb/fxgl/17.1/fxgl-17.1.jar!/fxglassets/languages/english.lang
01:10:13.369 [FXGL Background Thread 1 ] INFO  FXGLApplication      - FXGL initialization took: 0,241 sec
01:10:13.375 [JavaFX Application Thread] DEBUG Input                - Registered new binding: press space - LMB
01:10:13.379 [JavaFX Application Thread] DEBUG Input                - Registered new binding: press esc - Esc
01:10:13.380 [JavaFX Application Thread] DEBUG FXGLAssetLoaderServi - Loading from file system: jar:file:/C:/Users/Alexey/.m2/repository/com/github/almasb/fxgl/17.1/fxgl-17.1.jar!/fxglassets/textures/fxgl_icon.png
01:10:13.396 [FXGL Background Thread 4 ] DEBUG FXGLAssetLoaderServi - Loading from file system: jar:file:/C:/Users/Alexey/.m2/repository/com/github/almasb/fxgl/17.1/fxgl-17.1.jar!/fxglassets/ui/fonts/Abel-Regular.ttf
01:10:13.398 [FXGL Background Thread 4 ] DEBUG FXGLAssetLoaderServi - Loading from file system: jar:file:/C:/Users/Alexey/.m2/repository/com/github/almasb/fxgl/17.1/fxgl-17.1.jar!/fxglassets/ui/fonts/TerminalLandMono-Regular.otf
01:10:13.400 [FXGL Background Thread 4 ] DEBUG FXGLAssetLoaderServi - Loading from file system: jar:file:/C:/Users/Alexey/.m2/repository/com/github/almasb/fxgl/17.1/fxgl-17.1.jar!/fxglassets/ui/fonts/Courier-Prime.ttf
01:10:13.430 [JavaFX Application Thread] DEBUG FXGLAssetLoaderServi - Loading from file system: jar:file:/C:/Users/Alexey/.m2/repository/com/github/almasb/fxgl/17.1/fxgl-17.1.jar!/fxglassets/textures/fxgl_default_cursor.png
01:10:13.433 [JavaFX Application Thread] DEBUG Input                - Registered new binding: Screenshot - CTRL+8
01:10:13.433 [JavaFX Application Thread] DEBUG Input                - Registered new binding: System info dump - CTRL+9
01:10:13.434 [JavaFX Application Thread] DEBUG Input                - Registered new binding: Restart - CTRL+R
01:10:13.434 [JavaFX Application Thread] DEBUG Input                - Registered new binding: Toggle Debug Camera - CTRL+7
01:10:13.437 [JavaFX Application Thread] DEBUG LoopRunner           - Starting loop
01:10:13.437 [JavaFX Application Thread] DEBUG LoopRunner           - Initializing ScheduledExecutorLoop with fps: 60
01:10:13.439 [JavaFX Application Thread] DEBUG GameApplicationServi - Starting new game
01:10:13.439 [JavaFX Application Thread] DEBUG Input                - Clearing active input actions
01:10:13.453 [JavaFX Application Thread] DEBUG GameApplicationServi - Removing overlay from FXGLStartupScene and adding to FXGLLoadingScene
01:10:13.453 [JavaFX Application Thread] DEBUG PrimaryStageWindow   - FXGLStartupScene -> FXGLLoadingScene
01:10:13.453 [JavaFX Application Thread] DEBUG GameApplicationServi - Clearing previous game
01:10:13.453 [JavaFX Application Thread] DEBUG GameScene            - Clearing game scene
01:10:13.453 [JavaFX Application Thread] DEBUG GameWorld            - Clearing game world
01:10:13.453 [JavaFX Application Thread] DEBUG PhysicsWorld         - Clearing physics world
01:10:13.457 [FXGL Background Thread 4 ] DEBUG FXGLApplication      - Initializing game
01:10:13.457 [JavaFX Application Thread] DEBUG FXGLApplication      - Registering font factories with UI factory
01:10:13.461 [FXGL Background Thread 4 ] DEBUG FXGLAssetLoaderServi - Loading from file system: file:/C:/Users/Alexey/Documents/FPS%20DAM/Entornos/Project/Testing_with_FXGL/target/classes/assets/textures/mainScene/background.png
01:10:13.487 [FXGL Background Thread 4 ] DEBUG FXGLAssetLoaderServi - Loading from file system: file:/C:/Users/Alexey/Documents/FPS%20DAM/Entornos/Project/Testing_with_FXGL/target/classes/assets/textures/sheet.png
01:10:13.491 [FXGL Background Thread 4 ] INFO  FXGLApplication      - Game initialization took: 0,035 sec
01:10:13.516 [JavaFX Application Thread] DEBUG Input                - Clearing active input actions
01:10:13.522 [JavaFX Application Thread] DEBUG GameApplicationServi - Removing overlay from FXGLLoadingScene and adding to GameScene
01:10:13.523 [JavaFX Application Thread] DEBUG PrimaryStageWindow   - FXGLLoadingScene -> GameScene
01:10:13.719 [FXGL Background Thread 2 ] INFO  UpdaterService       - Your current version:  17.1
01:10:13.719 [FXGL Background Thread 2 ] INFO  UpdaterService       - Latest stable version: 17.3
01:10:14.861 [JavaFX Application Thread] DEBUG FXGLAssetLoaderServi - Loading from file system: file:/C:/Users/Alexey/Documents/FPS%20DAM/Entornos/Project/Testing_with_FXGL/target/classes/assets/textures/mainScene/axe.png
01:10:14.865 [JavaFX Application Thread] DEBUG FXGLAssetLoaderServi - Loading from file system: file:/C:/Users/Alexey/Documents/FPS%20DAM/Entornos/Project/Testing_with_FXGL/target/classes/assets/textures/mainScene/walkingCat.png
01:10:14.872 [JavaFX Application Thread] DEBUG FXGLAssetLoaderServi - Loading from file system: file:/C:/Users/Alexey/Documents/FPS%20DAM/Entornos/Project/Testing_with_FXGL/target/classes/assets/textures/mainScene/energySet.png
01:10:14.875 [JavaFX Application Thread] DEBUG FXGLAssetLoaderServi - Loading from file system: file:/C:/Users/Alexey/Documents/FPS%20DAM/Entornos/Project/Testing_with_FXGL/target/classes/assets/textures/mainScene/hunger.png
01:10:15.673 [JavaFX Application Thread] DEBUG LoopRunner           - Stopping loop
01:10:15.674 [JavaFX Application Thread] FATAL FXGLApplication      - Uncaught Exception:
java.lang.IllegalArgumentException: maxX value of sub-texture cannot be greater than image width
	at com.almasb.fxgl.texture.Texture.subTexture(Texture.kt:92)
	at com.example.tutorial.MainScene.Vitality.setSubTexture(Vitality.java:47)
	at com.example.tutorial.MainScene.MainSceneInputManager.toPlay(MainSceneInputManager.java:48)
	at com.example.tutorial.MainScene.MainSceneInputManager.update(MainSceneInputManager.java:31)
	at com.example.tutorial.MainScene.MainScene.mainSceneUpdate(MainScene.java:124)
	at com.example.tutorial.MainScene.MainScene.update(MainScene.java:91)
	at com.example.tutorial.BasicGameApp.onUpdate(BasicGameApp.java:86)
	at com.almasb.fxgl.app.FXGLApplication$GameApplicationService.onGameUpdate(FXGLApplication.kt:421)
	at com.almasb.fxgl.app.Engine.onGameUpdate(Engine.kt:138)
	at com.almasb.fxgl.app.FXGLApplication.postServicesInit$lambda-7(FXGLApplication.kt:182)
	at com.almasb.fxgl.scene.Scene.update(Scene.kt:113)
	at com.almasb.fxgl.app.MainWindow$update$1.invoke(MainWindow.kt:115)
	at com.almasb.fxgl.app.MainWindow$update$1.invoke(MainWindow.kt:115)
	at com.almasb.fxgl.core.fsm.StateMachine.runOnActiveStates(StateMachine.kt:69)
	at com.almasb.fxgl.app.MainWindow.update(MainWindow.kt:115)
	at com.almasb.fxgl.app.FXGLApplication$GameApplicationService.onUpdate(FXGLApplication.kt:426)
	at com.almasb.fxgl.app.Engine.loop(Engine.kt:134)
	at com.almasb.fxgl.app.Engine.access$loop(Engine.kt:24)
	at com.almasb.fxgl.app.Engine$loop$1.invoke(Engine.kt:28)
	at com.almasb.fxgl.app.Engine$loop$1.invoke(Engine.kt:28)
	at com.almasb.fxgl.app.LoopRunner.frame(LoopRunner.kt:103)
	at com.almasb.fxgl.app.LoopRunner.access$frame(LoopRunner.kt:23)
	at com.almasb.fxgl.app.LoopRunner$impl$2$2.onTick(LoopRunner.kt:64)
	at com.almasb.fxgl.app.ScheduledExecutorLoop.start$lambda-1$lambda-0(LoopRunner.kt:170)
	at com.sun.javafx.application.PlatformImpl.lambda$runLater$10(PlatformImpl.java:457)
	at java.base/java.security.AccessController.doPrivileged(AccessController.java:399)
	at com.sun.javafx.application.PlatformImpl.lambda$runLater$11(PlatformImpl.java:456)
	at com.sun.glass.ui.InvokeLaterDispatcher$Future.run(InvokeLaterDispatcher.java:96)
	at com.sun.glass.ui.win.WinApplication._runLoop(Native Method)
	at com.sun.glass.ui.win.WinApplication.lambda$runLoop$3(WinApplication.java:184)
	at java.base/java.lang.Thread.run(Thread.java:1589)

01:10:15.678 [JavaFX Application Thread] FATAL FXGLApplication      - Application will now exit
01:10:15.698 [JavaFX Application Thread] DEBUG PrimaryStageWindow   - Push state: ErrorSubScene
01:10:15.698 [JavaFX Application Thread] DEBUG Input                - Clearing active input actions
01:10:15.706 [JavaFX Application Thread] DEBUG GameApplicationServi - Removing overlay from GameScene and adding to ErrorSubScene
01:10:15.707 [JavaFX Application Thread] DEBUG PrimaryStageWindow   - GameScene -> ErrorSubScene
01:10:16.337 [FXGL Background Thread 3 ] DEBUG Engine               - Logging environment variables
01:10:16.338 [FXGL Background Thread 3 ] DEBUG Engine               - achievements: []
01:10:16.338 [FXGL Background Thread 3 ] DEBUG Engine               - actualHeight: 700.0
01:10:16.338 [FXGL Background Thread 3 ] DEBUG Engine               - actualHeightProperty: ReadOnlyDoubleProperty [value: 700.0]
01:10:16.339 [FXGL Background Thread 3 ] DEBUG Engine               - actualWidth: 900.0
01:10:16.339 [FXGL Background Thread 3 ] DEBUG Engine               - actualWidthProperty: ReadOnlyDoubleProperty [value: 900.0]
01:10:16.339 [FXGL Background Thread 3 ] DEBUG Engine               - appIcon: fxgl_icon.png
01:10:16.339 [FXGL Background Thread 3 ] DEBUG Engine               - applicationMode: DEVELOPER
01:10:16.339 [FXGL Background Thread 3 ] DEBUG Engine               - cSSList: [fxgl_dark.css]
01:10:16.339 [FXGL Background Thread 3 ] DEBUG Engine               - collisionDetectionStrategy: BRUTE_FORCE
01:10:16.339 [FXGL Background Thread 3 ] DEBUG Engine               - configClass: Optional.empty
01:10:16.339 [FXGL Background Thread 3 ] DEBUG Engine               - credits: []
01:10:16.340 [FXGL Background Thread 3 ] DEBUG Engine               - defaultCursor: CursorInfo(imageName=fxgl_default_cursor.png, hotspotX=7.0, hotspotY=6.0)
01:10:16.340 [FXGL Background Thread 3 ] DEBUG Engine               - devBBoxColorProperty: ObjectProperty [value: 0xff0000ff]
01:10:16.340 [FXGL Background Thread 3 ] DEBUG Engine               - devEnableDebugCameraProperty: BooleanProperty [value: false]
01:10:16.340 [FXGL Background Thread 3 ] DEBUG Engine               - devSensorColorProperty: ObjectProperty [value: 0xffff00ff]
01:10:16.340 [FXGL Background Thread 3 ] DEBUG Engine               - devShowBBoxProperty: BooleanProperty [value: false]
01:10:16.340 [FXGL Background Thread 3 ] DEBUG Engine               - devShowPositionProperty: BooleanProperty [value: false]
01:10:16.340 [FXGL Background Thread 3 ] DEBUG Engine               - enabledMenuItems: []
01:10:16.340 [FXGL Background Thread 3 ] DEBUG Engine               - engineServices: [class com.almasb.fxgl.app.services.FXGLAssetLoaderService, class com.almasb.fxgl.app.FXGLApplication$GameApplicationService, class com.almasb.fxgl.app.services.FXGLDialogService, class com.almasb.fxgl.app.services.IOTaskExecutorService, class com.almasb.fxgl.io.FileSystemService, class com.almasb.fxgl.localization.LocalizationService, class com.almasb.fxgl.app.services.SystemBundleService, class com.almasb.fxgl.profile.SaveLoadService, class com.almasb.fxgl.ui.FXGLUIFactoryServiceProvider, class com.almasb.fxgl.ui.FXGLDialogFactoryServiceProvider, class com.almasb.fxgl.audio.AudioPlayer, class com.almasb.fxgl.notification.impl.NotificationServiceProvider, class com.almasb.fxgl.achievement.AchievementService, class com.almasb.fxgl.cutscene.CutsceneService, class com.almasb.fxgl.minigames.MiniGameService, class com.almasb.fxgl.net.NetService, class com.almasb.fxgl.app.services.UpdaterService, class com.almasb.fxgl.dev.DevService]
01:10:16.340 [FXGL Background Thread 3 ] DEBUG Engine               - fontGame: Abel-Regular.ttf
01:10:16.340 [FXGL Background Thread 3 ] DEBUG Engine               - fontMono: TerminalLandMono-Regular.otf
01:10:16.340 [FXGL Background Thread 3 ] DEBUG Engine               - fontText: Courier-Prime.ttf
01:10:16.340 [FXGL Background Thread 3 ] DEBUG Engine               - fontUI: VarelaRound-Regular.ttf
01:10:16.340 [FXGL Background Thread 3 ] DEBUG Engine               - fullScreen: BooleanProperty [value: false]
01:10:16.340 [FXGL Background Thread 3 ] DEBUG Engine               - gameDifficulty: MEDIUM
01:10:16.340 [FXGL Background Thread 3 ] DEBUG Engine               - gameDifficultyProperty: ObjectProperty [value: MEDIUM]
01:10:16.340 [FXGL Background Thread 3 ] DEBUG Engine               - globalMusicVolume: 0.5
01:10:16.341 [FXGL Background Thread 3 ] DEBUG Engine               - globalMusicVolumeProperty: DoubleProperty [value: 0.5]
01:10:16.341 [FXGL Background Thread 3 ] DEBUG Engine               - globalSoundVolume: 0.5
01:10:16.341 [FXGL Background Thread 3 ] DEBUG Engine               - globalSoundVolumeProperty: DoubleProperty [value: 0.5]
01:10:16.341 [FXGL Background Thread 3 ] DEBUG Engine               - height: 700
01:10:16.341 [FXGL Background Thread 3 ] DEBUG Engine               - is3D: false
01:10:16.341 [FXGL Background Thread 3 ] DEBUG Engine               - isAndroid: false
01:10:16.341 [FXGL Background Thread 3 ] DEBUG Engine               - isBrowser: false
01:10:16.341 [FXGL Background Thread 3 ] DEBUG Engine               - isClickFeedbackEnabled: false
01:10:16.341 [FXGL Background Thread 3 ] DEBUG Engine               - isCloseConfirmation: false
01:10:16.341 [FXGL Background Thread 3 ] DEBUG Engine               - isDesktop: true
01:10:16.341 [FXGL Background Thread 3 ] DEBUG Engine               - isDeveloperMenuEnabled: false
01:10:16.341 [FXGL Background Thread 3 ] DEBUG Engine               - isEmbedded: false
01:10:16.341 [FXGL Background Thread 3 ] DEBUG Engine               - isEntityPreloadEnabled: true
01:10:16.341 [FXGL Background Thread 3 ] DEBUG Engine               - isExperimentalTiledLargeMap: false
01:10:16.341 [FXGL Background Thread 3 ] DEBUG Engine               - isFileSystemWriteAllowed: true
01:10:16.341 [FXGL Background Thread 3 ] DEBUG Engine               - isFullScreenAllowed: false
01:10:16.341 [FXGL Background Thread 3 ] DEBUG Engine               - isFullScreenFromStart: false
01:10:16.341 [FXGL Background Thread 3 ] DEBUG Engine               - isGameMenuEnabled: false
01:10:16.341 [FXGL Background Thread 3 ] DEBUG Engine               - isIOS: false
01:10:16.341 [FXGL Background Thread 3 ] DEBUG Engine               - isIntroEnabled: false
01:10:16.341 [FXGL Background Thread 3 ] DEBUG Engine               - isLinux: false
01:10:16.341 [FXGL Background Thread 3 ] DEBUG Engine               - isMac: false
01:10:16.341 [FXGL Background Thread 3 ] DEBUG Engine               - isMainMenuEnabled: false
01:10:16.341 [FXGL Background Thread 3 ] DEBUG Engine               - isManualResizeEnabled: false
01:10:16.341 [FXGL Background Thread 3 ] DEBUG Engine               - isMobile: false
01:10:16.341 [FXGL Background Thread 3 ] DEBUG Engine               - isNative: false
01:10:16.341 [FXGL Background Thread 3 ] DEBUG Engine               - isPauseMusicWhenMinimized: true
01:10:16.341 [FXGL Background Thread 3 ] DEBUG Engine               - isPreserveResizeRatio: false
01:10:16.341 [FXGL Background Thread 3 ] DEBUG Engine               - isProfilingEnabled: false
01:10:16.341 [FXGL Background Thread 3 ] DEBUG Engine               - isScaleAffectedOnResize: true
01:10:16.341 [FXGL Background Thread 3 ] DEBUG Engine               - isSingleStep: false
01:10:16.341 [FXGL Background Thread 3 ] DEBUG Engine               - isUserProfileEnabled: false
01:10:16.341 [FXGL Background Thread 3 ] DEBUG Engine               - isWindows: true
01:10:16.341 [FXGL Background Thread 3 ] DEBUG Engine               - language: ObjectProperty [value: ENGLISH]
01:10:16.341 [FXGL Background Thread 3 ] DEBUG Engine               - menuKey: ESCAPE
01:10:16.341 [FXGL Background Thread 3 ] DEBUG Engine               - mouseSensitivity: 0.2
01:10:16.341 [FXGL Background Thread 3 ] DEBUG Engine               - notificationViewClass: class com.almasb.fxgl.notification.view.XboxNotificationView
01:10:16.341 [FXGL Background Thread 3 ] DEBUG Engine               - pixelsPerMeter: 50.0
01:10:16.341 [FXGL Background Thread 3 ] DEBUG Engine               - platform: WINDOWS
01:10:16.341 [FXGL Background Thread 3 ] DEBUG Engine               - prefHeightProperty: ReadOnlyDoubleProperty [value: 700.0]
01:10:16.341 [FXGL Background Thread 3 ] DEBUG Engine               - prefWidthProperty: ReadOnlyDoubleProperty [value: 900.0]
01:10:16.341 [FXGL Background Thread 3 ] DEBUG Engine               - profileDir: profiles/
01:10:16.341 [FXGL Background Thread 3 ] DEBUG Engine               - profileName: StringProperty [value: DEFAULT]
01:10:16.341 [FXGL Background Thread 3 ] DEBUG Engine               - randomSeed: -1
01:10:16.341 [FXGL Background Thread 3 ] DEBUG Engine               - runtimeInfo: RuntimeInfo(platform=WINDOWS, version=17.1, build=24.03.2022 17.34)
01:10:16.341 [FXGL Background Thread 3 ] DEBUG Engine               - saveFileExt: sav
01:10:16.341 [FXGL Background Thread 3 ] DEBUG Engine               - scaledHeightProp$fxgl: DoubleProperty [bound, value: 700.0]
01:10:16.341 [FXGL Background Thread 3 ] DEBUG Engine               - scaledWidthProp$fxgl: DoubleProperty [bound, value: 900.0]
01:10:16.341 [FXGL Background Thread 3 ] DEBUG Engine               - sceneFactory: com.almasb.fxgl.app.scene.SceneFactory@2f9aa9d3
01:10:16.341 [FXGL Background Thread 3 ] DEBUG Engine               - secondsIn24h: 60
01:10:16.341 [FXGL Background Thread 3 ] DEBUG Engine               - soundMenuBack: menu/back.wav
01:10:16.341 [FXGL Background Thread 3 ] DEBUG Engine               - soundMenuPress: menu/press.wav
01:10:16.341 [FXGL Background Thread 3 ] DEBUG Engine               - soundMenuSelect: menu/select.wav
01:10:16.341 [FXGL Background Thread 3 ] DEBUG Engine               - soundNotification: core/notification.wav
01:10:16.341 [FXGL Background Thread 3 ] DEBUG Engine               - stageStyle: DECORATED
01:10:16.341 [FXGL Background Thread 3 ] DEBUG Engine               - supportedLanguages: [ENGLISH, FRENCH, GERMAN, HUNGARIAN, RUSSIAN]
01:10:16.341 [FXGL Background Thread 3 ] DEBUG Engine               - ticksPerSecond: 60
01:10:16.341 [FXGL Background Thread 3 ] DEBUG Engine               - title: Untitled
01:10:16.341 [FXGL Background Thread 3 ] DEBUG Engine               - urlGithub: https://github.com/AlmasB/FXGL
01:10:16.341 [FXGL Background Thread 3 ] DEBUG Engine               - urlLeaderboard: http://fxgl-top.herokuapp.com/
01:10:16.342 [FXGL Background Thread 3 ] DEBUG Engine               - urlPOM: https://raw.githubusercontent.com/AlmasB/FXGL/release/README.md
01:10:16.342 [FXGL Background Thread 3 ] DEBUG Engine               - userAppClass: class com.example.tutorial.BasicGameApp
01:10:16.342 [FXGL Background Thread 3 ] DEBUG Engine               - version: 0.0
01:10:16.342 [FXGL Background Thread 3 ] DEBUG Engine               - versionCheckDays: 7
01:10:16.342 [FXGL Background Thread 3 ] DEBUG Engine               - width: 900
01:10:16.342 [FXGL Background Thread 3 ] DEBUG Engine               - Logging services
01:10:16.342 [FXGL Background Thread 3 ] DEBUG Engine               - class com.almasb.fxgl.app.services.FXGLAssetLoaderService
01:10:16.342 [FXGL Background Thread 3 ] DEBUG Engine               - class com.almasb.fxgl.app.FXGLApplication$GameApplicationService
01:10:16.342 [FXGL Background Thread 3 ] DEBUG Engine               - class com.almasb.fxgl.app.services.FXGLDialogService
01:10:16.342 [FXGL Background Thread 3 ] DEBUG Engine               - class com.almasb.fxgl.app.services.IOTaskExecutorService
01:10:16.342 [FXGL Background Thread 3 ] DEBUG Engine               - class com.almasb.fxgl.io.FileSystemService
01:10:16.342 [FXGL Background Thread 3 ] DEBUG Engine               - class com.almasb.fxgl.localization.LocalizationService
01:10:16.342 [FXGL Background Thread 3 ] DEBUG Engine               - class com.almasb.fxgl.app.services.SystemBundleService
01:10:16.342 [FXGL Background Thread 3 ] DEBUG Engine               - class com.almasb.fxgl.profile.SaveLoadService
01:10:16.342 [FXGL Background Thread 3 ] DEBUG Engine               - class com.almasb.fxgl.ui.FXGLUIFactoryServiceProvider
01:10:16.342 [FXGL Background Thread 3 ] DEBUG Engine               - class com.almasb.fxgl.ui.FXGLDialogFactoryServiceProvider
01:10:16.342 [FXGL Background Thread 3 ] DEBUG Engine               - class com.almasb.fxgl.audio.AudioPlayer
01:10:16.342 [FXGL Background Thread 3 ] DEBUG Engine               - class com.almasb.fxgl.notification.impl.NotificationServiceProvider
01:10:16.342 [FXGL Background Thread 3 ] DEBUG Engine               - class com.almasb.fxgl.achievement.AchievementService
01:10:16.342 [FXGL Background Thread 3 ] DEBUG Engine               - class com.almasb.fxgl.cutscene.CutsceneService
01:10:16.342 [FXGL Background Thread 3 ] DEBUG Engine               - class com.almasb.fxgl.minigames.MiniGameService
01:10:16.342 [FXGL Background Thread 3 ] DEBUG Engine               - class com.almasb.fxgl.net.NetService
01:10:16.342 [FXGL Background Thread 3 ] DEBUG Engine               - class com.almasb.fxgl.app.services.UpdaterService
01:10:16.342 [FXGL Background Thread 3 ] DEBUG Engine               - class com.almasb.fxgl.dev.DevService
01:10:46.319 [JavaFX Application Thread] DEBUG FXGLApplication      - Exiting FXGL
01:10:46.319 [JavaFX Application Thread] DEBUG Async                - Shutting down background threads
01:10:46.319 [JavaFX Application Thread] DEBUG PrimaryStageWindow   - Closing main window
01:10:46.344 [JavaFX Application Thread] DEBUG Logger               - Closing Logger
