00:43:14.190 [main                     ] DEBUG Logger               - Configured Logger
00:43:14.207 [main                     ] DEBUG GameApplication      - Logging settings
Title: Untitled
Version: 0.0
Width: 900
Height: 700
Fullscreen: false
Intro: false
Profiling: false
Single step:false
App Mode: DEVELOPER
Menu Key: ESCAPE
Stage Style: DECORATED
Scene Factory: class com.almasb.fxgl.app.scene.SceneFactory

00:43:14.598 [JavaFX Application Thread] DEBUG FXGLApplication      - Initializing FXGL
00:43:14.601 [JavaFX Application Thread] INFO  Engine               - FXGL-17.1 (24.03.2022 17.34) on WINDOWS (J:19.0.1 FX:19-ea)
00:43:14.601 [JavaFX Application Thread] DEBUG Engine               - JRE Vendor Name: Oracle Corporation
00:43:14.601 [JavaFX Application Thread] DEBUG Engine               - Running on OS: Windows 11 version 10.0
00:43:14.602 [JavaFX Application Thread] DEBUG Engine               - Architecture: amd64
00:43:14.602 [JavaFX Application Thread] INFO  Engine               - Source code and latest versions at: https://github.com/AlmasB/FXGL
00:43:14.602 [JavaFX Application Thread] INFO  Engine               -       Ask questions and discuss at: https://github.com/AlmasB/FXGL/discussions
00:43:14.602 [JavaFX Application Thread] INFO  Engine               -              Join the FXGL chat at: https://gitter.im/AlmasB/FXGL
00:43:14.671 [JavaFX Application Thread] DEBUG PrimaryStageWindow   - Creating a JavaFX scene
00:43:14.698 [JavaFX Application Thread] DEBUG PrimaryStageWindow   - Target settings size: 900.0 x 700.0
00:43:14.698 [JavaFX Application Thread] DEBUG PrimaryStageWindow   - Scaled scene size:    900.0 x 700.0
00:43:14.699 [JavaFX Application Thread] DEBUG PrimaryStageWindow   - Scaled ratio: (1.0, 1.0)
00:43:14.699 [JavaFX Application Thread] DEBUG PrimaryStageWindow   - Set initial scene to FXGLStartupScene
00:43:14.705 [JavaFX Application Thread] DEBUG PrimaryStageWindow   - Opening main window
00:43:14.769 [JavaFX Application Thread] DEBUG PrimaryStageWindow   - Window border size: (14.4000244140625, 37.5999755859375)
00:43:14.770 [JavaFX Application Thread] DEBUG PrimaryStageWindow   - Scaled size: 900.0 x 700.0
00:43:14.770 [JavaFX Application Thread] DEBUG PrimaryStageWindow   - Scaled ratio: (1.0, 1.0)
00:43:14.771 [JavaFX Application Thread] DEBUG PrimaryStageWindow   - Scene size: 900.0 x 700.0
00:43:14.771 [JavaFX Application Thread] DEBUG PrimaryStageWindow   - Stage size: 914.4000244140625 x 737.5999755859375
00:43:14.776 [FXGL Background Thread 1 ] DEBUG Engine               - Initializing environment variables
00:43:14.820 [FXGL Background Thread 1 ] DEBUG FXGLAssetLoaderServi - User app class for loading assets: class com.example.tutorial.BasicGameApp
00:43:14.821 [FXGL Background Thread 1 ] DEBUG GameApplicationServi - Applying CSS: fxgl_dark.css
00:43:14.821 [FXGL Background Thread 1 ] DEBUG FXGLAssetLoaderServi - Loading from file system: jar:file:/C:/Users/Alexey/.m2/repository/com/github/almasb/fxgl/17.1/fxgl-17.1.jar!/fxglassets/ui/css/fxgl_dark.css
00:43:14.855 [FXGL Background Thread 1 ] DEBUG GameApplicationServi - Initializing application scenes
00:43:14.894 [FXGL Background Thread 1 ] DEBUG GameWorld            - Game world initialized
00:43:14.941 [FXGL Background Thread 1 ] DEBUG PhysicsWorld         - Physics world initialized: appHeight=700, physics.ppm=50,0
00:43:14.941 [FXGL Background Thread 1 ] DEBUG PhysicsWorld         - Using strategy: BRUTE_FORCE
00:43:14.944 [FXGL Background Thread 1 ] DEBUG GameScene            - Game scene initialized: 900x700
00:43:14.957 [FXGL Background Thread 1 ] DEBUG FXGL.DefaultMenu     - createMenuBodyGameMenu()
00:43:14.970 [FXGL Background Thread 1 ] DEBUG FXGL.DefaultMenu     - createOptionsMenu()
00:43:14.980 [FXGL Background Thread 1 ] DEBUG FXGLAssetLoaderServi - Loading from file system: jar:file:/C:/Users/Alexey/.m2/repository/com/github/almasb/fxgl/17.1/fxgl-17.1.jar!/fxglassets/textures/particles/smoke.png
00:43:15.080 [FXGL Background Thread 1 ] DEBUG FXGLAssetLoaderServi - Loading from file system: jar:file:/C:/Users/Alexey/.m2/repository/com/github/almasb/fxgl/17.1/fxgl-17.1.jar!/fxglassets/textures/particles/trace_horizontal.png
00:43:15.101 [FXGL Background Thread 1 ] DEBUG GameApplicationServi - Application scenes initialized
00:43:15.114 [FXGL Background Thread 1 ] DEBUG SystemBundleService  - Loading FXGL system data
00:43:15.117 [FXGL Background Thread 1 ] DEBUG FileSystemAccess     - Reading from: C:\Users\Alexey\IdeaProjects\Testing_with_FXGL\system\fxgl.bundle
00:43:15.123 [FXGL Background Thread 1 ] DEBUG SystemBundleService  - Bundle FXGL: {}
00:43:15.123 [FXGL Background Thread 1 ] DEBUG UpdaterService       - Checking for updates
00:43:15.127 [FXGL Background Thread 4 ] DEBUG FXGLApplication      - Loading fonts
00:43:15.128 [FXGL Background Thread 4 ] DEBUG FXGLAssetLoaderServi - Loading from file system: jar:file:/C:/Users/Alexey/.m2/repository/com/github/almasb/fxgl/17.1/fxgl-17.1.jar!/fxglassets/ui/fonts/VarelaRound-Regular.ttf
00:43:15.128 [FXGL Background Thread 1 ] DEBUG FXGLApplication      - Loading default localization
00:43:15.129 [FXGL Background Thread 1 ] DEBUG FXGLAssetLoaderServi - Loading from file system: jar:file:/C:/Users/Alexey/.m2/repository/com/github/almasb/fxgl/17.1/fxgl-17.1.jar!/fxglassets/languages/english.lang
00:43:15.156 [FXGL Background Thread 1 ] INFO  FXGLApplication      - FXGL initialization took: 0,380 sec
00:43:15.160 [JavaFX Application Thread] DEBUG Input                - Registered new binding: press space - LMB
00:43:15.161 [JavaFX Application Thread] DEBUG FXGLAssetLoaderServi - Loading from file system: jar:file:/C:/Users/Alexey/.m2/repository/com/github/almasb/fxgl/17.1/fxgl-17.1.jar!/fxglassets/textures/fxgl_icon.png
00:43:15.177 [FXGL Background Thread 4 ] DEBUG FXGLAssetLoaderServi - Loading from file system: jar:file:/C:/Users/Alexey/.m2/repository/com/github/almasb/fxgl/17.1/fxgl-17.1.jar!/fxglassets/ui/fonts/Abel-Regular.ttf
00:43:15.178 [JavaFX Application Thread] DEBUG FXGLAssetLoaderServi - Loading from file system: jar:file:/C:/Users/Alexey/.m2/repository/com/github/almasb/fxgl/17.1/fxgl-17.1.jar!/fxglassets/textures/fxgl_default_cursor.png
00:43:15.180 [FXGL Background Thread 4 ] DEBUG FXGLAssetLoaderServi - Loading from file system: jar:file:/C:/Users/Alexey/.m2/repository/com/github/almasb/fxgl/17.1/fxgl-17.1.jar!/fxglassets/ui/fonts/TerminalLandMono-Regular.otf
00:43:15.182 [FXGL Background Thread 4 ] DEBUG FXGLAssetLoaderServi - Loading from file system: jar:file:/C:/Users/Alexey/.m2/repository/com/github/almasb/fxgl/17.1/fxgl-17.1.jar!/fxglassets/ui/fonts/Courier-Prime.ttf
00:43:15.189 [JavaFX Application Thread] DEBUG Input                - Registered new binding: Screenshot - CTRL+8
00:43:15.190 [JavaFX Application Thread] DEBUG Input                - Registered new binding: System info dump - CTRL+9
00:43:15.190 [JavaFX Application Thread] DEBUG Input                - Registered new binding: Restart - CTRL+R
00:43:15.192 [JavaFX Application Thread] DEBUG Input                - Registered new binding: Toggle Debug Camera - CTRL+7
00:43:15.197 [JavaFX Application Thread] DEBUG LoopRunner           - Starting loop
00:43:15.198 [JavaFX Application Thread] DEBUG LoopRunner           - Initializing ScheduledExecutorLoop with fps: 60
00:43:15.200 [JavaFX Application Thread] DEBUG GameApplicationServi - Starting new game
00:43:15.201 [JavaFX Application Thread] DEBUG Input                - Clearing active input actions
00:43:15.211 [JavaFX Application Thread] DEBUG GameApplicationServi - Removing overlay from FXGLStartupScene and adding to FXGLLoadingScene
00:43:15.212 [JavaFX Application Thread] DEBUG PrimaryStageWindow   - FXGLStartupScene -> FXGLLoadingScene
00:43:15.212 [JavaFX Application Thread] DEBUG GameApplicationServi - Clearing previous game
00:43:15.212 [JavaFX Application Thread] DEBUG GameScene            - Clearing game scene
00:43:15.212 [JavaFX Application Thread] DEBUG GameWorld            - Clearing game world
00:43:15.212 [JavaFX Application Thread] DEBUG PhysicsWorld         - Clearing physics world
00:43:15.213 [FXGL Background Thread 4 ] DEBUG FXGLApplication      - Initializing game
00:43:15.220 [JavaFX Application Thread] DEBUG FXGLApplication      - Registering font factories with UI factory
00:43:15.240 [FXGL Background Thread 4 ] DEBUG FXGLAssetLoaderServi - Loading from file system: file:/C:/Users/Alexey/IdeaProjects/Testing_with_FXGL/target/classes/assets/textures/fondo.png
00:43:15.251 [FXGL Background Thread 4 ] INFO  FXGLApplication      - Game initialization took: 0,037 sec
00:43:15.272 [JavaFX Application Thread] DEBUG Input                - Clearing active input actions
00:43:15.287 [JavaFX Application Thread] DEBUG GameApplicationServi - Removing overlay from FXGLLoadingScene and adding to GameScene
00:43:15.287 [JavaFX Application Thread] DEBUG PrimaryStageWindow   - FXGLLoadingScene -> GameScene
00:43:15.509 [FXGL Background Thread 2 ] INFO  UpdaterService       - Your current version:  17.1
00:43:15.510 [FXGL Background Thread 2 ] INFO  UpdaterService       - Latest stable version: 17.2
00:43:18.127 [FXGL Background Thread 3 ] DEBUG Engine               - Logging environment variables
00:43:18.131 [FXGL Background Thread 3 ] DEBUG Engine               - achievements: []
00:43:18.131 [FXGL Background Thread 3 ] DEBUG Engine               - actualHeight: 700.0
00:43:18.131 [FXGL Background Thread 3 ] DEBUG Engine               - actualHeightProperty: ReadOnlyDoubleProperty [value: 700.0]
00:43:18.131 [FXGL Background Thread 3 ] DEBUG Engine               - actualWidth: 900.0
00:43:18.131 [FXGL Background Thread 3 ] DEBUG Engine               - actualWidthProperty: ReadOnlyDoubleProperty [value: 900.0]
00:43:18.131 [FXGL Background Thread 3 ] DEBUG Engine               - appIcon: fxgl_icon.png
00:43:18.131 [FXGL Background Thread 3 ] DEBUG Engine               - applicationMode: DEVELOPER
00:43:18.132 [FXGL Background Thread 3 ] DEBUG Engine               - cSSList: [fxgl_dark.css]
00:43:18.132 [FXGL Background Thread 3 ] DEBUG Engine               - collisionDetectionStrategy: BRUTE_FORCE
00:43:18.132 [FXGL Background Thread 3 ] DEBUG Engine               - configClass: Optional.empty
00:43:18.132 [FXGL Background Thread 3 ] DEBUG Engine               - credits: []
00:43:18.135 [FXGL Background Thread 3 ] DEBUG Engine               - defaultCursor: CursorInfo(imageName=fxgl_default_cursor.png, hotspotX=7.0, hotspotY=6.0)
00:43:18.136 [FXGL Background Thread 3 ] DEBUG Engine               - devBBoxColorProperty: ObjectProperty [value: 0xff0000ff]
00:43:18.136 [FXGL Background Thread 3 ] DEBUG Engine               - devEnableDebugCameraProperty: BooleanProperty [value: false]
00:43:18.136 [FXGL Background Thread 3 ] DEBUG Engine               - devSensorColorProperty: ObjectProperty [value: 0xffff00ff]
00:43:18.136 [FXGL Background Thread 3 ] DEBUG Engine               - devShowBBoxProperty: BooleanProperty [value: false]
00:43:18.136 [FXGL Background Thread 3 ] DEBUG Engine               - devShowPositionProperty: BooleanProperty [value: false]
00:43:18.136 [FXGL Background Thread 3 ] DEBUG Engine               - enabledMenuItems: []
00:43:18.136 [FXGL Background Thread 3 ] DEBUG Engine               - engineServices: [class com.almasb.fxgl.app.services.FXGLAssetLoaderService, class com.almasb.fxgl.app.FXGLApplication$GameApplicationService, class com.almasb.fxgl.app.services.FXGLDialogService, class com.almasb.fxgl.app.services.IOTaskExecutorService, class com.almasb.fxgl.io.FileSystemService, class com.almasb.fxgl.localization.LocalizationService, class com.almasb.fxgl.app.services.SystemBundleService, class com.almasb.fxgl.profile.SaveLoadService, class com.almasb.fxgl.ui.FXGLUIFactoryServiceProvider, class com.almasb.fxgl.ui.FXGLDialogFactoryServiceProvider, class com.almasb.fxgl.audio.AudioPlayer, class com.almasb.fxgl.notification.impl.NotificationServiceProvider, class com.almasb.fxgl.achievement.AchievementService, class com.almasb.fxgl.cutscene.CutsceneService, class com.almasb.fxgl.minigames.MiniGameService, class com.almasb.fxgl.net.NetService, class com.almasb.fxgl.app.services.UpdaterService, class com.almasb.fxgl.dev.DevService]
00:43:18.136 [FXGL Background Thread 3 ] DEBUG Engine               - fontGame: Abel-Regular.ttf
00:43:18.137 [FXGL Background Thread 3 ] DEBUG Engine               - fontMono: TerminalLandMono-Regular.otf
00:43:18.137 [FXGL Background Thread 3 ] DEBUG Engine               - fontText: Courier-Prime.ttf
00:43:18.137 [FXGL Background Thread 3 ] DEBUG Engine               - fontUI: VarelaRound-Regular.ttf
00:43:18.137 [FXGL Background Thread 3 ] DEBUG Engine               - fullScreen: BooleanProperty [value: false]
00:43:18.137 [FXGL Background Thread 3 ] DEBUG Engine               - gameDifficulty: MEDIUM
00:43:18.137 [FXGL Background Thread 3 ] DEBUG Engine               - gameDifficultyProperty: ObjectProperty [value: MEDIUM]
00:43:18.137 [FXGL Background Thread 3 ] DEBUG Engine               - globalMusicVolume: 0.5
00:43:18.137 [FXGL Background Thread 3 ] DEBUG Engine               - globalMusicVolumeProperty: DoubleProperty [value: 0.5]
00:43:18.137 [FXGL Background Thread 3 ] DEBUG Engine               - globalSoundVolume: 0.5
00:43:18.137 [FXGL Background Thread 3 ] DEBUG Engine               - globalSoundVolumeProperty: DoubleProperty [value: 0.5]
00:43:18.137 [FXGL Background Thread 3 ] DEBUG Engine               - height: 700
00:43:18.137 [FXGL Background Thread 3 ] DEBUG Engine               - is3D: false
00:43:18.137 [FXGL Background Thread 3 ] DEBUG Engine               - isAndroid: false
00:43:18.137 [FXGL Background Thread 3 ] DEBUG Engine               - isBrowser: false
00:43:18.137 [FXGL Background Thread 3 ] DEBUG Engine               - isClickFeedbackEnabled: false
00:43:18.137 [FXGL Background Thread 3 ] DEBUG Engine               - isCloseConfirmation: false
00:43:18.137 [FXGL Background Thread 3 ] DEBUG Engine               - isDesktop: true
00:43:18.137 [FXGL Background Thread 3 ] DEBUG Engine               - isDeveloperMenuEnabled: false
00:43:18.137 [FXGL Background Thread 3 ] DEBUG Engine               - isEmbedded: false
00:43:18.137 [FXGL Background Thread 3 ] DEBUG Engine               - isEntityPreloadEnabled: true
00:43:18.137 [FXGL Background Thread 3 ] DEBUG Engine               - isExperimentalTiledLargeMap: false
00:43:18.137 [FXGL Background Thread 3 ] DEBUG Engine               - isFileSystemWriteAllowed: true
00:43:18.137 [FXGL Background Thread 3 ] DEBUG Engine               - isFullScreenAllowed: false
00:43:18.137 [FXGL Background Thread 3 ] DEBUG Engine               - isFullScreenFromStart: false
00:43:18.137 [FXGL Background Thread 3 ] DEBUG Engine               - isGameMenuEnabled: true
00:43:18.137 [FXGL Background Thread 3 ] DEBUG Engine               - isIOS: false
00:43:18.137 [FXGL Background Thread 3 ] DEBUG Engine               - isIntroEnabled: false
00:43:18.138 [FXGL Background Thread 3 ] DEBUG Engine               - isLinux: false
00:43:18.138 [FXGL Background Thread 3 ] DEBUG Engine               - isMac: false
00:43:18.139 [FXGL Background Thread 3 ] DEBUG Engine               - isMainMenuEnabled: false
00:43:18.139 [FXGL Background Thread 3 ] DEBUG Engine               - isManualResizeEnabled: false
00:43:18.139 [FXGL Background Thread 3 ] DEBUG Engine               - isMobile: false
00:43:18.139 [FXGL Background Thread 3 ] DEBUG Engine               - isNative: false
00:43:18.139 [FXGL Background Thread 3 ] DEBUG Engine               - isPauseMusicWhenMinimized: true
00:43:18.139 [FXGL Background Thread 3 ] DEBUG Engine               - isPreserveResizeRatio: false
00:43:18.139 [FXGL Background Thread 3 ] DEBUG Engine               - isProfilingEnabled: false
00:43:18.139 [FXGL Background Thread 3 ] DEBUG Engine               - isScaleAffectedOnResize: true
00:43:18.139 [FXGL Background Thread 3 ] DEBUG Engine               - isSingleStep: false
00:43:18.142 [FXGL Background Thread 3 ] DEBUG Engine               - isUserProfileEnabled: false
00:43:18.142 [FXGL Background Thread 3 ] DEBUG Engine               - isWindows: true
00:43:18.142 [FXGL Background Thread 3 ] DEBUG Engine               - language: ObjectProperty [value: ENGLISH]
00:43:18.142 [FXGL Background Thread 3 ] DEBUG Engine               - menuKey: ESCAPE
00:43:18.142 [FXGL Background Thread 3 ] DEBUG Engine               - mouseSensitivity: 0.2
00:43:18.142 [FXGL Background Thread 3 ] DEBUG Engine               - notificationViewClass: class com.almasb.fxgl.notification.view.XboxNotificationView
00:43:18.142 [FXGL Background Thread 3 ] DEBUG Engine               - pixelsPerMeter: 50.0
00:43:18.142 [FXGL Background Thread 3 ] DEBUG Engine               - platform: WINDOWS
00:43:18.142 [FXGL Background Thread 3 ] DEBUG Engine               - prefHeightProperty: ReadOnlyDoubleProperty [value: 700.0]
00:43:18.142 [FXGL Background Thread 3 ] DEBUG Engine               - prefWidthProperty: ReadOnlyDoubleProperty [value: 900.0]
00:43:18.142 [FXGL Background Thread 3 ] DEBUG Engine               - profileDir: profiles/
00:43:18.142 [FXGL Background Thread 3 ] DEBUG Engine               - profileName: StringProperty [value: DEFAULT]
00:43:18.142 [FXGL Background Thread 3 ] DEBUG Engine               - randomSeed: -1
00:43:18.143 [FXGL Background Thread 3 ] DEBUG Engine               - runtimeInfo: RuntimeInfo(platform=WINDOWS, version=17.1, build=24.03.2022 17.34)
00:43:18.143 [FXGL Background Thread 3 ] DEBUG Engine               - saveFileExt: sav
00:43:18.143 [FXGL Background Thread 3 ] DEBUG Engine               - scaledHeightProp$fxgl: DoubleProperty [bound, value: 700.0]
00:43:18.143 [FXGL Background Thread 3 ] DEBUG Engine               - scaledWidthProp$fxgl: DoubleProperty [bound, value: 900.0]
00:43:18.143 [FXGL Background Thread 3 ] DEBUG Engine               - sceneFactory: com.almasb.fxgl.app.scene.SceneFactory@7bf8742f
00:43:18.143 [FXGL Background Thread 3 ] DEBUG Engine               - secondsIn24h: 60
00:43:18.143 [FXGL Background Thread 3 ] DEBUG Engine               - soundMenuBack: menu/back.wav
00:43:18.143 [FXGL Background Thread 3 ] DEBUG Engine               - soundMenuPress: menu/press.wav
00:43:18.143 [FXGL Background Thread 3 ] DEBUG Engine               - soundMenuSelect: menu/select.wav
00:43:18.143 [FXGL Background Thread 3 ] DEBUG Engine               - soundNotification: core/notification.wav
00:43:18.143 [FXGL Background Thread 3 ] DEBUG Engine               - stageStyle: DECORATED
00:43:18.143 [FXGL Background Thread 3 ] DEBUG Engine               - supportedLanguages: [ENGLISH, FRENCH, GERMAN, HUNGARIAN, RUSSIAN]
00:43:18.143 [FXGL Background Thread 3 ] DEBUG Engine               - ticksPerSecond: 60
00:43:18.143 [FXGL Background Thread 3 ] DEBUG Engine               - title: Untitled
00:43:18.143 [FXGL Background Thread 3 ] DEBUG Engine               - urlGithub: https://github.com/AlmasB/FXGL
00:43:18.143 [FXGL Background Thread 3 ] DEBUG Engine               - urlLeaderboard: http://fxgl-top.herokuapp.com/
00:43:18.143 [FXGL Background Thread 3 ] DEBUG Engine               - urlPOM: https://raw.githubusercontent.com/AlmasB/FXGL/release/README.md
00:43:18.143 [FXGL Background Thread 3 ] DEBUG Engine               - userAppClass: class com.example.tutorial.BasicGameApp
00:43:18.143 [FXGL Background Thread 3 ] DEBUG Engine               - version: 0.0
00:43:18.143 [FXGL Background Thread 3 ] DEBUG Engine               - versionCheckDays: 7
00:43:18.143 [FXGL Background Thread 3 ] DEBUG Engine               - width: 900
00:43:18.143 [FXGL Background Thread 3 ] DEBUG Engine               - Logging services
00:43:18.144 [FXGL Background Thread 3 ] DEBUG Engine               - class com.almasb.fxgl.app.services.FXGLAssetLoaderService
00:43:18.144 [FXGL Background Thread 3 ] DEBUG Engine               - class com.almasb.fxgl.app.FXGLApplication$GameApplicationService
00:43:18.144 [FXGL Background Thread 3 ] DEBUG Engine               - class com.almasb.fxgl.app.services.FXGLDialogService
00:43:18.144 [FXGL Background Thread 3 ] DEBUG Engine               - class com.almasb.fxgl.app.services.IOTaskExecutorService
00:43:18.144 [FXGL Background Thread 3 ] DEBUG Engine               - class com.almasb.fxgl.io.FileSystemService
00:43:18.144 [FXGL Background Thread 3 ] DEBUG Engine               - class com.almasb.fxgl.localization.LocalizationService
00:43:18.144 [FXGL Background Thread 3 ] DEBUG Engine               - class com.almasb.fxgl.app.services.SystemBundleService
00:43:18.144 [FXGL Background Thread 3 ] DEBUG Engine               - class com.almasb.fxgl.profile.SaveLoadService
00:43:18.144 [FXGL Background Thread 3 ] DEBUG Engine               - class com.almasb.fxgl.ui.FXGLUIFactoryServiceProvider
00:43:18.144 [FXGL Background Thread 3 ] DEBUG Engine               - class com.almasb.fxgl.ui.FXGLDialogFactoryServiceProvider
00:43:18.144 [FXGL Background Thread 3 ] DEBUG Engine               - class com.almasb.fxgl.audio.AudioPlayer
00:43:18.144 [FXGL Background Thread 3 ] DEBUG Engine               - class com.almasb.fxgl.notification.impl.NotificationServiceProvider
00:43:18.144 [FXGL Background Thread 3 ] DEBUG Engine               - class com.almasb.fxgl.achievement.AchievementService
00:43:18.144 [FXGL Background Thread 3 ] DEBUG Engine               - class com.almasb.fxgl.cutscene.CutsceneService
00:43:18.144 [FXGL Background Thread 3 ] DEBUG Engine               - class com.almasb.fxgl.minigames.MiniGameService
00:43:18.144 [FXGL Background Thread 3 ] DEBUG Engine               - class com.almasb.fxgl.net.NetService
00:43:18.145 [FXGL Background Thread 3 ] DEBUG Engine               - class com.almasb.fxgl.app.services.UpdaterService
00:43:18.145 [FXGL Background Thread 3 ] DEBUG Engine               - class com.almasb.fxgl.dev.DevService
00:43:18.203 [JavaFX Application Thread] DEBUG FXGLAssetLoaderServi - Loading from file system: file:/C:/Users/Alexey/IdeaProjects/Testing_with_FXGL/target/classes/assets/textures/tronco.png
00:43:18.205 [JavaFX Application Thread] DEBUG FXGLAssetLoaderServi - Loading from file system: file:/C:/Users/Alexey/IdeaProjects/Testing_with_FXGL/target/classes/assets/textures/troncoPartido.png
00:43:24.587 [JavaFX Application Thread] DEBUG FXGLApplication      - Exiting FXGL
00:43:24.587 [JavaFX Application Thread] DEBUG LoopRunner           - Stopping loop
00:43:24.587 [JavaFX Application Thread] DEBUG SystemBundleService  - Saving FXGL system data
00:43:24.588 [JavaFX Application Thread] DEBUG FileSystemAccess     - Writing to: C:\Users\Alexey\IdeaProjects\Testing_with_FXGL\system\fxgl.bundle
00:43:24.589 [JavaFX Application Thread] DEBUG Async                - Shutting down background threads
00:43:24.589 [JavaFX Application Thread] DEBUG PrimaryStageWindow   - Closing main window
00:43:24.614 [JavaFX Application Thread] DEBUG Logger               - Closing Logger
