03:35:52.405 [main                     ] DEBUG Logger               - Configured Logger
03:35:52.425 [main                     ] DEBUG GameApplication      - Logging settings
Title: Untitled
Version: 0.0
Width: 900
Height: 700
Fullscreen: false
Intro: false
Profiling: false
Single step:false
App Mode: DEVELOPER
Menu Key: ESCAPE
Stage Style: DECORATED
Scene Factory: class com.almasb.fxgl.app.scene.SceneFactory

03:35:52.839 [JavaFX Application Thread] DEBUG FXGLApplication      - Initializing FXGL
03:35:52.842 [JavaFX Application Thread] INFO  Engine               - FXGL-17.1 (24.03.2022 17.34) on WINDOWS (J:19.0.2 FX:19-ea)
03:35:52.843 [JavaFX Application Thread] DEBUG Engine               - JRE Vendor Name: Oracle Corporation
03:35:52.843 [JavaFX Application Thread] DEBUG Engine               - Running on OS: Windows 11 version 10.0
03:35:52.843 [JavaFX Application Thread] DEBUG Engine               - Architecture: amd64
03:35:52.844 [JavaFX Application Thread] INFO  Engine               - Source code and latest versions at: https://github.com/AlmasB/FXGL
03:35:52.844 [JavaFX Application Thread] INFO  Engine               -       Ask questions and discuss at: https://github.com/AlmasB/FXGL/discussions
03:35:52.844 [JavaFX Application Thread] INFO  Engine               -              Join the FXGL chat at: https://gitter.im/AlmasB/FXGL
03:35:52.922 [JavaFX Application Thread] DEBUG PrimaryStageWindow   - Creating a JavaFX scene
03:35:52.955 [JavaFX Application Thread] DEBUG PrimaryStageWindow   - Target settings size: 900.0 x 700.0
03:35:52.955 [JavaFX Application Thread] DEBUG PrimaryStageWindow   - Scaled scene size:    900.0 x 700.0
03:35:52.956 [JavaFX Application Thread] DEBUG PrimaryStageWindow   - Scaled ratio: (1.0, 1.0)
03:35:52.956 [JavaFX Application Thread] DEBUG PrimaryStageWindow   - Set initial scene to FXGLStartupScene
03:35:52.962 [JavaFX Application Thread] DEBUG PrimaryStageWindow   - Opening main window
03:35:53.039 [JavaFX Application Thread] DEBUG PrimaryStageWindow   - Window border size: (14.4000244140625, 37.5999755859375)
03:35:53.039 [JavaFX Application Thread] DEBUG PrimaryStageWindow   - Scaled size: 900.0 x 700.0
03:35:53.039 [JavaFX Application Thread] DEBUG PrimaryStageWindow   - Scaled ratio: (1.0, 1.0)
03:35:53.039 [JavaFX Application Thread] DEBUG PrimaryStageWindow   - Scene size: 900.0 x 700.0
03:35:53.039 [JavaFX Application Thread] DEBUG PrimaryStageWindow   - Stage size: 914.4000244140625 x 737.5999755859375
03:35:53.044 [FXGL Background Thread 1 ] DEBUG Engine               - Initializing environment variables
03:35:53.089 [FXGL Background Thread 1 ] DEBUG FXGLAssetLoaderServi - User app class for loading assets: class com.example.tutorial.BasicGameApp
03:35:53.089 [FXGL Background Thread 1 ] DEBUG GameApplicationServi - Applying CSS: fxgl_dark.css
03:35:53.090 [FXGL Background Thread 1 ] DEBUG FXGLAssetLoaderServi - Loading from file system: jar:file:/C:/Users/Alexey/.m2/repository/com/github/almasb/fxgl/17.1/fxgl-17.1.jar!/fxglassets/ui/css/fxgl_dark.css
03:35:53.122 [FXGL Background Thread 1 ] DEBUG GameApplicationServi - Initializing application scenes
03:35:53.166 [FXGL Background Thread 1 ] DEBUG GameWorld            - Game world initialized
03:35:53.214 [FXGL Background Thread 1 ] DEBUG PhysicsWorld         - Physics world initialized: appHeight=700, physics.ppm=50,0
03:35:53.214 [FXGL Background Thread 1 ] DEBUG PhysicsWorld         - Using strategy: BRUTE_FORCE
03:35:53.218 [FXGL Background Thread 1 ] DEBUG GameScene            - Game scene initialized: 900x700
03:35:53.218 [FXGL Background Thread 1 ] DEBUG GameApplicationServi - Application scenes initialized
03:35:53.243 [FXGL Background Thread 1 ] DEBUG SystemBundleService  - Loading FXGL system data
03:35:53.248 [FXGL Background Thread 1 ] DEBUG FileSystemAccess     - Reading from: C:\Users\Alexey\Documents\FPS DAM\Entornos\Project\Testing_with_FXGL\system\fxgl.bundle
03:35:53.256 [FXGL Background Thread 1 ] DEBUG SystemBundleService  - Bundle FXGL: {}
03:35:53.257 [FXGL Background Thread 1 ] DEBUG UpdaterService       - Checking for updates
03:35:53.261 [FXGL Background Thread 4 ] DEBUG FXGLApplication      - Loading fonts
03:35:53.262 [FXGL Background Thread 4 ] DEBUG FXGLAssetLoaderServi - Loading from file system: jar:file:/C:/Users/Alexey/.m2/repository/com/github/almasb/fxgl/17.1/fxgl-17.1.jar!/fxglassets/ui/fonts/VarelaRound-Regular.ttf
03:35:53.262 [FXGL Background Thread 1 ] DEBUG FXGLApplication      - Loading default localization
03:35:53.263 [FXGL Background Thread 1 ] DEBUG FXGLAssetLoaderServi - Loading from file system: jar:file:/C:/Users/Alexey/.m2/repository/com/github/almasb/fxgl/17.1/fxgl-17.1.jar!/fxglassets/languages/english.lang
03:35:53.306 [FXGL Background Thread 1 ] INFO  FXGLApplication      - FXGL initialization took: 0,261 sec
03:35:53.317 [FXGL Background Thread 4 ] DEBUG FXGLAssetLoaderServi - Loading from file system: jar:file:/C:/Users/Alexey/.m2/repository/com/github/almasb/fxgl/17.1/fxgl-17.1.jar!/fxglassets/ui/fonts/Abel-Regular.ttf
03:35:53.319 [FXGL Background Thread 4 ] DEBUG FXGLAssetLoaderServi - Loading from file system: jar:file:/C:/Users/Alexey/.m2/repository/com/github/almasb/fxgl/17.1/fxgl-17.1.jar!/fxglassets/ui/fonts/TerminalLandMono-Regular.otf
03:35:53.320 [JavaFX Application Thread] DEBUG Input                - Registered new binding: press space - LMB
03:35:53.321 [FXGL Background Thread 4 ] DEBUG FXGLAssetLoaderServi - Loading from file system: jar:file:/C:/Users/Alexey/.m2/repository/com/github/almasb/fxgl/17.1/fxgl-17.1.jar!/fxglassets/ui/fonts/Courier-Prime.ttf
03:35:53.324 [JavaFX Application Thread] DEBUG Input                - Registered new binding: press esc - Esc
03:35:53.326 [JavaFX Application Thread] DEBUG FXGLAssetLoaderServi - Loading from file system: jar:file:/C:/Users/Alexey/.m2/repository/com/github/almasb/fxgl/17.1/fxgl-17.1.jar!/fxglassets/textures/fxgl_icon.png
03:35:53.366 [JavaFX Application Thread] DEBUG FXGLAssetLoaderServi - Loading from file system: jar:file:/C:/Users/Alexey/.m2/repository/com/github/almasb/fxgl/17.1/fxgl-17.1.jar!/fxglassets/textures/fxgl_default_cursor.png
03:35:53.369 [JavaFX Application Thread] DEBUG Input                - Registered new binding: Screenshot - CTRL+8
03:35:53.370 [JavaFX Application Thread] DEBUG Input                - Registered new binding: System info dump - CTRL+9
03:35:53.371 [JavaFX Application Thread] DEBUG Input                - Registered new binding: Restart - CTRL+R
03:35:53.372 [JavaFX Application Thread] DEBUG Input                - Registered new binding: Toggle Debug Camera - CTRL+7
03:35:53.376 [JavaFX Application Thread] DEBUG LoopRunner           - Starting loop
03:35:53.377 [JavaFX Application Thread] DEBUG LoopRunner           - Initializing ScheduledExecutorLoop with fps: 60
03:35:53.381 [JavaFX Application Thread] DEBUG GameApplicationServi - Starting new game
03:35:53.381 [JavaFX Application Thread] DEBUG Input                - Clearing active input actions
03:35:53.392 [JavaFX Application Thread] DEBUG GameApplicationServi - Removing overlay from FXGLStartupScene and adding to FXGLLoadingScene
03:35:53.392 [JavaFX Application Thread] DEBUG PrimaryStageWindow   - FXGLStartupScene -> FXGLLoadingScene
03:35:53.392 [JavaFX Application Thread] DEBUG GameApplicationServi - Clearing previous game
03:35:53.392 [JavaFX Application Thread] DEBUG GameScene            - Clearing game scene
03:35:53.392 [JavaFX Application Thread] DEBUG GameWorld            - Clearing game world
03:35:53.392 [JavaFX Application Thread] DEBUG PhysicsWorld         - Clearing physics world
03:35:53.395 [FXGL Background Thread 4 ] DEBUG FXGLApplication      - Initializing game
03:35:53.396 [JavaFX Application Thread] DEBUG FXGLApplication      - Registering font factories with UI factory
03:35:53.398 [FXGL Background Thread 4 ] DEBUG FXGLAssetLoaderServi - Loading from file system: file:/C:/Users/Alexey/Documents/FPS%20DAM/Entornos/Project/Testing_with_FXGL/target/classes/assets/textures/mainScene/background.png
03:35:53.420 [FXGL Background Thread 4 ] DEBUG FXGLAssetLoaderServi - Loading from file system: file:/C:/Users/Alexey/Documents/FPS%20DAM/Entornos/Project/Testing_with_FXGL/target/classes/assets/textures/sheet.png
03:35:53.424 [FXGL Background Thread 4 ] INFO  FXGLApplication      - Game initialization took: 0,029 sec
03:35:53.450 [JavaFX Application Thread] DEBUG Input                - Clearing active input actions
03:35:53.461 [JavaFX Application Thread] DEBUG GameApplicationServi - Removing overlay from FXGLLoadingScene and adding to GameScene
03:35:53.461 [JavaFX Application Thread] DEBUG PrimaryStageWindow   - FXGLLoadingScene -> GameScene
03:35:53.804 [FXGL Background Thread 2 ] INFO  UpdaterService       - Your current version:  17.1
03:35:53.804 [FXGL Background Thread 2 ] INFO  UpdaterService       - Latest stable version: 17.3
03:35:54.535 [JavaFX Application Thread] DEBUG FXGLAssetLoaderServi - Loading from file system: file:/C:/Users/Alexey/Documents/FPS%20DAM/Entornos/Project/Testing_with_FXGL/target/classes/assets/textures/mainScene/axe.png
03:35:54.537 [JavaFX Application Thread] DEBUG FXGLAssetLoaderServi - Loading from file system: file:/C:/Users/Alexey/Documents/FPS%20DAM/Entornos/Project/Testing_with_FXGL/target/classes/assets/textures/mainScene/walkingCat.png
03:35:54.544 [JavaFX Application Thread] DEBUG FXGLAssetLoaderServi - Loading from file system: file:/C:/Users/Alexey/Documents/FPS%20DAM/Entornos/Project/Testing_with_FXGL/target/classes/assets/textures/mainScene/energySet.png
03:35:54.548 [JavaFX Application Thread] DEBUG FXGLAssetLoaderServi - Loading from file system: file:/C:/Users/Alexey/Documents/FPS%20DAM/Entornos/Project/Testing_with_FXGL/target/classes/assets/textures/mainScene/hunger.png
03:35:55.801 [JavaFX Application Thread] DEBUG FXGLAssetLoaderServi - Loading from file system: file:/C:/Users/Alexey/Documents/FPS%20DAM/Entornos/Project/Testing_with_FXGL/target/classes/assets/textures/miniGame/HeartA.png
03:35:55.801 [JavaFX Application Thread] DEBUG FXGLAssetLoaderServi - Loading from file system: file:/C:/Users/Alexey/Documents/FPS%20DAM/Entornos/Project/Testing_with_FXGL/target/classes/assets/textures/miniGame/HeartADead.png
03:35:55.804 [JavaFX Application Thread] DEBUG FXGLAssetLoaderServi - Loading from file system: file:/C:/Users/Alexey/Documents/FPS%20DAM/Entornos/Project/Testing_with_FXGL/target/classes/assets/textures/miniGame/woodParticle2.png
03:35:55.816 [JavaFX Application Thread] DEBUG FXGLAssetLoaderServi - Loading from file system: file:/C:/Users/Alexey/Documents/FPS%20DAM/Entornos/Project/Testing_with_FXGL/target/classes/assets/textures/miniGame/woodParticle4.png
03:35:55.831 [JavaFX Application Thread] DEBUG FXGLAssetLoaderServi - Loading from file system: file:/C:/Users/Alexey/Documents/FPS%20DAM/Entornos/Project/Testing_with_FXGL/target/classes/assets/textures/miniGame/woodParticle1.png
03:35:55.916 [JavaFX Application Thread] DEBUG FXGLAssetLoaderServi - Loading from file system: file:/C:/Users/Alexey/Documents/FPS%20DAM/Entornos/Project/Testing_with_FXGL/target/classes/assets/textures/miniGame/woodParticle3.png
03:35:56.262 [FXGL Background Thread 3 ] DEBUG Engine               - Logging environment variables
03:35:56.262 [FXGL Background Thread 3 ] DEBUG Engine               - achievements: []
03:35:56.262 [FXGL Background Thread 3 ] DEBUG Engine               - actualHeight: 700.0
03:35:56.263 [FXGL Background Thread 3 ] DEBUG Engine               - actualHeightProperty: ReadOnlyDoubleProperty [value: 700.0]
03:35:56.263 [FXGL Background Thread 3 ] DEBUG Engine               - actualWidth: 900.0
03:35:56.263 [FXGL Background Thread 3 ] DEBUG Engine               - actualWidthProperty: ReadOnlyDoubleProperty [value: 900.0]
03:35:56.263 [FXGL Background Thread 3 ] DEBUG Engine               - appIcon: fxgl_icon.png
03:35:56.263 [FXGL Background Thread 3 ] DEBUG Engine               - applicationMode: DEVELOPER
03:35:56.263 [FXGL Background Thread 3 ] DEBUG Engine               - cSSList: [fxgl_dark.css]
03:35:56.263 [FXGL Background Thread 3 ] DEBUG Engine               - collisionDetectionStrategy: BRUTE_FORCE
03:35:56.263 [FXGL Background Thread 3 ] DEBUG Engine               - configClass: Optional.empty
03:35:56.263 [FXGL Background Thread 3 ] DEBUG Engine               - credits: []
03:35:56.265 [FXGL Background Thread 3 ] DEBUG Engine               - defaultCursor: CursorInfo(imageName=fxgl_default_cursor.png, hotspotX=7.0, hotspotY=6.0)
03:35:56.265 [FXGL Background Thread 3 ] DEBUG Engine               - devBBoxColorProperty: ObjectProperty [value: 0xff0000ff]
03:35:56.265 [FXGL Background Thread 3 ] DEBUG Engine               - devEnableDebugCameraProperty: BooleanProperty [value: false]
03:35:56.265 [FXGL Background Thread 3 ] DEBUG Engine               - devSensorColorProperty: ObjectProperty [value: 0xffff00ff]
03:35:56.265 [FXGL Background Thread 3 ] DEBUG Engine               - devShowBBoxProperty: BooleanProperty [value: false]
03:35:56.265 [FXGL Background Thread 3 ] DEBUG Engine               - devShowPositionProperty: BooleanProperty [value: false]
03:35:56.265 [FXGL Background Thread 3 ] DEBUG Engine               - enabledMenuItems: []
03:35:56.265 [FXGL Background Thread 3 ] DEBUG Engine               - engineServices: [class com.almasb.fxgl.app.services.FXGLAssetLoaderService, class com.almasb.fxgl.app.FXGLApplication$GameApplicationService, class com.almasb.fxgl.app.services.FXGLDialogService, class com.almasb.fxgl.app.services.IOTaskExecutorService, class com.almasb.fxgl.io.FileSystemService, class com.almasb.fxgl.localization.LocalizationService, class com.almasb.fxgl.app.services.SystemBundleService, class com.almasb.fxgl.profile.SaveLoadService, class com.almasb.fxgl.ui.FXGLUIFactoryServiceProvider, class com.almasb.fxgl.ui.FXGLDialogFactoryServiceProvider, class com.almasb.fxgl.audio.AudioPlayer, class com.almasb.fxgl.notification.impl.NotificationServiceProvider, class com.almasb.fxgl.achievement.AchievementService, class com.almasb.fxgl.cutscene.CutsceneService, class com.almasb.fxgl.minigames.MiniGameService, class com.almasb.fxgl.net.NetService, class com.almasb.fxgl.app.services.UpdaterService, class com.almasb.fxgl.dev.DevService]
03:35:56.265 [FXGL Background Thread 3 ] DEBUG Engine               - fontGame: Abel-Regular.ttf
03:35:56.265 [FXGL Background Thread 3 ] DEBUG Engine               - fontMono: TerminalLandMono-Regular.otf
03:35:56.265 [FXGL Background Thread 3 ] DEBUG Engine               - fontText: Courier-Prime.ttf
03:35:56.265 [FXGL Background Thread 3 ] DEBUG Engine               - fontUI: VarelaRound-Regular.ttf
03:35:56.265 [FXGL Background Thread 3 ] DEBUG Engine               - fullScreen: BooleanProperty [value: false]
03:35:56.265 [FXGL Background Thread 3 ] DEBUG Engine               - gameDifficulty: MEDIUM
03:35:56.265 [FXGL Background Thread 3 ] DEBUG Engine               - gameDifficultyProperty: ObjectProperty [value: MEDIUM]
03:35:56.265 [FXGL Background Thread 3 ] DEBUG Engine               - globalMusicVolume: 0.5
03:35:56.265 [FXGL Background Thread 3 ] DEBUG Engine               - globalMusicVolumeProperty: DoubleProperty [value: 0.5]
03:35:56.265 [FXGL Background Thread 3 ] DEBUG Engine               - globalSoundVolume: 0.5
03:35:56.265 [FXGL Background Thread 3 ] DEBUG Engine               - globalSoundVolumeProperty: DoubleProperty [value: 0.5]
03:35:56.265 [FXGL Background Thread 3 ] DEBUG Engine               - height: 700
03:35:56.265 [FXGL Background Thread 3 ] DEBUG Engine               - is3D: false
03:35:56.265 [FXGL Background Thread 3 ] DEBUG Engine               - isAndroid: false
03:35:56.265 [FXGL Background Thread 3 ] DEBUG Engine               - isBrowser: false
03:35:56.265 [FXGL Background Thread 3 ] DEBUG Engine               - isClickFeedbackEnabled: false
03:35:56.265 [FXGL Background Thread 3 ] DEBUG Engine               - isCloseConfirmation: false
03:35:56.265 [FXGL Background Thread 3 ] DEBUG Engine               - isDesktop: true
03:35:56.265 [FXGL Background Thread 3 ] DEBUG Engine               - isDeveloperMenuEnabled: false
03:35:56.265 [FXGL Background Thread 3 ] DEBUG Engine               - isEmbedded: false
03:35:56.265 [FXGL Background Thread 3 ] DEBUG Engine               - isEntityPreloadEnabled: true
03:35:56.265 [FXGL Background Thread 3 ] DEBUG Engine               - isExperimentalTiledLargeMap: false
03:35:56.265 [FXGL Background Thread 3 ] DEBUG Engine               - isFileSystemWriteAllowed: true
03:35:56.265 [FXGL Background Thread 3 ] DEBUG Engine               - isFullScreenAllowed: false
03:35:56.265 [FXGL Background Thread 3 ] DEBUG Engine               - isFullScreenFromStart: false
03:35:56.265 [FXGL Background Thread 3 ] DEBUG Engine               - isGameMenuEnabled: false
03:35:56.265 [FXGL Background Thread 3 ] DEBUG Engine               - isIOS: false
03:35:56.266 [FXGL Background Thread 3 ] DEBUG Engine               - isIntroEnabled: false
03:35:56.266 [FXGL Background Thread 3 ] DEBUG Engine               - isLinux: false
03:35:56.266 [FXGL Background Thread 3 ] DEBUG Engine               - isMac: false
03:35:56.266 [FXGL Background Thread 3 ] DEBUG Engine               - isMainMenuEnabled: false
03:35:56.266 [FXGL Background Thread 3 ] DEBUG Engine               - isManualResizeEnabled: false
03:35:56.266 [FXGL Background Thread 3 ] DEBUG Engine               - isMobile: false
03:35:56.266 [FXGL Background Thread 3 ] DEBUG Engine               - isNative: false
03:35:56.266 [FXGL Background Thread 3 ] DEBUG Engine               - isPauseMusicWhenMinimized: true
03:35:56.266 [FXGL Background Thread 3 ] DEBUG Engine               - isPreserveResizeRatio: false
03:35:56.266 [FXGL Background Thread 3 ] DEBUG Engine               - isProfilingEnabled: false
03:35:56.266 [FXGL Background Thread 3 ] DEBUG Engine               - isScaleAffectedOnResize: true
03:35:56.267 [FXGL Background Thread 3 ] DEBUG Engine               - isSingleStep: false
03:35:56.267 [FXGL Background Thread 3 ] DEBUG Engine               - isUserProfileEnabled: false
03:35:56.267 [FXGL Background Thread 3 ] DEBUG Engine               - isWindows: true
03:35:56.267 [FXGL Background Thread 3 ] DEBUG Engine               - language: ObjectProperty [value: ENGLISH]
03:35:56.267 [FXGL Background Thread 3 ] DEBUG Engine               - menuKey: ESCAPE
03:35:56.267 [FXGL Background Thread 3 ] DEBUG Engine               - mouseSensitivity: 0.2
03:35:56.267 [FXGL Background Thread 3 ] DEBUG Engine               - notificationViewClass: class com.almasb.fxgl.notification.view.XboxNotificationView
03:35:56.267 [FXGL Background Thread 3 ] DEBUG Engine               - pixelsPerMeter: 50.0
03:35:56.267 [FXGL Background Thread 3 ] DEBUG Engine               - platform: WINDOWS
03:35:56.267 [FXGL Background Thread 3 ] DEBUG Engine               - prefHeightProperty: ReadOnlyDoubleProperty [value: 700.0]
03:35:56.267 [FXGL Background Thread 3 ] DEBUG Engine               - prefWidthProperty: ReadOnlyDoubleProperty [value: 900.0]
03:35:56.267 [FXGL Background Thread 3 ] DEBUG Engine               - profileDir: profiles/
03:35:56.267 [FXGL Background Thread 3 ] DEBUG Engine               - profileName: StringProperty [value: DEFAULT]
03:35:56.267 [FXGL Background Thread 3 ] DEBUG Engine               - randomSeed: -1
03:35:56.267 [FXGL Background Thread 3 ] DEBUG Engine               - runtimeInfo: RuntimeInfo(platform=WINDOWS, version=17.1, build=24.03.2022 17.34)
03:35:56.267 [FXGL Background Thread 3 ] DEBUG Engine               - saveFileExt: sav
03:35:56.267 [FXGL Background Thread 3 ] DEBUG Engine               - scaledHeightProp$fxgl: DoubleProperty [bound, value: 700.0]
03:35:56.267 [FXGL Background Thread 3 ] DEBUG Engine               - scaledWidthProp$fxgl: DoubleProperty [bound, value: 900.0]
03:35:56.267 [FXGL Background Thread 3 ] DEBUG Engine               - sceneFactory: com.almasb.fxgl.app.scene.SceneFactory@9d46d17
03:35:56.267 [FXGL Background Thread 3 ] DEBUG Engine               - secondsIn24h: 60
03:35:56.267 [FXGL Background Thread 3 ] DEBUG Engine               - soundMenuBack: menu/back.wav
03:35:56.267 [FXGL Background Thread 3 ] DEBUG Engine               - soundMenuPress: menu/press.wav
03:35:56.267 [FXGL Background Thread 3 ] DEBUG Engine               - soundMenuSelect: menu/select.wav
03:35:56.267 [FXGL Background Thread 3 ] DEBUG Engine               - soundNotification: core/notification.wav
03:35:56.267 [FXGL Background Thread 3 ] DEBUG Engine               - stageStyle: DECORATED
03:35:56.267 [FXGL Background Thread 3 ] DEBUG Engine               - supportedLanguages: [ENGLISH, FRENCH, GERMAN, HUNGARIAN, RUSSIAN]
03:35:56.267 [FXGL Background Thread 3 ] DEBUG Engine               - ticksPerSecond: 60
03:35:56.267 [FXGL Background Thread 3 ] DEBUG Engine               - title: Untitled
03:35:56.267 [FXGL Background Thread 3 ] DEBUG Engine               - urlGithub: https://github.com/AlmasB/FXGL
03:35:56.267 [FXGL Background Thread 3 ] DEBUG Engine               - urlLeaderboard: http://fxgl-top.herokuapp.com/
03:35:56.267 [FXGL Background Thread 3 ] DEBUG Engine               - urlPOM: https://raw.githubusercontent.com/AlmasB/FXGL/release/README.md
03:35:56.267 [FXGL Background Thread 3 ] DEBUG Engine               - userAppClass: class com.example.tutorial.BasicGameApp
03:35:56.267 [FXGL Background Thread 3 ] DEBUG Engine               - version: 0.0
03:35:56.267 [FXGL Background Thread 3 ] DEBUG Engine               - versionCheckDays: 7
03:35:56.267 [FXGL Background Thread 3 ] DEBUG Engine               - width: 900
03:35:56.267 [FXGL Background Thread 3 ] DEBUG Engine               - Logging services
03:35:56.267 [FXGL Background Thread 3 ] DEBUG Engine               - class com.almasb.fxgl.app.services.FXGLAssetLoaderService
03:35:56.267 [FXGL Background Thread 3 ] DEBUG Engine               - class com.almasb.fxgl.app.FXGLApplication$GameApplicationService
03:35:56.267 [FXGL Background Thread 3 ] DEBUG Engine               - class com.almasb.fxgl.app.services.FXGLDialogService
03:35:56.267 [FXGL Background Thread 3 ] DEBUG Engine               - class com.almasb.fxgl.app.services.IOTaskExecutorService
03:35:56.267 [FXGL Background Thread 3 ] DEBUG Engine               - class com.almasb.fxgl.io.FileSystemService
03:35:56.267 [FXGL Background Thread 3 ] DEBUG Engine               - class com.almasb.fxgl.localization.LocalizationService
03:35:56.267 [FXGL Background Thread 3 ] DEBUG Engine               - class com.almasb.fxgl.app.services.SystemBundleService
03:35:56.267 [FXGL Background Thread 3 ] DEBUG Engine               - class com.almasb.fxgl.profile.SaveLoadService
03:35:56.267 [FXGL Background Thread 3 ] DEBUG Engine               - class com.almasb.fxgl.ui.FXGLUIFactoryServiceProvider
03:35:56.267 [FXGL Background Thread 3 ] DEBUG Engine               - class com.almasb.fxgl.ui.FXGLDialogFactoryServiceProvider
03:35:56.267 [FXGL Background Thread 3 ] DEBUG Engine               - class com.almasb.fxgl.audio.AudioPlayer
03:35:56.267 [FXGL Background Thread 3 ] DEBUG Engine               - class com.almasb.fxgl.notification.impl.NotificationServiceProvider
03:35:56.267 [FXGL Background Thread 3 ] DEBUG Engine               - class com.almasb.fxgl.achievement.AchievementService
03:35:56.267 [FXGL Background Thread 3 ] DEBUG Engine               - class com.almasb.fxgl.cutscene.CutsceneService
03:35:56.267 [FXGL Background Thread 3 ] DEBUG Engine               - class com.almasb.fxgl.minigames.MiniGameService
03:35:56.267 [FXGL Background Thread 3 ] DEBUG Engine               - class com.almasb.fxgl.net.NetService
03:35:56.267 [FXGL Background Thread 3 ] DEBUG Engine               - class com.almasb.fxgl.app.services.UpdaterService
03:35:56.267 [FXGL Background Thread 3 ] DEBUG Engine               - class com.almasb.fxgl.dev.DevService
03:35:58.082 [JavaFX Application Thread] DEBUG FXGLAssetLoaderServi - Loading from file system: file:/C:/Users/Alexey/Documents/FPS%20DAM/Entornos/Project/Testing_with_FXGL/target/classes/assets/textures/miniGame/bomb.png
03:35:58.199 [JavaFX Application Thread] DEBUG FXGLApplication      - Exiting FXGL
03:35:58.199 [JavaFX Application Thread] DEBUG LoopRunner           - Stopping loop
03:35:58.199 [JavaFX Application Thread] DEBUG SystemBundleService  - Saving FXGL system data
03:35:58.200 [JavaFX Application Thread] DEBUG FileSystemAccess     - Writing to: C:\Users\Alexey\Documents\FPS DAM\Entornos\Project\Testing_with_FXGL\system\fxgl.bundle
03:35:58.203 [JavaFX Application Thread] DEBUG Async                - Shutting down background threads
03:35:58.203 [JavaFX Application Thread] DEBUG PrimaryStageWindow   - Closing main window
03:35:58.218 [JavaFX Application Thread] DEBUG Logger               - Closing Logger
