18:39:45.965 [main                     ] DEBUG Logger               - Configured Logger
18:39:45.981 [main                     ] DEBUG GameApplication      - Logging settings
Title: Untitled
Version: 0.0
Width: 900
Height: 700
Fullscreen: false
Intro: false
Profiling: false
Single step:false
App Mode: DEVELOPER
Menu Key: ESCAPE
Stage Style: DECORATED
Scene Factory: class com.almasb.fxgl.app.scene.SceneFactory

18:39:46.390 [JavaFX Application Thread] DEBUG FXGLApplication      - Initializing FXGL
18:39:46.393 [JavaFX Application Thread] INFO  Engine               - FXGL-17.1 (24.03.2022 17.34) on WINDOWS (J:19.0.1 FX:19-ea)
18:39:46.393 [JavaFX Application Thread] DEBUG Engine               - JRE Vendor Name: Oracle Corporation
18:39:46.393 [JavaFX Application Thread] DEBUG Engine               - Running on OS: Windows 11 version 10.0
18:39:46.393 [JavaFX Application Thread] DEBUG Engine               - Architecture: amd64
18:39:46.393 [JavaFX Application Thread] INFO  Engine               - Source code and latest versions at: https://github.com/AlmasB/FXGL
18:39:46.394 [JavaFX Application Thread] INFO  Engine               -       Ask questions and discuss at: https://github.com/AlmasB/FXGL/discussions
18:39:46.394 [JavaFX Application Thread] INFO  Engine               -              Join the FXGL chat at: https://gitter.im/AlmasB/FXGL
18:39:46.460 [JavaFX Application Thread] DEBUG PrimaryStageWindow   - Creating a JavaFX scene
18:39:46.489 [JavaFX Application Thread] DEBUG PrimaryStageWindow   - Target settings size: 900.0 x 700.0
18:39:46.489 [JavaFX Application Thread] DEBUG PrimaryStageWindow   - Scaled scene size:    900.0 x 700.0
18:39:46.489 [JavaFX Application Thread] DEBUG PrimaryStageWindow   - Scaled ratio: (1.0, 1.0)
18:39:46.490 [JavaFX Application Thread] DEBUG PrimaryStageWindow   - Set initial scene to FXGLStartupScene
18:39:46.495 [JavaFX Application Thread] DEBUG PrimaryStageWindow   - Opening main window
18:39:46.558 [JavaFX Application Thread] DEBUG PrimaryStageWindow   - Window border size: (14.4000244140625, 37.5999755859375)
18:39:46.558 [JavaFX Application Thread] DEBUG PrimaryStageWindow   - Scaled size: 900.0 x 700.0
18:39:46.558 [JavaFX Application Thread] DEBUG PrimaryStageWindow   - Scaled ratio: (1.0, 1.0)
18:39:46.558 [JavaFX Application Thread] DEBUG PrimaryStageWindow   - Scene size: 900.0 x 700.0
18:39:46.559 [JavaFX Application Thread] DEBUG PrimaryStageWindow   - Stage size: 914.4000244140625 x 737.5999755859375
18:39:46.563 [FXGL Background Thread 1 ] DEBUG Engine               - Initializing environment variables
18:39:46.601 [FXGL Background Thread 1 ] DEBUG FXGLAssetLoaderServi - User app class for loading assets: class com.example.tutorial.BasicGameApp
18:39:46.601 [FXGL Background Thread 1 ] DEBUG GameApplicationServi - Applying CSS: fxgl_dark.css
18:39:46.602 [FXGL Background Thread 1 ] DEBUG FXGLAssetLoaderServi - Loading from file system: jar:file:/C:/Users/Alexey/.m2/repository/com/github/almasb/fxgl/17.1/fxgl-17.1.jar!/fxglassets/ui/css/fxgl_dark.css
18:39:46.629 [FXGL Background Thread 1 ] DEBUG GameApplicationServi - Initializing application scenes
18:39:46.672 [FXGL Background Thread 1 ] DEBUG GameWorld            - Game world initialized
18:39:46.715 [FXGL Background Thread 1 ] DEBUG PhysicsWorld         - Physics world initialized: appHeight=700, physics.ppm=50,0
18:39:46.716 [FXGL Background Thread 1 ] DEBUG PhysicsWorld         - Using strategy: BRUTE_FORCE
18:39:46.719 [FXGL Background Thread 1 ] DEBUG GameScene            - Game scene initialized: 900x700
18:39:46.731 [FXGL Background Thread 1 ] DEBUG FXGL.DefaultMenu     - createMenuBodyGameMenu()
18:39:46.741 [FXGL Background Thread 1 ] DEBUG FXGL.DefaultMenu     - createOptionsMenu()
18:39:46.750 [FXGL Background Thread 1 ] DEBUG FXGLAssetLoaderServi - Loading from file system: jar:file:/C:/Users/Alexey/.m2/repository/com/github/almasb/fxgl/17.1/fxgl-17.1.jar!/fxglassets/textures/particles/smoke.png
18:39:46.845 [FXGL Background Thread 1 ] DEBUG FXGLAssetLoaderServi - Loading from file system: jar:file:/C:/Users/Alexey/.m2/repository/com/github/almasb/fxgl/17.1/fxgl-17.1.jar!/fxglassets/textures/particles/trace_horizontal.png
18:39:46.867 [FXGL Background Thread 1 ] DEBUG GameApplicationServi - Application scenes initialized
18:39:46.877 [FXGL Background Thread 1 ] DEBUG SystemBundleService  - Loading FXGL system data
18:39:46.880 [FXGL Background Thread 1 ] DEBUG FileSystemAccess     - Reading from: C:\Users\Alexey\IdeaProjects\Testing with FXGL\system\fxgl.bundle
18:39:46.887 [FXGL Background Thread 1 ] DEBUG SystemBundleService  - Bundle FXGL: {}
18:39:46.887 [FXGL Background Thread 1 ] DEBUG UpdaterService       - Checking for updates
18:39:46.890 [FXGL Background Thread 4 ] DEBUG FXGLApplication      - Loading fonts
18:39:46.891 [FXGL Background Thread 1 ] DEBUG FXGLApplication      - Loading default localization
18:39:46.891 [FXGL Background Thread 4 ] DEBUG FXGLAssetLoaderServi - Loading from file system: jar:file:/C:/Users/Alexey/.m2/repository/com/github/almasb/fxgl/17.1/fxgl-17.1.jar!/fxglassets/ui/fonts/VarelaRound-Regular.ttf
18:39:46.892 [FXGL Background Thread 1 ] DEBUG FXGLAssetLoaderServi - Loading from file system: jar:file:/C:/Users/Alexey/.m2/repository/com/github/almasb/fxgl/17.1/fxgl-17.1.jar!/fxglassets/languages/english.lang
18:39:46.926 [FXGL Background Thread 1 ] INFO  FXGLApplication      - FXGL initialization took: 0,362 sec
18:39:46.934 [JavaFX Application Thread] DEBUG Input                - Registered new binding: Stop - LMB
18:39:46.934 [JavaFX Application Thread] DEBUG FXGLAssetLoaderServi - Loading from file system: jar:file:/C:/Users/Alexey/.m2/repository/com/github/almasb/fxgl/17.1/fxgl-17.1.jar!/fxglassets/textures/fxgl_icon.png
18:39:46.945 [FXGL Background Thread 4 ] DEBUG FXGLAssetLoaderServi - Loading from file system: jar:file:/C:/Users/Alexey/.m2/repository/com/github/almasb/fxgl/17.1/fxgl-17.1.jar!/fxglassets/ui/fonts/Abel-Regular.ttf
18:39:46.948 [FXGL Background Thread 4 ] DEBUG FXGLAssetLoaderServi - Loading from file system: jar:file:/C:/Users/Alexey/.m2/repository/com/github/almasb/fxgl/17.1/fxgl-17.1.jar!/fxglassets/ui/fonts/TerminalLandMono-Regular.otf
18:39:46.951 [FXGL Background Thread 4 ] DEBUG FXGLAssetLoaderServi - Loading from file system: jar:file:/C:/Users/Alexey/.m2/repository/com/github/almasb/fxgl/17.1/fxgl-17.1.jar!/fxglassets/ui/fonts/Courier-Prime.ttf
18:39:46.952 [JavaFX Application Thread] DEBUG FXGLAssetLoaderServi - Loading from file system: jar:file:/C:/Users/Alexey/.m2/repository/com/github/almasb/fxgl/17.1/fxgl-17.1.jar!/fxglassets/textures/fxgl_default_cursor.png
18:39:46.961 [JavaFX Application Thread] DEBUG Input                - Registered new binding: Screenshot - CTRL+8
18:39:46.962 [JavaFX Application Thread] DEBUG Input                - Registered new binding: System info dump - CTRL+9
18:39:46.963 [JavaFX Application Thread] DEBUG Input                - Registered new binding: Restart - CTRL+R
18:39:46.964 [JavaFX Application Thread] DEBUG Input                - Registered new binding: Toggle Debug Camera - CTRL+7
18:39:46.968 [JavaFX Application Thread] DEBUG LoopRunner           - Starting loop
18:39:46.968 [JavaFX Application Thread] DEBUG LoopRunner           - Initializing JavaFX AnimationTimerLoop
18:39:46.971 [JavaFX Application Thread] DEBUG GameApplicationServi - Starting new game
18:39:46.972 [JavaFX Application Thread] DEBUG Input                - Clearing active input actions
18:39:46.982 [JavaFX Application Thread] DEBUG GameApplicationServi - Removing overlay from FXGLStartupScene and adding to FXGLLoadingScene
18:39:46.983 [JavaFX Application Thread] DEBUG PrimaryStageWindow   - FXGLStartupScene -> FXGLLoadingScene
18:39:46.983 [JavaFX Application Thread] DEBUG GameApplicationServi - Clearing previous game
18:39:46.983 [JavaFX Application Thread] DEBUG GameScene            - Clearing game scene
18:39:46.983 [JavaFX Application Thread] DEBUG GameWorld            - Clearing game world
18:39:46.983 [JavaFX Application Thread] DEBUG PhysicsWorld         - Clearing physics world
18:39:46.986 [FXGL Background Thread 4 ] DEBUG FXGLApplication      - Initializing game
18:39:46.986 [JavaFX Application Thread] DEBUG FXGLApplication      - Registering font factories with UI factory
18:39:46.992 [FXGL Background Thread 4 ] DEBUG FXGLAssetLoaderServi - Loading from file system: file:/C:/Users/Alexey/IdeaProjects/Testing%20with%20FXGL/target/classes/assets/textures/fondo.png
18:39:47.013 [FXGL Background Thread 4 ] DEBUG FXGLAssetLoaderServi - Loading from file system: file:/C:/Users/Alexey/IdeaProjects/Testing%20with%20FXGL/target/classes/assets/textures/mainChar.png
18:39:47.021 [FXGL Background Thread 4 ] INFO  FXGLApplication      - Game initialization took: 0,035 sec
18:39:47.042 [JavaFX Application Thread] DEBUG Input                - Clearing active input actions
18:39:47.049 [JavaFX Application Thread] DEBUG GameApplicationServi - Removing overlay from FXGLLoadingScene and adding to GameScene
18:39:47.050 [JavaFX Application Thread] DEBUG PrimaryStageWindow   - FXGLLoadingScene -> GameScene
18:39:47.301 [FXGL Background Thread 2 ] INFO  UpdaterService       - Your current version:  17.1
18:39:47.301 [FXGL Background Thread 2 ] INFO  UpdaterService       - Latest stable version: 17.2
18:39:48.457 [JavaFX Application Thread] DEBUG FXGLApplication      - Exiting FXGL
18:39:48.457 [JavaFX Application Thread] DEBUG LoopRunner           - Stopping loop
18:39:48.457 [JavaFX Application Thread] DEBUG SystemBundleService  - Saving FXGL system data
18:39:48.458 [JavaFX Application Thread] DEBUG FileSystemAccess     - Writing to: C:\Users\Alexey\IdeaProjects\Testing with FXGL\system\fxgl.bundle
18:39:48.460 [JavaFX Application Thread] DEBUG Async                - Shutting down background threads
18:39:48.460 [JavaFX Application Thread] DEBUG PrimaryStageWindow   - Closing main window
18:39:48.472 [JavaFX Application Thread] DEBUG Logger               - Closing Logger
