16:56:48.111 [main                     ] DEBUG Logger               - Configured Logger
16:56:48.128 [main                     ] DEBUG GameApplication      - Logging settings
Title: Untitled
Version: 0.0
Width: 900
Height: 700
Fullscreen: false
Intro: false
Profiling: false
Single step:false
App Mode: DEVELOPER
Menu Key: ESCAPE
Stage Style: DECORATED
Scene Factory: class com.almasb.fxgl.app.scene.SceneFactory

16:56:48.559 [JavaFX Application Thread] DEBUG FXGLApplication      - Initializing FXGL
16:56:48.561 [JavaFX Application Thread] INFO  Engine               - FXGL-17.1 (24.03.2022 17.34) on WINDOWS (J:19.0.1 FX:19-ea)
16:56:48.562 [JavaFX Application Thread] DEBUG Engine               - JRE Vendor Name: Oracle Corporation
16:56:48.562 [JavaFX Application Thread] DEBUG Engine               - Running on OS: Windows 11 version 10.0
16:56:48.562 [JavaFX Application Thread] DEBUG Engine               - Architecture: amd64
16:56:48.562 [JavaFX Application Thread] INFO  Engine               - Source code and latest versions at: https://github.com/AlmasB/FXGL
16:56:48.562 [JavaFX Application Thread] INFO  Engine               -       Ask questions and discuss at: https://github.com/AlmasB/FXGL/discussions
16:56:48.562 [JavaFX Application Thread] INFO  Engine               -              Join the FXGL chat at: https://gitter.im/AlmasB/FXGL
16:56:48.633 [JavaFX Application Thread] DEBUG PrimaryStageWindow   - Creating a JavaFX scene
16:56:48.665 [JavaFX Application Thread] DEBUG PrimaryStageWindow   - Target settings size: 900.0 x 700.0
16:56:48.665 [JavaFX Application Thread] DEBUG PrimaryStageWindow   - Scaled scene size:    900.0 x 700.0
16:56:48.665 [JavaFX Application Thread] DEBUG PrimaryStageWindow   - Scaled ratio: (1.0, 1.0)
16:56:48.666 [JavaFX Application Thread] DEBUG PrimaryStageWindow   - Set initial scene to FXGLStartupScene
16:56:48.671 [JavaFX Application Thread] DEBUG PrimaryStageWindow   - Opening main window
16:56:48.734 [JavaFX Application Thread] DEBUG PrimaryStageWindow   - Window border size: (14.4000244140625, 37.5999755859375)
16:56:48.734 [JavaFX Application Thread] DEBUG PrimaryStageWindow   - Scaled size: 900.0 x 700.0
16:56:48.734 [JavaFX Application Thread] DEBUG PrimaryStageWindow   - Scaled ratio: (1.0, 1.0)
16:56:48.735 [JavaFX Application Thread] DEBUG PrimaryStageWindow   - Scene size: 900.0 x 700.0
16:56:48.735 [JavaFX Application Thread] DEBUG PrimaryStageWindow   - Stage size: 914.4000244140625 x 737.5999755859375
16:56:48.740 [FXGL Background Thread 1 ] DEBUG Engine               - Initializing environment variables
16:56:48.780 [FXGL Background Thread 1 ] DEBUG FXGLAssetLoaderServi - User app class for loading assets: class com.example.tutorial.BasicGameApp
16:56:48.780 [FXGL Background Thread 1 ] DEBUG GameApplicationServi - Applying CSS: fxgl_dark.css
16:56:48.781 [FXGL Background Thread 1 ] DEBUG FXGLAssetLoaderServi - Loading from file system: jar:file:/C:/Users/Alexey/.m2/repository/com/github/almasb/fxgl/17.1/fxgl-17.1.jar!/fxglassets/ui/css/fxgl_dark.css
16:56:48.808 [FXGL Background Thread 1 ] DEBUG GameApplicationServi - Initializing application scenes
16:56:48.855 [FXGL Background Thread 1 ] DEBUG GameWorld            - Game world initialized
16:56:48.899 [FXGL Background Thread 1 ] DEBUG PhysicsWorld         - Physics world initialized: appHeight=700, physics.ppm=50,0
16:56:48.900 [FXGL Background Thread 1 ] DEBUG PhysicsWorld         - Using strategy: BRUTE_FORCE
16:56:48.903 [FXGL Background Thread 1 ] DEBUG GameScene            - Game scene initialized: 900x700
16:56:48.916 [FXGL Background Thread 1 ] DEBUG FXGL.DefaultMenu     - createMenuBodyGameMenu()
16:56:48.926 [FXGL Background Thread 1 ] DEBUG FXGL.DefaultMenu     - createOptionsMenu()
16:56:48.936 [FXGL Background Thread 1 ] DEBUG FXGLAssetLoaderServi - Loading from file system: jar:file:/C:/Users/Alexey/.m2/repository/com/github/almasb/fxgl/17.1/fxgl-17.1.jar!/fxglassets/textures/particles/smoke.png
16:56:49.052 [FXGL Background Thread 1 ] DEBUG FXGLAssetLoaderServi - Loading from file system: jar:file:/C:/Users/Alexey/.m2/repository/com/github/almasb/fxgl/17.1/fxgl-17.1.jar!/fxglassets/textures/particles/trace_horizontal.png
16:56:49.073 [FXGL Background Thread 1 ] DEBUG GameApplicationServi - Application scenes initialized
16:56:49.083 [FXGL Background Thread 1 ] DEBUG SystemBundleService  - Loading FXGL system data
16:56:49.086 [FXGL Background Thread 1 ] DEBUG FileSystemAccess     - Reading from: C:\Users\Alexey\IdeaProjects\Testing with FXGL\system\fxgl.bundle
16:56:49.093 [FXGL Background Thread 1 ] DEBUG SystemBundleService  - Bundle FXGL: {}
16:56:49.093 [FXGL Background Thread 1 ] DEBUG UpdaterService       - Checking for updates
16:56:49.096 [FXGL Background Thread 4 ] DEBUG FXGLApplication      - Loading fonts
16:56:49.097 [FXGL Background Thread 4 ] DEBUG FXGLAssetLoaderServi - Loading from file system: jar:file:/C:/Users/Alexey/.m2/repository/com/github/almasb/fxgl/17.1/fxgl-17.1.jar!/fxglassets/ui/fonts/VarelaRound-Regular.ttf
16:56:49.097 [FXGL Background Thread 1 ] DEBUG FXGLApplication      - Loading default localization
16:56:49.097 [FXGL Background Thread 1 ] DEBUG FXGLAssetLoaderServi - Loading from file system: jar:file:/C:/Users/Alexey/.m2/repository/com/github/almasb/fxgl/17.1/fxgl-17.1.jar!/fxglassets/languages/english.lang
16:56:49.139 [FXGL Background Thread 1 ] INFO  FXGLApplication      - FXGL initialization took: 0,398 sec
16:56:49.140 [JavaFX Application Thread] DEBUG FXGLAssetLoaderServi - Loading from file system: jar:file:/C:/Users/Alexey/.m2/repository/com/github/almasb/fxgl/17.1/fxgl-17.1.jar!/fxglassets/textures/fxgl_icon.png
16:56:49.145 [FXGL Background Thread 4 ] DEBUG FXGLAssetLoaderServi - Loading from file system: jar:file:/C:/Users/Alexey/.m2/repository/com/github/almasb/fxgl/17.1/fxgl-17.1.jar!/fxglassets/ui/fonts/Abel-Regular.ttf
16:56:49.147 [FXGL Background Thread 4 ] DEBUG FXGLAssetLoaderServi - Loading from file system: jar:file:/C:/Users/Alexey/.m2/repository/com/github/almasb/fxgl/17.1/fxgl-17.1.jar!/fxglassets/ui/fonts/TerminalLandMono-Regular.otf
16:56:49.150 [FXGL Background Thread 4 ] DEBUG FXGLAssetLoaderServi - Loading from file system: jar:file:/C:/Users/Alexey/.m2/repository/com/github/almasb/fxgl/17.1/fxgl-17.1.jar!/fxglassets/ui/fonts/Courier-Prime.ttf
16:56:49.158 [JavaFX Application Thread] DEBUG FXGLAssetLoaderServi - Loading from file system: jar:file:/C:/Users/Alexey/.m2/repository/com/github/almasb/fxgl/17.1/fxgl-17.1.jar!/fxglassets/textures/fxgl_default_cursor.png
16:56:49.175 [JavaFX Application Thread] DEBUG Input                - Registered new binding: Screenshot - CTRL+8
16:56:49.176 [JavaFX Application Thread] DEBUG Input                - Registered new binding: System info dump - CTRL+9
16:56:49.176 [JavaFX Application Thread] DEBUG Input                - Registered new binding: Restart - CTRL+R
16:56:49.178 [JavaFX Application Thread] DEBUG Input                - Registered new binding: Toggle Debug Camera - CTRL+7
16:56:49.183 [JavaFX Application Thread] DEBUG LoopRunner           - Starting loop
16:56:49.183 [JavaFX Application Thread] DEBUG LoopRunner           - Initializing JavaFX AnimationTimerLoop
16:56:49.187 [JavaFX Application Thread] DEBUG GameApplicationServi - Starting new game
16:56:49.187 [JavaFX Application Thread] DEBUG Input                - Clearing active input actions
16:56:49.199 [JavaFX Application Thread] DEBUG GameApplicationServi - Removing overlay from FXGLStartupScene and adding to FXGLLoadingScene
16:56:49.199 [JavaFX Application Thread] DEBUG PrimaryStageWindow   - FXGLStartupScene -> FXGLLoadingScene
16:56:49.199 [JavaFX Application Thread] DEBUG GameApplicationServi - Clearing previous game
16:56:49.200 [JavaFX Application Thread] DEBUG GameScene            - Clearing game scene
16:56:49.200 [JavaFX Application Thread] DEBUG GameWorld            - Clearing game world
16:56:49.200 [JavaFX Application Thread] DEBUG PhysicsWorld         - Clearing physics world
16:56:49.202 [FXGL Background Thread 4 ] DEBUG FXGLApplication      - Initializing game
16:56:49.204 [JavaFX Application Thread] DEBUG FXGLApplication      - Registering font factories with UI factory
16:56:49.210 [FXGL Background Thread 4 ] DEBUG FXGLAssetLoaderServi - Loading from file system: file:/C:/Users/Alexey/IdeaProjects/Testing%20with%20FXGL/target/classes/assets/textures/fondo.png
16:56:49.232 [FXGL Background Thread 4 ] DEBUG FXGLAssetLoaderServi - Loading from file system: file:/C:/Users/Alexey/IdeaProjects/Testing%20with%20FXGL/target/classes/assets/textures/mainChar.png
16:56:49.240 [FXGL Background Thread 4 ] INFO  FXGLApplication      - Game initialization took: 0,037 sec
16:56:49.267 [JavaFX Application Thread] DEBUG Input                - Clearing active input actions
16:56:49.277 [JavaFX Application Thread] DEBUG GameApplicationServi - Removing overlay from FXGLLoadingScene and adding to GameScene
16:56:49.277 [JavaFX Application Thread] DEBUG PrimaryStageWindow   - FXGLLoadingScene -> GameScene
16:56:51.059 [JavaFX Application Thread] DEBUG FXGLApplication      - Exiting FXGL
16:56:51.059 [JavaFX Application Thread] DEBUG LoopRunner           - Stopping loop
16:56:51.059 [JavaFX Application Thread] DEBUG SystemBundleService  - Saving FXGL system data
16:56:51.061 [JavaFX Application Thread] DEBUG FileSystemAccess     - Writing to: C:\Users\Alexey\IdeaProjects\Testing with FXGL\system\fxgl.bundle
16:56:51.062 [JavaFX Application Thread] DEBUG Async                - Shutting down background threads
16:56:51.063 [JavaFX Application Thread] DEBUG PrimaryStageWindow   - Closing main window
16:56:51.077 [JavaFX Application Thread] DEBUG Logger               - Closing Logger
